type help for help
{ (-16, 2) (-25, -26) (0, -8) } trig:269.00
{ (4, -30) (-7, 9) (23, 2) } trig:546.50
{ (-16, 25) (20, -2) (9, 31) } trig:445.50
{ (12, 6) (-26, 3) (-6, -24) } trig:543.00
{ (-10, -27) (-29, -26) (11, -18) } trig:96.00
{ (24, -9) (28, 19) (25, 24) } trig:52.00
{ (15, 30) (-2, 16) (-9, 11) } trig:6.50
{ (23, 22) (-2, -12) (14, 0) } trig:122.00
{ (-27, -21) (-28, 1) (1, -5) } trig:316.00
{ (-8, 3) (-4, 10) (-1, -21) } trig:72.50
{ (14, 15) (-13, 15) (25, -22) } trig:499.50
{ (20, 27) (10, 7) (0, 20) } trig:165.00
{ (-19, -5) (-5, 0) (15, -13) } trig:141.00
{ (18, -16) (-16, 31) (-20, -26) } trig:1063.00
{ (9, -15) (29, 7) (-24, 23) } trig:743.00
{ (22, 18) (10, -26) (-30, -16) } trig:940.00
{ (-12, 14) (-27, -11) (21, -18) } trig:652.50
{ (23, 29) (0, -13) (24, 1) } trig:343.00
{ (18, -2) (19, -14) (-7, 0) } trig:149.00
{ (-1, -8) (9, 10) (-5, 11) } trig:131.00
{ (-10, -10) (-25, -5) (22, -15) } trig:42.50
{ (14, -27) (30, -31) (-31, -14) } trig:14.00
{ (28, -4) (-29, -15) (18, -28) } trig:629.00
{ (20, -11) (-27, -28) (-18, -10) } trig:346.50
{ (18, -22) (-3, 10) (2, -26) } trig:298.00
{ (-18, 9) (18, -18) (26, -24) } trig:0.00
{ (29, -12) (22, -14) (1, -17) } trig:10.50
{ (5, -29) (-3, -11) (0, 2) } trig:79.00
{ (-24, -15) (-31, 18) (7, 8) } trig:592.00
{ (-26, -18) (-19, 23) (-21, -2) } trig:46.50
{ (20, 4) (16, 28) (-3, 12) } trig:260.00
{ (0, 6) (19, -24) (-2, 0) } trig:87.00
{ (0, 30) (1, 3) (29, 0) } trig:376.50
{ (2, 12) (-20, 7) (-19, -9) } trig:178.50
{ (28, -30) (-29, 1) (0, -27) } trig:348.50
{ (-25, -16) (21, 7) (17, 1) } trig:92.00
{ (18, 0) (-5, -26) (-16, -30) } trig:97.00
{ (-1, -1) (31, 22) (25, 12) } trig:91.00
{ (25, 22) (26, 20) (0, -12) } trig:42.00
{ (-24, -11) (12, 9) (13, -15) } trig:442.00
{ (-5, 20) (20, -21) (-26, -18) } trig:905.50
{ (29, -22) (-1, -13) (-14, -22) } trig:193.50
{ (-12, -27) (-24, -24) (5, 19) } trig:301.50
{ (-18, 6) (18, -7) (0, 16) } trig:297.00
{ (-23, -14) (11, 17) (28, -17) } trig:841.50
{ (25, -10) (2, 6) (-26, 8) } trig:201.00
{ (-5, -27) (14, 15) (24, -18) } trig:523.50
{ (19, -10) (-9, -21) (-27, -1) } trig:379.00
{ (-16, -20) (30, 26) (9, 30) } trig:575.00
{ (16, 2) (-17, 13) (25, -2) } trig:16.50
 n: disk_ops: 1



{ (-18, 9) (18, -18) (26, -24) } trig:0.00
{ (15, 30) (-2, 16) (-9, 11) } trig:6.50
{ (29, -12) (22, -14) (1, -17) } trig:10.50
{ (14, -27) (30, -31) (-31, -14) } trig:14.00
{ (16, 2) (-17, 13) (25, -2) } trig:16.50
{ (25, 22) (26, 20) (0, -12) } trig:42.00
{ (-10, -10) (-25, -5) (22, -15) } trig:42.50
{ (-26, -18) (-19, 23) (-21, -2) } trig:46.50
{ (24, -9) (28, 19) (25, 24) } trig:52.00
{ (-8, 3) (-4, 10) (-1, -21) } trig:72.50
{ (5, -29) (-3, -11) (0, 2) } trig:79.00
{ (0, 6) (19, -24) (-2, 0) } trig:87.00
{ (-1, -1) (31, 22) (25, 12) } trig:91.00
{ (-25, -16) (21, 7) (17, 1) } trig:92.00
{ (-10, -27) (-29, -26) (11, -18) } trig:96.00
{ (18, 0) (-5, -26) (-16, -30) } trig:97.00
{ (23, 22) (-2, -12) (14, 0) } trig:122.00
{ (-1, -8) (9, 10) (-5, 11) } trig:131.00
{ (-19, -5) (-5, 0) (15, -13) } trig:141.00
{ (18, -2) (19, -14) (-7, 0) } trig:149.00
{ (20, 27) (10, 7) (0, 20) } trig:165.00
{ (2, 12) (-20, 7) (-19, -9) } trig:178.50
{ (29, -22) (-1, -13) (-14, -22) } trig:193.50
{ (25, -10) (2, 6) (-26, 8) } trig:201.00
{ (20, 4) (16, 28) (-3, 12) } trig:260.00
{ (-16, 2) (-25, -26) (0, -8) } trig:269.00
{ (-18, 6) (18, -7) (0, 16) } trig:297.00
{ (18, -22) (-3, 10) (2, -26) } trig:298.00
{ (-12, -27) (-24, -24) (5, 19) } trig:301.50
{ (-27, -21) (-28, 1) (1, -5) } trig:316.00
{ (23, 29) (0, -13) (24, 1) } trig:343.00
{ (20, -11) (-27, -28) (-18, -10) } trig:346.50
{ (28, -30) (-29, 1) (0, -27) } trig:348.50
{ (0, 30) (1, 3) (29, 0) } trig:376.50
{ (19, -10) (-9, -21) (-27, -1) } trig:379.00
{ (-24, -11) (12, 9) (13, -15) } trig:442.00
{ (-16, 25) (20, -2) (9, 31) } trig:445.50
{ (14, 15) (-13, 15) (25, -22) } trig:499.50
{ (-5, -27) (14, 15) (24, -18) } trig:523.50
{ (12, 6) (-26, 3) (-6, -24) } trig:543.00
{ (4, -30) (-7, 9) (23, 2) } trig:546.50
{ (-16, -20) (30, 26) (9, 30) } trig:575.00
{ (-24, -15) (-31, 18) (7, 8) } trig:592.00
{ (28, -4) (-29, -15) (18, -28) } trig:629.00
{ (-12, 14) (-27, -11) (21, -18) } trig:652.50
{ (9, -15) (29, 7) (-24, 23) } trig:743.00
{ (-23, -14) (11, 17) (28, -17) } trig:841.50
{ (-5, 20) (20, -21) (-26, -18) } trig:905.50
{ (22, 18) (10, -26) (-30, -16) } trig:940.00
{ (18, -16) (-16, 31) (-20, -26) } trig:1063.00
 n: 50 disk_ops: 1

end info:
number of phases: 5
disk operations: 30
teoretical values: 
number of phases: 5
disk operations: 1
