type help for help
{ (-30, 31) (-17, -12) (10, 22) } trig:801.50
{ (13, -30) (23, -5) (19, 0) } trig:75.00
{ (29, 4) (24, 7) (8, -27) } trig:109.00
{ (8, 7) (0, 18) (27, 5) } trig:96.50
{ (-21, 13) (-26, 21) (20, -21) } trig:79.00
{ (27, -17) (-11, 25) (17, 14) } trig:379.00
{ (19, -29) (-30, -14) (2, -23) } trig:19.50
{ (-16, -25) (-27, 3) (-5, -7) } trig:253.00
{ (-27, -25) (-13, 2) (4, 21) } trig:96.50
{ (24, -23) (24, -16) (-23, -21) } trig:164.50
{ (24, 20) (-19, -15) (2, 21) } trig:406.50
{ (4, -29) (-10, 24) (-7, 9) } trig:25.50
{ (-28, 16) (-25, -2) (-19, -23) } trig:22.50
{ (-13, 9) (6, 26) (-4, 10) } trig:67.00
{ (-25, -2) (-30, -24) (-6, 29) } trig:131.50
{ (11, -7) (23, -18) (27, -19) } trig:16.00
{ (25, 0) (14, -15) (3, -1) } trig:159.50
{ (-6, 19) (9, 30) (3, 10) } trig:117.00
{ (20, 19) (9, 0) (-3, 4) } trig:136.00
{ (-5, -21) (8, 0) (8, 1) } trig:6.50
{ (-7, -31) (16, -20) (-13, 31) } trig:746.00
{ (-28, 2) (28, -30) (3, -16) } trig:8.00
{ (4, -18) (14, 2) (0, 13) } trig:195.00
{ (-4, -16) (-8, -11) (31, -22) } trig:75.50
{ (-3, -31) (-8, 26) (-26, -18) } trig:623.00
{ (-2, -24) (-19, -1) (10, 22) } trig:529.00
{ (-30, 17) (-25, 27) (8, -26) } trig:297.50
{ (-18, 30) (8, 11) (-15, -25) } trig:686.50
{ (-3, -27) (8, -23) (23, 24) } trig:228.50
{ (6, -23) (10, 6) (-18, 21) } trig:436.00
{ (-18, -15) (-16, 12) (-24, -10) } trig:86.00
{ (-10, 0) (-27, -26) (-6, 22) } trig:135.00
{ (-31, -14) (27, -6) (4, -13) } trig:111.00
{ (12, -7) (-22, -16) (-10, 7) } trig:337.00
{ (-10, 27) (-22, 25) (19, -26) } trig:347.00
{ (-22, -7) (4, 11) (-5, 10) } trig:68.00
{ (19, 6) (-15, -18) (29, 24) } trig:186.00
{ (25, -27) (-25, -31) (-22, -6) } trig:619.00
{ (-20, -24) (21, 3) (-25, -22) } trig:108.50
{ (2, 17) (-7, 21) (11, 6) } trig:31.50
{ (-1, -29) (-31, 2) (26, -17) } trig:598.50
{ (-2, 1) (-15, 6) (-23, -27) } trig:234.50
{ (-19, 9) (14, -23) (-15, 26) } trig:344.50
{ (-2, 19) (2, -27) (20, -6) } trig:456.00
{ (-29, 30) (23, -11) (4, -2) } trig:155.50
{ (-7, -4) (25, -26) (-25, 0) } trig:134.00
{ (17, 30) (-10, 7) (-4, -3) } trig:204.00
{ (-19, -18) (-23, -16) (-18, 23) } trig:83.00
{ (30, 1) (-9, 17) (-6, 8) } trig:151.50
{ (13, 18) (-26, -28) (10, -23) } trig:730.50
{ (-27, -18) (22, -2) (16, 8) } trig:293.00
{ (29, 6) (7, -20) (2, 9) } trig:384.00
{ (-23, -20) (-23, 24) (11, -12) } trig:748.00
{ (17, 10) (-9, 25) (-25, 6) } trig:367.00
{ (17, 3) (13, 11) (21, -30) } trig:50.00
{ (-18, 13) (24, -22) (7, -8) } trig:3.50
{ (23, 9) (5, -22) (-29, 22) } trig:923.00
{ (-9, 16) (11, 20) (-15, 14) } trig:8.00
{ (-3, 16) (-19, -2) (24, -26) } trig:579.00
{ (-6, 19) (-3, 29) (19, 8) } trig:141.50
{ (16, 26) (-12, 4) (2, -14) } trig:406.00
{ (5, -24) (19, 15) (-15, -14) } trig:460.00
{ (-14, 7) (11, 0) (5, 27) } trig:316.50
{ (17, -15) (-23, 2) (22, 3) } trig:402.50
{ (-9, -30) (4, -7) (2, 5) } trig:101.00
{ (-28, 25) (-10, 29) (-26, 27) } trig:14.00
{ (-12, -16) (10, 30) (28, 7) } trig:667.00
{ (-2, 24) (-2, -18) (-8, -16) } trig:126.00
{ (-20, 0) (30, 9) (-31, 18) } trig:499.50
{ (10, -12) (16, -21) (18, -29) } trig:15.00
{ (-23, 7) (-9, 26) (-27, 3) } trig:10.00
{ (0, -11) (-5, -27) (-4, 5) } trig:72.00
{ (-8, -14) (0, 14) (-15, 7) } trig:182.00
{ (1, -3) (-14, -11) (-29, -29) } trig:75.00
{ (-11, 31) (-30, 10) (2, 4) } trig:393.00
{ (-18, -25) (-11, 19) (-22, 0) } trig:175.50
{ (-15, 17) (4, 7) (-12, -9) } trig:232.00
{ (-30, -15) (-3, 21) (-2, 31) } trig:117.00
{ (4, -24) (-6, -26) (7, 28) } trig:257.00
{ (28, 7) (24, -4) (14, 30) } trig:123.00
{ (-4, -3) (10, 21) (-1, -22) } trig:169.00
{ (-13, -5) (27, -29) (-1, -22) } trig:196.00
{ (16, -20) (7, 16) (15, 6) } trig:99.00
{ (-25, 1) (-27, -1) (16, -10) } trig:52.00
{ (-3, 9) (-24, -18) (6, -10) } trig:321.00
{ (-11, -19) (-23, 13) (24, 18) } trig:782.00
{ (0, 28) (-31, 29) (-26, 19) } trig:152.50
{ (-8, 27) (-7, 13) (-13, -1) } trig:49.00
{ (22, 16) (29, -25) (-3, 16) } trig:512.50
{ (-15, 8) (5, -5) (20, 24) } trig:387.50
{ (-6, -19) (-9, -11) (-24, 24) } trig:7.50
{ (-2, -11) (17, 12) (-6, 6) } trig:207.50
{ (-2, -19) (26, 1) (-5, 13) } trig:478.00
{ (16, -14) (-18, -3) (27, 22) } trig:672.50
{ (12, 24) (-21, -1) (12, 20) } trig:66.00
{ (-9, -21) (14, -19) (-13, 26) } trig:544.50
{ (23, 0) (-30, -27) (0, 0) } trig:310.50
{ (19, 27) (-23, 15) (-11, -8) } trig:555.00
{ (23, 20) (-7, -10) (-24, -14) } trig:195.00
{ (2, 0) (19, 10) (-20, 8) } trig:178.00
{ (18, 17) (10, -11) (29, 30) } trig:102.00
{ (-4, 11) (-9, -4) (-26, 19) } trig:185.00
{ (26, 0) (-19, -15) (-26, 1) } trig:412.50
{ (31, 13) (-23, 21) (-8, 6) } trig:345.00
{ (0, -21) (-23, 15) (18, -5) } trig:508.00
{ (17, 5) (-9, -16) (1, 29) } trig:480.00
{ (14, 27) (12, 13) (-26, 13) } trig:266.00
{ (28, -28) (31, -30) (-12, 10) } trig:17.00
{ (2, 30) (-11, -23) (19, -11) } trig:717.00
{ (-5, -23) (31, -25) (-12, 15) } trig:677.00
{ (-30, 11) (-7, 5) (29, 18) } trig:257.50
{ (31, 11) (-12, -29) (-1, 15) } trig:726.00
{ (-23, -5) (5, 16) (7, 8) } trig:133.00
{ (-27, -8) (28, 2) (22, -22) } trig:630.00
{ (17, 2) (3, -29) (-7, -2) } trig:344.00
{ (14, 1) (12, 27) (28, -12) } trig:169.00
{ (25, -6) (11, 1) (-2, 30) } trig:157.50
{ (-28, -15) (3, -11) (29, -20) } trig:191.50
{ (-16, -29) (-7, -8) (-19, -29) } trig:31.50
{ (-10, 18) (20, -22) (8, -4) } trig:30.00
{ (-12, 14) (24, 2) (18, -25) } trig:522.00
{ (-13, 6) (-11, 6) (-15, -29) } trig:35.00
{ (-12, 0) (4, 27) (-28, -3) } trig:192.00
{ (-11, -1) (-31, 19) (7, 24) } trig:430.00
{ (11, 7) (-5, -10) (15, 0) } trig:90.00
{ (14, 11) (21, 3) (-21, 20) } trig:108.50
{ (8, -21) (-31, 28) (-23, 30) } trig:235.00
{ (13, -20) (18, -20) (-17, -2) } trig:45.00
{ (-9, 30) (-5, 1) (6, -24) } trig:109.50
{ (21, -12) (14, -11) (-23, -25) } trig:67.50
{ (-28, -27) (0, -17) (8, -31) } trig:236.00
{ (27, 0) (20, 13) (17, 12) } trig:23.00
{ (-21, 8) (-6, 7) (-19, 9) } trig:8.50
{ (28, 29) (11, 24) (8, 5) } trig:154.00
{ (16, -4) (23, -31) (7, 19) } trig:41.00
{ (18, -9) (-8, 31) (20, -24) } trig:155.00
{ (0, 16) (28, 1) (30, -7) } trig:97.00
{ (-17, -14) (22, -24) (15, -15) } trig:140.50
{ (0, -5) (-13, -25) (2, 3) } trig:32.00
{ (-9, -9) (-4, 4) (-4, -2) } trig:15.00
{ (23, 11) (0, 4) (-2, -18) } trig:246.00
{ (-18, -25) (28, -15) (16, -25) } trig:170.00
{ (5, 6) (26, 23) (30, 12) } trig:149.50
{ (4, -26) (-14, 0) (7, -17) } trig:120.00
{ (0, 1) (4, -8) (-3, -9) } trig:33.50
{ (10, -1) (6, 21) (22, 30) } trig:194.00
{ (4, -13) (27, 5) (-30, 27) } trig:766.00
{ (6, 17) (-15, -9) (-28, -24) } trig:11.50
{ (-9, -27) (-6, 14) (-25, 21) } trig:400.00
{ (-17, -11) (27, -19) (27, 11) } trig:660.00
{ (-20, -25) (11, 11) (-20, 21) } trig:713.00
{ (28, 8) (-23, 18) (-23, 27) } trig:229.50
{ (7, -30) (-9, 30) (5, 22) } trig:356.00
{ (27, 26) (9, -21) (5, 29) } trig:544.00
{ (-17, 3) (15, -20) (26, 24) } trig:830.50
{ (-10, 18) (30, -24) (-27, -25) } trig:1217.00
{ (29, 0) (1, -15) (-15, 29) } trig:736.00
{ (-25, -7) (-4, 24) (-28, -3) } trig:88.50
{ (23, 7) (-2, -21) (-26, 20) } trig:848.50
{ (28, -10) (-27, -13) (18, 24) } trig:950.00
{ (17, -1) (22, 26) (-12, -8) } trig:374.00
{ (-24, -22) (20, 26) (25, -1) } trig:714.00
{ (17, -28) (-2, -15) (-21, 14) } trig:152.00
{ (9, 7) (19, 11) (-28, 25) } trig:164.00
{ (-30, 19) (27, 0) (-22, 2) } trig:408.50
{ (-11, 10) (30, -25) (19, 19) } trig:709.50
{ (31, 7) (-23, -26) (-21, 3) } trig:750.00
{ (-16, 23) (-9, -14) (5, 26) } trig:399.00
{ (-11, -30) (-5, -23) (19, -25) } trig:90.00
{ (-15, -23) (28, -10) (23, -30) } trig:397.50
{ (-30, 13) (-2, -23) (10, -20) } trig:258.00
{ (6, -6) (-18, -15) (29, -31) } trig:403.50
{ (-27, -4) (7, -8) (5, -20) } trig:208.00
{ (15, 13) (6, 3) (-4, 25) } trig:149.00
{ (-13, 31) (13, -19) (24, 23) } trig:821.00
{ (-23, -4) (0, -7) (-2, -11) } trig:49.00
{ (-3, 26) (-24, -9) (31, -6) } trig:931.00
{ (1, -24) (-21, 23) (-3, 7) } trig:247.00
{ (3, 10) (18, 28) (-19, 14) } trig:228.00
{ (23, 2) (30, -9) (-26, 24) } trig:192.50
{ (-25, -8) (31, -17) (6, -10) } trig:83.50
{ (-1, 8) (14, 6) (24, 12) } trig:55.00
{ (-5, 8) (-27, 28) (20, 23) } trig:415.00
{ (-21, 0) (17, -25) (15, -16) } trig:146.00
{ (-2, -21) (-22, 19) (-2, 25) } trig:460.00
{ (17, 29) (20, -15) (22, 18) } trig:93.50
{ (21, 4) (2, 22) (-24, 13) } trig:319.50
{ (-19, 4) (-5, -30) (12, -27) } trig:310.00
{ (19, -12) (12, -11) (26, -19) } trig:21.00
{ (-18, 1) (21, 21) (-28, -6) } trig:36.50
{ (-27, 18) (0, 24) (-21, 15) } trig:58.50
{ (22, -20) (28, 0) (14, 8) } trig:164.00
{ (-9, -21) (-2, 1) (-6, -22) } trig:36.50
{ (-29, -5) (-7, 7) (17, 31) } trig:120.00
{ (15, 27) (5, -8) (-3, -19) } trig:85.00
{ (23, -6) (23, -15) (-31, 29) } trig:243.00
{ (18, -31) (-28, -7) (-4, 31) } trig:1162.00
{ (-11, -12) (19, 25) (27, 28) } trig:103.00
{ (-4, 30) (-25, -24) (-5, 18) } trig:99.00
{ (-26, -23) (7, -25) (12, -15) } trig:170.00
{ (-3, 6) (19, 14) (-2, -23) } trig:323.00
{ (-25, -28) (4, 12) (-10, -7) } trig:4.50
{ (16, 6) (5, 18) (31, 24) } trig:189.00
{ (-7, -15) (-10, -8) (29, 16) } trig:172.50
{ (13, -20) (-8, 20) (-3, -23) } trig:351.50
{ (-25, 7) (28, -19) (-12, -30) } trig:811.50
{ (-30, -4) (-14, -4) (1, -4) } trig:0.00
{ (24, -25) (27, -5) (10, 14) } trig:198.50
{ (-8, -29) (-27, -22) (7, -29) } trig:52.50
{ (25, 5) (-4, 8) (-5, -2) } trig:146.50
{ (-30, -22) (-14, 28) (29, 19) } trig:1147.00
{ (-1, 9) (-4, -18) (9, 3) } trig:144.00
{ (12, 4) (7, -5) (-17, -2) } trig:115.50
{ (9, 23) (-15, 22) (-22, -6) } trig:332.50
{ (-3, -1) (-2, -17) (-19, -27) } trig:141.00
{ (16, -19) (-25, -12) (2, 0) } trig:340.50
{ (15, 20) (5, -30) (-24, 10) } trig:925.00
{ (-20, -27) (-19, -2) (5, 11) } trig:293.50
{ (26, -15) (11, -10) (-2, -26) } trig:152.50
{ (-4, 25) (-13, -23) (-3, 10) } trig:91.50
{ (21, -19) (-21, 1) (-13, -23) } trig:424.00
{ (-16, 27) (20, -16) (19, -2) } trig:230.50
{ (26, 2) (-15, -10) (-4, -24) } trig:353.00
{ (-8, 7) (4, 15) (21, -4) } trig:182.00
{ (-8, -17) (-20, 18) (1, 12) } trig:331.50
{ (18, -23) (31, 5) (22, 21) } trig:230.00
{ (-10, -6) (-10, -12) (19, -10) } trig:87.00
{ (-11, 21) (-10, 15) (5, -8) } trig:33.50
{ (-25, 13) (-20, 30) (14, 12) } trig:334.00
{ (6, -12) (1, -7) (23, -29) } trig:0.00
{ (1, -31) (-5, -3) (-2, -25) } trig:24.00
{ (-2, 31) (-31, -11) (-4, 16) } trig:175.50
{ (-15, -8) (-6, -31) (-28, -1) } trig:118.00
{ (11, -10) (-30, -28) (9, -12) } trig:23.00
{ (-6, -26) (22, -4) (17, 1) } trig:125.00
{ (20, 9) (13, -6) (-10, 5) } trig:211.00
{ (-23, -21) (-26, -14) (-10, -20) } trig:47.00
{ (15, 28) (-31, 14) (8, 2) } trig:549.00
{ (-4, 5) (-31, 26) (28, -2) } trig:241.50
{ (5, -24) (-6, -22) (7, 14) } trig:211.00
{ (-28, 12) (-24, -11) (25, -24) } trig:537.50
{ (21, 23) (-26, -14) (-20, 29) } trig:899.50
{ (17, -27) (18, 18) (-31, -25) } trig:1081.00
{ (19, 5) (11, -30) (-10, -28) } trig:375.50
{ (-3, -27) (0, 3) (-23, 12) } trig:358.50
{ (10, 30) (-3, 4) (-21, -4) } trig:182.00
{ (23, 19) (-25, 16) (21, 19) } trig:3.00
{ (8, -10) (16, -17) (1, 12) } trig:63.50
{ (-21, 17) (-12, 30) (0, 26) } trig:96.00
{ (-29, 30) (-21, -17) (0, 22) } trig:649.50
{ (2, -10) (2, 8) (10, -25) } trig:72.00
{ (25, 19) (5, 24) (2, -5) } trig:297.50
{ (-30, 6) (-7, -21) (-30, 0) } trig:69.00
{ (11, 20) (29, -10) (11, -13) } trig:297.00
{ (14, -18) (-25, 14) (-3, -5) } trig:18.50
{ (27, -16) (17, -19) (5, -18) } trig:23.00
{ (-1, -24) (18, -31) (-10, -30) } trig:88.50
{ (-31, 14) (-19, -28) (21, 22) } trig:1140.00
{ (10, 23) (25, -3) (-12, 5) } trig:421.00
{ (20, 24) (2, 20) (10, 11) } trig:97.00
{ (3, 6) (-22, -24) (11, 4) } trig:145.00
{ (0, -29) (-27, 7) (-12, 31) } trig:594.00
{ (6, 24) (-11, -22) (4, 1) } trig:149.50
{ (25, -16) (-27, -2) (24, 0) } trig:409.00
{ (-28, -4) (-26, -11) (16, 5) } trig:163.00
{ (-27, -20) (18, -16) (5, -30) } trig:289.00
{ (6, 26) (6, -10) (30, -2) } trig:432.00
{ (16, -24) (12, -26) (29, 8) } trig:51.00
{ (30, -25) (14, 7) (-12, -27) } trig:688.00
{ (8, 7) (28, -5) (-26, -23) } trig:504.00
{ (12, 20) (-31, -7) (1, -21) } trig:733.00
{ (0, -5) (-29, -10) (1, -19) } trig:205.50
{ (-4, -13) (0, -9) (-29, -1) } trig:74.00
{ (26, 22) (-11, -15) (28, 17) } trig:129.50
{ (5, 17) (-7, -22) (27, -27) } trig:693.00
{ (-4, -19) (16, 20) (-1, 23) } trig:361.50
{ (-31, -30) (31, 30) (31, 2) } trig:868.00
{ (1, -21) (12, 29) (-22, 22) } trig:811.50
{ (18, 6) (6, 6) (3, 28) } trig:132.00
{ (20, -21) (5, -30) (16, 0) } trig:175.50
{ (-17, 30) (11, 19) (30, -16) } trig:385.50
{ (25, 27) (21, -4) (-19, 30) } trig:688.00
{ (18, -28) (31, 5) (5, -31) } trig:195.00
{ (-26, -15) (6, -20) (5, 29) } trig:781.50
{ (-7, 29) (-17, 26) (13, 6) } trig:145.00
{ (26, -6) (-11, 29) (-16, -29) } trig:1160.50
{ (-20, -20) (21, -13) (-18, -5) } trig:300.50
{ (30, -12) (26, 3) (-6, -14) } trig:274.00
{ (13, -13) (18, -29) (22, -20) } trig:54.50
{ (-23, 14) (-7, -8) (3, 17) } trig:310.00
{ (1, 10) (-17, -24) (-5, -7) } trig:51.00
{ (20, 22) (-12, 19) (-10, -4) } trig:371.00
{ (-29, 24) (-17, 31) (-5, 24) } trig:84.00
{ (-15, -30) (-31, 8) (-22, 24) } trig:299.00
{ (23, -5) (6, 3) (-19, 12) } trig:23.50
{ (11, 3) (-10, 20) (-5, 6) } trig:104.50
{ (24, -31) (-31, -26) (29, 1) } trig:892.50
{ (-6, 29) (6, -27) (6, -25) } trig:12.00
{ (2, 1) (-23, -22) (29, 1) } trig:310.50
{ (-2, 13) (-22, 18) (-11, 0) } trig:152.50
{ (22, -21) (15, -21) (-23, -21) } trig:0.00
{ (28, 10) (-14, 8) (-18, 21) } trig:277.00
{ (-26, -22) (-5, 30) (28, 3) } trig:1141.50
{ (4, 31) (14, 29) (-14, 15) } trig:98.00
{ (-10, 15) (-27, -19) (30, -24) } trig:1011.50
{ (23, 3) (-25, 11) (-20, 28) } trig:428.00
{ (29, 8) (-12, -14) (11, -13) } trig:232.50
{ (18, 16) (-2, -22) (-23, 8) } trig:699.00
{ (24, -10) (-30, -30) (16, -19) } trig:163.00
{ (-7, -29) (5, 29) (-13, 6) } trig:384.00
{ (-3, 10) (7, -21) (18, -9) } trig:230.50
{ (6, -14) (-15, -18) (0, 31) } trig:484.50
{ (-28, -27) (14, -18) (2, 18) } trig:810.00
{ (-14, 29) (31, -20) (1, 3) } trig:217.50
{ (2, 18) (-15, 31) (19, 6) } trig:8.50
{ (-22, -2) (23, -21) (31, 3) } trig:616.00
{ (28, 9) (1, -24) (-12, -26) } trig:187.50
{ (-24, -25) (18, -20) (-28, -16) } trig:199.00
{ (-2, 15) (-9, -10) (-2, 30) } trig:52.50
{ (30, -9) (-19, 24) (-5, -21) } trig:871.50
{ (-5, -10) (2, 21) (-11, 7) } trig:152.50
{ (21, -17) (31, -27) (-5, -21) } trig:150.00
{ (27, 22) (-7, 30) (-27, -4) } trig:658.00
{ (-4, -13) (29, -7) (6, -16) } trig:79.50
{ (-31, 11) (23, -1) (29, -1) } trig:36.00
{ (-3, -2) (-21, -1) (-2, 5) } trig:63.50
{ (8, 16) (26, 20) (-18, -20) } trig:272.00
{ (5, -11) (23, -9) (22, 29) } trig:343.00
{ (-10, -12) (4, 0) (28, -16) } trig:256.00
{ (-23, 11) (-14, -24) (-5, -31) } trig:126.00
{ (11, -10) (4, 9) (-23, -31) } trig:396.50
{ (15, 3) (31, -26) (8, 20) } trig:34.50
{ (26, -21) (-16, -14) (-21, 31) } trig:927.50
{ (13, 24) (29, 8) (-9, 17) } trig:232.00
{ (-11, 11) (-22, 28) (-27, -15) } trig:279.00
{ (-16, 31) (-24, 25) (-24, -26) } trig:204.00
{ (-12, -24) (20, 8) (-28, -26) } trig:224.00
{ (30, -21) (2, -8) (23, 2) } trig:276.50
{ (22, -15) (6, 18) (10, 28) } trig:146.00
{ (-22, -28) (-22, 28) (5, -16) } trig:756.00
{ (-16, -12) (20, 13) (18, -23) } trig:623.00
{ (-28, 18) (-16, 18) (14, 31) } trig:78.00
{ (9, -24) (-31, 19) (-23, -27) } trig:748.00
{ (-29, -18) (31, -29) (18, -27) } trig:11.50
{ (-30, -11) (-2, 25) (-1, 16) } trig:144.00
{ (17, 0) (30, -23) (21, -8) } trig:6.00
{ (-1, -9) (26, 2) (-11, 11) } trig:325.00
{ (-23, -5) (28, -24) (-8, -21) } trig:265.50
{ (26, -1) (5, 9) (17, 22) } trig:196.50
{ (30, 11) (-11, 5) (13, -9) } trig:359.00
{ (-22, 1) (20, -16) (29, 18) } trig:790.50
{ (-25, -6) (-24, 23) (-30, 25) } trig:88.00
{ (24, -11) (-16, 0) (-10, 15) } trig:333.00
{ (-12, -11) (9, 12) (9, 11) } trig:10.50
{ (-14, -14) (-29, 15) (13, 10) } trig:571.50
{ (11, 0) (-15, 29) (-21, 5) } trig:399.00
{ (0, 31) (26, -25) (28, 14) } trig:563.00
{ (-23, 17) (6, -9) (-14, -3) } trig:173.00
{ (17, 0) (-5, -21) (15, 0) } trig:21.00
{ (-21, 18) (2, -18) (2, 17) } trig:402.50
{ (-10, -27) (31, -8) (-11, 9) } trig:747.50
{ (-11, -23) (24, -17) (-19, 22) } trig:811.50
{ (17, -28) (21, -7) (-31, 26) } trig:612.00
{ (22, 20) (26, -23) (-5, -28) } trig:676.50
{ (23, 5) (-1, -27) (-8, -17) } trig:232.00
{ (7, 29) (16, -11) (-20, 26) } trig:553.50
{ (13, -10) (-11, 21) (20, -19) } trig:0.50
{ (0, 25) (8, 0) (-22, -13) } trig:427.00
{ (-19, 19) (-17, -20) (-30, 9) } trig:224.50
{ (11, -15) (29, -26) (-10, 23) } trig:226.50
{ (-16, 26) (15, -17) (-24, -15) } trig:807.50
{ (-6, -26) (14, 18) (-4, -19) } trig:26.00
{ (24, -12) (20, 29) (-22, 23) } trig:873.00
{ (4, 31) (23, 9) (-14, -27) } trig:749.00
{ (-1, 25) (-16, 1) (23, 16) } trig:355.50
{ (9, -11) (13, 1) (25, -24) } trig:122.00
{ (-28, -5) (28, -7) (-27, 28) } trig:925.00
{ (14, 17) (18, -16) (24, 24) } trig:179.00
{ (30, -2) (-7, -22) (-3, -3) } trig:311.50
{ (21, -26) (26, -10) (29, 15) } trig:38.50
{ (-22, 21) (-22, 0) (-1, -15) } trig:220.50
{ (-14, -22) (8, -7) (-24, -28) } trig:9.00
{ (-4, 6) (-20, -27) (-1, 1) } trig:89.50
{ (-22, 17) (-7, 10) (-26, -20) } trig:291.50
{ (-3, 26) (-17, 17) (11, -16) } trig:357.00
{ (-18, 0) (-17, -1) (15, 14) } trig:23.50
{ (-14, 3) (-22, -28) (-22, 28) } trig:224.00
{ (27, 27) (12, -27) (-26, 28) } trig:1438.50
{ (-20, 7) (0, -11) (28, -12) } trig:242.00
{ (12, 1) (-18, 29) (-11, 22) } trig:7.00
{ (18, 9) (11, 27) (4, -16) } trig:213.50
{ (3, -30) (31, -24) (14, -30) } trig:33.00
{ (-21, 14) (-19, 3) (-30, -28) } trig:91.50
{ (-28, 16) (15, 18) (-8, 12) } trig:106.00
{ (-6, 24) (16, -10) (21, 3) } trig:228.00
{ (-22, -28) (-28, -17) (-13, -21) } trig:70.50
{ (10, 14) (-5, -23) (-10, 7) } trig:317.50
{ (-31, 28) (-10, 10) (-31, -2) } trig:315.00
{ (19, 17) (30, 19) (4, 5) } trig:51.00
{ (0, 1) (10, -23) (8, 13) } trig:156.00
{ (0, 11) (24, 19) (-6, -11) } trig:240.00
{ (-10, -5) (-13, -17) (0, -27) } trig:93.00
{ (22, -28) (-24, 28) (1, 12) } trig:332.00
{ (21, -23) (0, -30) (-1, 8) } trig:402.50
{ (-8, -2) (-24, -16) (21, -15) } trig:307.00
{ (10, -20) (-25, 27) (-20, -21) } trig:722.50
{ (-12, 2) (-12, -24) (18, -29) } trig:390.00
{ (6, 5) (24, 15) (-28, 2) } trig:143.00
{ (-10, 26) (27, -22) (26, -13) } trig:142.50
{ (-7, 22) (-31, 24) (24, -24) } trig:521.00
{ (-26, 4) (-21, -10) (-8, -26) } trig:51.00
{ (-14, 14) (29, -17) (-18, 2) } trig:320.00
{ (8, 7) (-28, -10) (-6, 6) } trig:101.00
{ (10, 3) (-6, 14) (30, -21) } trig:82.00
{ (5, -3) (-12, 0) (-4, 20) } trig:182.00
{ (-16, 11) (16, 30) (24, 23) } trig:188.00
{ (-26, 20) (25, 13) (-21, 0) } trig:492.50
{ (-16, 18) (-5, -27) (-29, -10) } trig:446.50
{ (-7, -30) (-3, -6) (-11, 3) } trig:114.00
{ (22, -21) (23, 16) (-28, 9) } trig:940.00
{ (30, -1) (-17, -1) (8, -30) } trig:681.50
{ (20, 7) (-24, 17) (-26, 2) } trig:340.00
{ (25, 0) (28, -18) (31, 16) } trig:78.00
{ (-30, -19) (-2, 11) (15, -15) } trig:619.00
{ (9, 30) (-29, -11) (-31, -31) } trig:339.00
{ (12, -29) (29, 0) (-4, -23) } trig:283.00
{ (-15, 8) (-14, -18) (31, 28) } trig:608.00
{ (-19, 26) (24, 23) (-12, -3) } trig:613.00
{ (28, -22) (-29, 2) (-26, 20) } trig:549.00
{ (17, -13) (-23, -31) (23, 16) } trig:526.00
{ (13, -3) (20, 16) (-27, -3) } trig:380.00
{ (-13, -26) (-1, 29) (25, 8) } trig:841.00
{ (-7, 25) (23, 30) (-31, -20) } trig:615.00
{ (-29, -6) (-10, 13) (-9, 31) } trig:161.50
{ (-22, -3) (19, 10) (-7, -17) } trig:384.50
{ (-2, -9) (27, 11) (-13, -16) } trig:8.50
{ (1, 28) (12, 27) (1, 24) } trig:22.00
{ (2, -3) (19, -24) (-16, -3) } trig:189.00
{ (-15, 24) (24, -25) (5, -18) } trig:329.00
{ (-4, 22) (-8, -8) (25, 30) } trig:419.00
{ (-24, -24) (4, -25) (-14, 27) } trig:719.00
{ (27, -26) (0, -11) (3, -28) } trig:207.00
{ (-17, -2) (-22, -9) (-15, -2) } trig:7.00
{ (11, -4) (-10, -13) (8, -15) } trig:102.00
{ (21, 29) (-23, -27) (6, 25) } trig:332.00
{ (-23, -10) (19, 31) (3, -10) } trig:533.00
{ (17, 5) (8, 30) (2, -4) } trig:228.00
{ (-9, -8) (-28, -18) (31, 24) } trig:104.00
{ (15, -15) (-13, 0) (-5, 29) } trig:466.00
{ (-14, 17) (15, -10) (-17, -20) } trig:577.00
{ (23, -4) (-15, -8) (20, 7) } trig:215.00
{ (27, 21) (12, 29) (23, -27) } trig:376.00
{ (-6, 23) (-30, 0) (29, -21) } trig:930.50
{ (15, 1) (31, -3) (21, 9) } trig:76.00
{ (-3, -15) (29, -22) (7, 22) } trig:627.00
{ (25, 16) (27, 14) (6, -19) } trig:54.00
{ (6, 0) (-31, 24) (-30, -27) } trig:931.50
{ (21, -6) (30, 19) (-21, 28) } trig:678.00
{ (21, -20) (-29, -2) (-14, 13) } trig:510.00
{ (-19, -20) (-14, -4) (10, -19) } trig:229.50
{ (-7, 20) (-21, -26) (-23, -1) } trig:221.00
{ (18, 18) (23, -29) (-3, 11) } trig:511.00
{ (27, 20) (17, -14) (-2, 11) } trig:448.00
{ (30, -5) (-1, 23) (29, 30) } trig:528.50
{ (-7, 4) (11, -16) (18, -13) } trig:97.00
{ (-28, 27) (6, 15) (-6, -11) } trig:514.00
{ (-21, 18) (-7, 6) (23, -19) } trig:5.00
{ (-8, 25) (-16, -23) (-28, 26) } trig:484.00
{ (-20, -4) (7, 4) (0, 0) } trig:26.00
{ (30, 9) (-23, -15) (26, -12) } trig:508.50
{ (-19, -7) (-26, 5) (-4, -7) } trig:90.00
{ (27, 0) (-1, 23) (31, 4) } trig:102.00
{ (-16, 6) (-11, -12) (21, -12) } trig:288.00
{ (16, -22) (1, -25) (-25, -22) } trig:61.50
{ (-4, 22) (-1, -6) (-5, 13) } trig:27.50
{ (-28, -18) (13, -14) (29, 9) } trig:439.50
{ (11, -23) (-17, -6) (18, 8) } trig:493.50
{ (-31, -30) (11, -3) (-3, 15) } trig:567.00
{ (-22, 3) (-25, 24) (22, -8) } trig:445.50
{ (-13, 30) (-25, 23) (-24, -6) } trig:177.50
{ (1, 31) (-25, 26) (1, 12) } trig:247.00
{ (18, 30) (14, -4) (21, -13) } trig:137.00
{ (21, -29) (-28, 4) (13, 8) } trig:774.50
{ (-31, -13) (-16, 20) (26, 11) } trig:760.50
{ (1, 18) (-8, -14) (29, 7) } trig:497.50
{ (2, -25) (0, -19) (9, 26) } trig:72.00
{ (-20, -15) (-14, 0) (23, -18) } trig:331.50
{ (4, 1) (17, 22) (-6, -21) } trig:38.00
{ (-17, -6) (-26, 20) (23, -13) } trig:488.50
{ (-3, 0) (-20, -4) (29, -2) } trig:81.00
{ (22, 28) (-27, 13) (19, -6) } trig:810.50
{ (21, -22) (-24, 19) (8, 18) } trig:633.50
{ (-12, 0) (-30, -14) (15, 31) } trig:90.00
{ (4, 26) (23, -21) (27, 19) } trig:474.00
{ (-24, -8) (11, -24) (0, 31) } trig:874.50
{ (13, -3) (17, -19) (-12, 23) } trig:148.00
{ (13, -16) (-22, 15) (30, 23) } trig:946.00
{ (12, -3) (16, -15) (24, -20) } trig:38.00
{ (-11, 28) (-13, 20) (23, -11) } trig:175.00
{ (-9, 14) (16, 5) (27, -16) } trig:213.00
 n: disk_ops: 1



{ (22, -21) (15, -21) (-23, -21) } trig:0.00
{ (6, -12) (1, -7) (23, -29) } trig:0.00
{ (-30, -4) (-14, -4) (1, -4) } trig:0.00
{ (13, -10) (-11, 21) (20, -19) } trig:0.50
{ (23, 19) (-25, 16) (21, 19) } trig:3.00
{ (-18, 13) (24, -22) (7, -8) } trig:3.50
{ (-25, -28) (4, 12) (-10, -7) } trig:4.50
{ (-21, 18) (-7, 6) (23, -19) } trig:5.00
{ (17, 0) (30, -23) (21, -8) } trig:6.00
{ (-5, -21) (8, 0) (8, 1) } trig:6.50
{ (12, 1) (-18, 29) (-11, 22) } trig:7.00
{ (-17, -2) (-22, -9) (-15, -2) } trig:7.00
{ (-6, -19) (-9, -11) (-24, 24) } trig:7.50
{ (-9, 16) (11, 20) (-15, 14) } trig:8.00
{ (-28, 2) (28, -30) (3, -16) } trig:8.00
{ (2, 18) (-15, 31) (19, 6) } trig:8.50
{ (-2, -9) (27, 11) (-13, -16) } trig:8.50
{ (-21, 8) (-6, 7) (-19, 9) } trig:8.50
{ (-14, -22) (8, -7) (-24, -28) } trig:9.00
{ (-23, 7) (-9, 26) (-27, 3) } trig:10.00
{ (-12, -11) (9, 12) (9, 11) } trig:10.50
{ (6, 17) (-15, -9) (-28, -24) } trig:11.50
{ (-29, -18) (31, -29) (18, -27) } trig:11.50
{ (-6, 29) (6, -27) (6, -25) } trig:12.00
{ (-28, 25) (-10, 29) (-26, 27) } trig:14.00
{ (-9, -9) (-4, 4) (-4, -2) } trig:15.00
{ (10, -12) (16, -21) (18, -29) } trig:15.00
{ (11, -7) (23, -18) (27, -19) } trig:16.00
{ (28, -28) (31, -30) (-12, 10) } trig:17.00
{ (14, -18) (-25, 14) (-3, -5) } trig:18.50
{ (19, -29) (-30, -14) (2, -23) } trig:19.50
{ (17, 0) (-5, -21) (15, 0) } trig:21.00
{ (19, -12) (12, -11) (26, -19) } trig:21.00
{ (1, 28) (12, 27) (1, 24) } trig:22.00
{ (-28, 16) (-25, -2) (-19, -23) } trig:22.50
{ (11, -10) (-30, -28) (9, -12) } trig:23.00
{ (27, -16) (17, -19) (5, -18) } trig:23.00
{ (27, 0) (20, 13) (17, 12) } trig:23.00
{ (23, -5) (6, 3) (-19, 12) } trig:23.50
{ (-18, 0) (-17, -1) (15, 14) } trig:23.50
{ (1, -31) (-5, -3) (-2, -25) } trig:24.00
{ (4, -29) (-10, 24) (-7, 9) } trig:25.50
{ (-20, -4) (7, 4) (0, 0) } trig:26.00
{ (-6, -26) (14, 18) (-4, -19) } trig:26.00
{ (-4, 22) (-1, -6) (-5, 13) } trig:27.50
{ (-10, 18) (20, -22) (8, -4) } trig:30.00
{ (-16, -29) (-7, -8) (-19, -29) } trig:31.50
{ (2, 17) (-7, 21) (11, 6) } trig:31.50
{ (0, -5) (-13, -25) (2, 3) } trig:32.00
{ (3, -30) (31, -24) (14, -30) } trig:33.00
{ (-11, 21) (-10, 15) (5, -8) } trig:33.50
{ (0, 1) (4, -8) (-3, -9) } trig:33.50
{ (15, 3) (31, -26) (8, 20) } trig:34.50
{ (-13, 6) (-11, 6) (-15, -29) } trig:35.00
{ (-31, 11) (23, -1) (29, -1) } trig:36.00
{ (-9, -21) (-2, 1) (-6, -22) } trig:36.50
{ (-18, 1) (21, 21) (-28, -6) } trig:36.50
{ (12, -3) (16, -15) (24, -20) } trig:38.00
{ (4, 1) (17, 22) (-6, -21) } trig:38.00
{ (21, -26) (26, -10) (29, 15) } trig:38.50
{ (16, -4) (23, -31) (7, 19) } trig:41.00
{ (13, -20) (18, -20) (-17, -2) } trig:45.00
{ (-23, -21) (-26, -14) (-10, -20) } trig:47.00
{ (-8, 27) (-7, 13) (-13, -1) } trig:49.00
{ (-23, -4) (0, -7) (-2, -11) } trig:49.00
{ (17, 3) (13, 11) (21, -30) } trig:50.00
{ (-26, 4) (-21, -10) (-8, -26) } trig:51.00
{ (1, 10) (-17, -24) (-5, -7) } trig:51.00
{ (16, -24) (12, -26) (29, 8) } trig:51.00
{ (19, 17) (30, 19) (4, 5) } trig:51.00
{ (-25, 1) (-27, -1) (16, -10) } trig:52.00
{ (-8, -29) (-27, -22) (7, -29) } trig:52.50
{ (-2, 15) (-9, -10) (-2, 30) } trig:52.50
{ (25, 16) (27, 14) (6, -19) } trig:54.00
{ (13, -13) (18, -29) (22, -20) } trig:54.50
{ (-1, 8) (14, 6) (24, 12) } trig:55.00
{ (-27, 18) (0, 24) (-21, 15) } trig:58.50
{ (16, -22) (1, -25) (-25, -22) } trig:61.50
{ (-3, -2) (-21, -1) (-2, 5) } trig:63.50
{ (8, -10) (16, -17) (1, 12) } trig:63.50
{ (12, 24) (-21, -1) (12, 20) } trig:66.00
{ (-13, 9) (6, 26) (-4, 10) } trig:67.00
{ (21, -12) (14, -11) (-23, -25) } trig:67.50
{ (-22, -7) (4, 11) (-5, 10) } trig:68.00
{ (-30, 6) (-7, -21) (-30, 0) } trig:69.00
{ (-22, -28) (-28, -17) (-13, -21) } trig:70.50
{ (2, -25) (0, -19) (9, 26) } trig:72.00
{ (2, -10) (2, 8) (10, -25) } trig:72.00
{ (0, -11) (-5, -27) (-4, 5) } trig:72.00
{ (-4, -13) (0, -9) (-29, -1) } trig:74.00
{ (1, -3) (-14, -11) (-29, -29) } trig:75.00
{ (13, -30) (23, -5) (19, 0) } trig:75.00
{ (-4, -16) (-8, -11) (31, -22) } trig:75.50
{ (15, 1) (31, -3) (21, 9) } trig:76.00
{ (25, 0) (28, -18) (31, 16) } trig:78.00
{ (-28, 18) (-16, 18) (14, 31) } trig:78.00
{ (-21, 13) (-26, 21) (20, -21) } trig:79.00
{ (-4, -13) (29, -7) (6, -16) } trig:79.50
{ (-3, 0) (-20, -4) (29, -2) } trig:81.00
{ (10, 3) (-6, 14) (30, -21) } trig:82.00
{ (-19, -18) (-23, -16) (-18, 23) } trig:83.00
{ (-25, -8) (31, -17) (6, -10) } trig:83.50
{ (-29, 24) (-17, 31) (-5, 24) } trig:84.00
{ (15, 27) (5, -8) (-3, -19) } trig:85.00
{ (-18, -15) (-16, 12) (-24, -10) } trig:86.00
{ (-10, -6) (-10, -12) (19, -10) } trig:87.00
{ (-25, -6) (-24, 23) (-30, 25) } trig:88.00
{ (-1, -24) (18, -31) (-10, -30) } trig:88.50
{ (-25, -7) (-4, 24) (-28, -3) } trig:88.50
{ (-4, 6) (-20, -27) (-1, 1) } trig:89.50
{ (-12, 0) (-30, -14) (15, 31) } trig:90.00
{ (-19, -7) (-26, 5) (-4, -7) } trig:90.00
{ (11, 7) (-5, -10) (15, 0) } trig:90.00
{ (-11, -30) (-5, -23) (19, -25) } trig:90.00
{ (-21, 14) (-19, 3) (-30, -28) } trig:91.50
{ (-4, 25) (-13, -23) (-3, 10) } trig:91.50
{ (-10, -5) (-13, -17) (0, -27) } trig:93.00
{ (17, 29) (20, -15) (22, 18) } trig:93.50
{ (-21, 17) (-12, 30) (0, 26) } trig:96.00
{ (-27, -25) (-13, 2) (4, 21) } trig:96.50
{ (8, 7) (0, 18) (27, 5) } trig:96.50
{ (-7, 4) (11, -16) (18, -13) } trig:97.00
{ (20, 24) (2, 20) (10, 11) } trig:97.00
{ (0, 16) (28, 1) (30, -7) } trig:97.00
{ (4, 31) (14, 29) (-14, 15) } trig:98.00
{ (16, -20) (7, 16) (15, 6) } trig:99.00
{ (-4, 30) (-25, -24) (-5, 18) } trig:99.00
{ (8, 7) (-28, -10) (-6, 6) } trig:101.00
{ (-9, -30) (4, -7) (2, 5) } trig:101.00
{ (18, 17) (10, -11) (29, 30) } trig:102.00
{ (11, -4) (-10, -13) (8, -15) } trig:102.00
{ (27, 0) (-1, 23) (31, 4) } trig:102.00
{ (-11, -12) (19, 25) (27, 28) } trig:103.00
{ (-9, -8) (-28, -18) (31, 24) } trig:104.00
{ (11, 3) (-10, 20) (-5, 6) } trig:104.50
{ (-28, 16) (15, 18) (-8, 12) } trig:106.00
{ (14, 11) (21, 3) (-21, 20) } trig:108.50
{ (-20, -24) (21, 3) (-25, -22) } trig:108.50
{ (29, 4) (24, 7) (8, -27) } trig:109.00
{ (-9, 30) (-5, 1) (6, -24) } trig:109.50
{ (-31, -14) (27, -6) (4, -13) } trig:111.00
{ (-7, -30) (-3, -6) (-11, 3) } trig:114.00
{ (12, 4) (7, -5) (-17, -2) } trig:115.50
{ (-30, -15) (-3, 21) (-2, 31) } trig:117.00
{ (-6, 19) (9, 30) (3, 10) } trig:117.00
{ (-15, -8) (-6, -31) (-28, -1) } trig:118.00
{ (-29, -5) (-7, 7) (17, 31) } trig:120.00
{ (4, -26) (-14, 0) (7, -17) } trig:120.00
{ (9, -11) (13, 1) (25, -24) } trig:122.00
{ (28, 7) (24, -4) (14, 30) } trig:123.00
{ (-6, -26) (22, -4) (17, 1) } trig:125.00
{ (-23, 11) (-14, -24) (-5, -31) } trig:126.00
{ (-2, 24) (-2, -18) (-8, -16) } trig:126.00
{ (26, 22) (-11, -15) (28, 17) } trig:129.50
{ (-25, -2) (-30, -24) (-6, 29) } trig:131.50
{ (18, 6) (6, 6) (3, 28) } trig:132.00
{ (-23, -5) (5, 16) (7, 8) } trig:133.00
{ (-7, -4) (25, -26) (-25, 0) } trig:134.00
{ (-10, 0) (-27, -26) (-6, 22) } trig:135.00
{ (20, 19) (9, 0) (-3, 4) } trig:136.00
{ (18, 30) (14, -4) (21, -13) } trig:137.00
{ (-17, -14) (22, -24) (15, -15) } trig:140.50
{ (-3, -1) (-2, -17) (-19, -27) } trig:141.00
{ (-6, 19) (-3, 29) (19, 8) } trig:141.50
{ (-10, 26) (27, -22) (26, -13) } trig:142.50
{ (6, 5) (24, 15) (-28, 2) } trig:143.00
{ (-1, 9) (-4, -18) (9, 3) } trig:144.00
{ (-30, -11) (-2, 25) (-1, 16) } trig:144.00
{ (-7, 29) (-17, 26) (13, 6) } trig:145.00
{ (3, 6) (-22, -24) (11, 4) } trig:145.00
{ (22, -15) (6, 18) (10, 28) } trig:146.00
{ (-21, 0) (17, -25) (15, -16) } trig:146.00
{ (25, 5) (-4, 8) (-5, -2) } trig:146.50
{ (13, -3) (17, -19) (-12, 23) } trig:148.00
{ (15, 13) (6, 3) (-4, 25) } trig:149.00
{ (6, 24) (-11, -22) (4, 1) } trig:149.50
{ (5, 6) (26, 23) (30, 12) } trig:149.50
{ (21, -17) (31, -27) (-5, -21) } trig:150.00
{ (30, 1) (-9, 17) (-6, 8) } trig:151.50
{ (17, -28) (-2, -15) (-21, 14) } trig:152.00
{ (-5, -10) (2, 21) (-11, 7) } trig:152.50
{ (26, -15) (11, -10) (-2, -26) } trig:152.50
{ (0, 28) (-31, 29) (-26, 19) } trig:152.50
{ (-2, 13) (-22, 18) (-11, 0) } trig:152.50
{ (28, 29) (11, 24) (8, 5) } trig:154.00
{ (18, -9) (-8, 31) (20, -24) } trig:155.00
{ (-29, 30) (23, -11) (4, -2) } trig:155.50
{ (0, 1) (10, -23) (8, 13) } trig:156.00
{ (25, -6) (11, 1) (-2, 30) } trig:157.50
{ (25, 0) (14, -15) (3, -1) } trig:159.50
{ (-29, -6) (-10, 13) (-9, 31) } trig:161.50
{ (-28, -4) (-26, -11) (16, 5) } trig:163.00
{ (24, -10) (-30, -30) (16, -19) } trig:163.00
{ (9, 7) (19, 11) (-28, 25) } trig:164.00
{ (22, -20) (28, 0) (14, 8) } trig:164.00
{ (24, -23) (24, -16) (-23, -21) } trig:164.50
{ (-4, -3) (10, 21) (-1, -22) } trig:169.00
{ (14, 1) (12, 27) (28, -12) } trig:169.00
{ (-18, -25) (28, -15) (16, -25) } trig:170.00
{ (-26, -23) (7, -25) (12, -15) } trig:170.00
{ (-7, -15) (-10, -8) (29, 16) } trig:172.50
{ (-23, 17) (6, -9) (-14, -3) } trig:173.00
{ (-11, 28) (-13, 20) (23, -11) } trig:175.00
{ (-2, 31) (-31, -11) (-4, 16) } trig:175.50
{ (20, -21) (5, -30) (16, 0) } trig:175.50
{ (-18, -25) (-11, 19) (-22, 0) } trig:175.50
{ (-13, 30) (-25, 23) (-24, -6) } trig:177.50
{ (2, 0) (19, 10) (-20, 8) } trig:178.00
{ (14, 17) (18, -16) (24, 24) } trig:179.00
{ (10, 30) (-3, 4) (-21, -4) } trig:182.00
{ (5, -3) (-12, 0) (-4, 20) } trig:182.00
{ (-8, -14) (0, 14) (-15, 7) } trig:182.00
{ (-8, 7) (4, 15) (21, -4) } trig:182.00
{ (-4, 11) (-9, -4) (-26, 19) } trig:185.00
{ (19, 6) (-15, -18) (29, 24) } trig:186.00
{ (28, 9) (1, -24) (-12, -26) } trig:187.50
{ (-16, 11) (16, 30) (24, 23) } trig:188.00
{ (2, -3) (19, -24) (-16, -3) } trig:189.00
{ (16, 6) (5, 18) (31, 24) } trig:189.00
{ (-28, -15) (3, -11) (29, -20) } trig:191.50
{ (-12, 0) (4, 27) (-28, -3) } trig:192.00
{ (23, 2) (30, -9) (-26, 24) } trig:192.50
{ (10, -1) (6, 21) (22, 30) } trig:194.00
{ (18, -28) (31, 5) (5, -31) } trig:195.00
{ (4, -18) (14, 2) (0, 13) } trig:195.00
{ (23, 20) (-7, -10) (-24, -14) } trig:195.00
{ (-13, -5) (27, -29) (-1, -22) } trig:196.00
{ (26, -1) (5, 9) (17, 22) } trig:196.50
{ (24, -25) (27, -5) (10, 14) } trig:198.50
{ (-24, -25) (18, -20) (-28, -16) } trig:199.00
{ (17, 30) (-10, 7) (-4, -3) } trig:204.00
{ (-16, 31) (-24, 25) (-24, -26) } trig:204.00
{ (0, -5) (-29, -10) (1, -19) } trig:205.50
{ (27, -26) (0, -11) (3, -28) } trig:207.00
{ (-2, -11) (17, 12) (-6, 6) } trig:207.50
{ (-27, -4) (7, -8) (5, -20) } trig:208.00
{ (20, 9) (13, -6) (-10, 5) } trig:211.00
{ (5, -24) (-6, -22) (7, 14) } trig:211.00
{ (-9, 14) (16, 5) (27, -16) } trig:213.00
{ (18, 9) (11, 27) (4, -16) } trig:213.50
{ (23, -4) (-15, -8) (20, 7) } trig:215.00
{ (-14, 29) (31, -20) (1, 3) } trig:217.50
{ (-22, 21) (-22, 0) (-1, -15) } trig:220.50
{ (-7, 20) (-21, -26) (-23, -1) } trig:221.00
{ (-12, -24) (20, 8) (-28, -26) } trig:224.00
{ (-14, 3) (-22, -28) (-22, 28) } trig:224.00
{ (-19, 19) (-17, -20) (-30, 9) } trig:224.50
{ (11, -15) (29, -26) (-10, 23) } trig:226.50
{ (-6, 24) (16, -10) (21, 3) } trig:228.00
{ (3, 10) (18, 28) (-19, 14) } trig:228.00
{ (17, 5) (8, 30) (2, -4) } trig:228.00
{ (-3, -27) (8, -23) (23, 24) } trig:228.50
{ (-19, -20) (-14, -4) (10, -19) } trig:229.50
{ (28, 8) (-23, 18) (-23, 27) } trig:229.50
{ (18, -23) (31, 5) (22, 21) } trig:230.00
{ (-3, 10) (7, -21) (18, -9) } trig:230.50
{ (-16, 27) (20, -16) (19, -2) } trig:230.50
{ (13, 24) (29, 8) (-9, 17) } trig:232.00
{ (23, 5) (-1, -27) (-8, -17) } trig:232.00
{ (-15, 17) (4, 7) (-12, -9) } trig:232.00
{ (29, 8) (-12, -14) (11, -13) } trig:232.50
{ (-2, 1) (-15, 6) (-23, -27) } trig:234.50
{ (8, -21) (-31, 28) (-23, 30) } trig:235.00
{ (-28, -27) (0, -17) (8, -31) } trig:236.00
{ (0, 11) (24, 19) (-6, -11) } trig:240.00
{ (-4, 5) (-31, 26) (28, -2) } trig:241.50
{ (-20, 7) (0, -11) (28, -12) } trig:242.00
{ (23, -6) (23, -15) (-31, 29) } trig:243.00
{ (23, 11) (0, 4) (-2, -18) } trig:246.00
{ (1, 31) (-25, 26) (1, 12) } trig:247.00
{ (1, -24) (-21, 23) (-3, 7) } trig:247.00
{ (-16, -25) (-27, 3) (-5, -7) } trig:253.00
{ (-10, -12) (4, 0) (28, -16) } trig:256.00
{ (4, -24) (-6, -26) (7, 28) } trig:257.00
{ (-30, 11) (-7, 5) (29, 18) } trig:257.50
{ (-30, 13) (-2, -23) (10, -20) } trig:258.00
{ (-23, -5) (28, -24) (-8, -21) } trig:265.50
{ (14, 27) (12, 13) (-26, 13) } trig:266.00
{ (8, 16) (26, 20) (-18, -20) } trig:272.00
{ (30, -12) (26, 3) (-6, -14) } trig:274.00
{ (30, -21) (2, -8) (23, 2) } trig:276.50
{ (28, 10) (-14, 8) (-18, 21) } trig:277.00
{ (-11, 11) (-22, 28) (-27, -15) } trig:279.00
{ (12, -29) (29, 0) (-4, -23) } trig:283.00
{ (-16, 6) (-11, -12) (21, -12) } trig:288.00
{ (-27, -20) (18, -16) (5, -30) } trig:289.00
{ (-22, 17) (-7, 10) (-26, -20) } trig:291.50
{ (-27, -18) (22, -2) (16, 8) } trig:293.00
{ (-20, -27) (-19, -2) (5, 11) } trig:293.50
{ (11, 20) (29, -10) (11, -13) } trig:297.00
{ (-30, 17) (-25, 27) (8, -26) } trig:297.50
{ (25, 19) (5, 24) (2, -5) } trig:297.50
{ (-15, -30) (-31, 8) (-22, 24) } trig:299.00
{ (-20, -20) (21, -13) (-18, -5) } trig:300.50
{ (-8, -2) (-24, -16) (21, -15) } trig:307.00
{ (-23, 14) (-7, -8) (3, 17) } trig:310.00
{ (-19, 4) (-5, -30) (12, -27) } trig:310.00
{ (2, 1) (-23, -22) (29, 1) } trig:310.50
{ (23, 0) (-30, -27) (0, 0) } trig:310.50
{ (30, -2) (-7, -22) (-3, -3) } trig:311.50
{ (-31, 28) (-10, 10) (-31, -2) } trig:315.00
{ (-14, 7) (11, 0) (5, 27) } trig:316.50
{ (10, 14) (-5, -23) (-10, 7) } trig:317.50
{ (21, 4) (2, 22) (-24, 13) } trig:319.50
{ (-14, 14) (29, -17) (-18, 2) } trig:320.00
{ (-3, 9) (-24, -18) (6, -10) } trig:321.00
{ (-3, 6) (19, 14) (-2, -23) } trig:323.00
{ (-1, -9) (26, 2) (-11, 11) } trig:325.00
{ (-15, 24) (24, -25) (5, -18) } trig:329.00
{ (-20, -15) (-14, 0) (23, -18) } trig:331.50
{ (-8, -17) (-20, 18) (1, 12) } trig:331.50
{ (21, 29) (-23, -27) (6, 25) } trig:332.00
{ (22, -28) (-24, 28) (1, 12) } trig:332.00
{ (9, 23) (-15, 22) (-22, -6) } trig:332.50
{ (24, -11) (-16, 0) (-10, 15) } trig:333.00
{ (-25, 13) (-20, 30) (14, 12) } trig:334.00
{ (12, -7) (-22, -16) (-10, 7) } trig:337.00
{ (9, 30) (-29, -11) (-31, -31) } trig:339.00
{ (20, 7) (-24, 17) (-26, 2) } trig:340.00
{ (16, -19) (-25, -12) (2, 0) } trig:340.50
{ (5, -11) (23, -9) (22, 29) } trig:343.00
{ (17, 2) (3, -29) (-7, -2) } trig:344.00
{ (-19, 9) (14, -23) (-15, 26) } trig:344.50
{ (31, 13) (-23, 21) (-8, 6) } trig:345.00
{ (-10, 27) (-22, 25) (19, -26) } trig:347.00
{ (13, -20) (-8, 20) (-3, -23) } trig:351.50
{ (26, 2) (-15, -10) (-4, -24) } trig:353.00
{ (-1, 25) (-16, 1) (23, 16) } trig:355.50
{ (7, -30) (-9, 30) (5, 22) } trig:356.00
{ (-3, 26) (-17, 17) (11, -16) } trig:357.00
{ (-3, -27) (0, 3) (-23, 12) } trig:358.50
{ (30, 11) (-11, 5) (13, -9) } trig:359.00
{ (-4, -19) (16, 20) (-1, 23) } trig:361.50
{ (17, 10) (-9, 25) (-25, 6) } trig:367.00
{ (20, 22) (-12, 19) (-10, -4) } trig:371.00
{ (17, -1) (22, 26) (-12, -8) } trig:374.00
{ (19, 5) (11, -30) (-10, -28) } trig:375.50
{ (27, 21) (12, 29) (23, -27) } trig:376.00
{ (27, -17) (-11, 25) (17, 14) } trig:379.00
{ (13, -3) (20, 16) (-27, -3) } trig:380.00
{ (-7, -29) (5, 29) (-13, 6) } trig:384.00
{ (29, 6) (7, -20) (2, 9) } trig:384.00
{ (-22, -3) (19, 10) (-7, -17) } trig:384.50
{ (-17, 30) (11, 19) (30, -16) } trig:385.50
{ (-15, 8) (5, -5) (20, 24) } trig:387.50
{ (-12, 2) (-12, -24) (18, -29) } trig:390.00
{ (-11, 31) (-30, 10) (2, 4) } trig:393.00
{ (11, -10) (4, 9) (-23, -31) } trig:396.50
{ (-15, -23) (28, -10) (23, -30) } trig:397.50
{ (11, 0) (-15, 29) (-21, 5) } trig:399.00
{ (-16, 23) (-9, -14) (5, 26) } trig:399.00
{ (-9, -27) (-6, 14) (-25, 21) } trig:400.00
{ (-21, 18) (2, -18) (2, 17) } trig:402.50
{ (21, -23) (0, -30) (-1, 8) } trig:402.50
{ (17, -15) (-23, 2) (22, 3) } trig:402.50
{ (6, -6) (-18, -15) (29, -31) } trig:403.50
{ (16, 26) (-12, 4) (2, -14) } trig:406.00
{ (24, 20) (-19, -15) (2, 21) } trig:406.50
{ (-30, 19) (27, 0) (-22, 2) } trig:408.50
{ (25, -16) (-27, -2) (24, 0) } trig:409.00
{ (26, 0) (-19, -15) (-26, 1) } trig:412.50
{ (-5, 8) (-27, 28) (20, 23) } trig:415.00
{ (-4, 22) (-8, -8) (25, 30) } trig:419.00
{ (10, 23) (25, -3) (-12, 5) } trig:421.00
{ (21, -19) (-21, 1) (-13, -23) } trig:424.00
{ (0, 25) (8, 0) (-22, -13) } trig:427.00
{ (23, 3) (-25, 11) (-20, 28) } trig:428.00
{ (-11, -1) (-31, 19) (7, 24) } trig:430.00
{ (6, 26) (6, -10) (30, -2) } trig:432.00
{ (6, -23) (10, 6) (-18, 21) } trig:436.00
{ (-28, -18) (13, -14) (29, 9) } trig:439.50
{ (-22, 3) (-25, 24) (22, -8) } trig:445.50
{ (-16, 18) (-5, -27) (-29, -10) } trig:446.50
{ (27, 20) (17, -14) (-2, 11) } trig:448.00
{ (-2, 19) (2, -27) (20, -6) } trig:456.00
{ (5, -24) (19, 15) (-15, -14) } trig:460.00
{ (-2, -21) (-22, 19) (-2, 25) } trig:460.00
{ (15, -15) (-13, 0) (-5, 29) } trig:466.00
{ (4, 26) (23, -21) (27, 19) } trig:474.00
{ (-2, -19) (26, 1) (-5, 13) } trig:478.00
{ (17, 5) (-9, -16) (1, 29) } trig:480.00
{ (-8, 25) (-16, -23) (-28, 26) } trig:484.00
{ (6, -14) (-15, -18) (0, 31) } trig:484.50
{ (-17, -6) (-26, 20) (23, -13) } trig:488.50
{ (-26, 20) (25, 13) (-21, 0) } trig:492.50
{ (11, -23) (-17, -6) (18, 8) } trig:493.50
{ (1, 18) (-8, -14) (29, 7) } trig:497.50
{ (-20, 0) (30, 9) (-31, 18) } trig:499.50
{ (8, 7) (28, -5) (-26, -23) } trig:504.00
{ (0, -21) (-23, 15) (18, -5) } trig:508.00
{ (30, 9) (-23, -15) (26, -12) } trig:508.50
{ (21, -20) (-29, -2) (-14, 13) } trig:510.00
{ (18, 18) (23, -29) (-3, 11) } trig:511.00
{ (22, 16) (29, -25) (-3, 16) } trig:512.50
{ (-28, 27) (6, 15) (-6, -11) } trig:514.00
{ (-7, 22) (-31, 24) (24, -24) } trig:521.00
{ (-12, 14) (24, 2) (18, -25) } trig:522.00
{ (17, -13) (-23, -31) (23, 16) } trig:526.00
{ (30, -5) (-1, 23) (29, 30) } trig:528.50
{ (-2, -24) (-19, -1) (10, 22) } trig:529.00
{ (-23, -10) (19, 31) (3, -10) } trig:533.00
{ (-28, 12) (-24, -11) (25, -24) } trig:537.50
{ (27, 26) (9, -21) (5, 29) } trig:544.00
{ (-9, -21) (14, -19) (-13, 26) } trig:544.50
{ (28, -22) (-29, 2) (-26, 20) } trig:549.00
{ (15, 28) (-31, 14) (8, 2) } trig:549.00
{ (7, 29) (16, -11) (-20, 26) } trig:553.50
{ (19, 27) (-23, 15) (-11, -8) } trig:555.00
{ (0, 31) (26, -25) (28, 14) } trig:563.00
{ (-31, -30) (11, -3) (-3, 15) } trig:567.00
{ (-14, -14) (-29, 15) (13, 10) } trig:571.50
{ (-14, 17) (15, -10) (-17, -20) } trig:577.00
{ (-3, 16) (-19, -2) (24, -26) } trig:579.00
{ (0, -29) (-27, 7) (-12, 31) } trig:594.00
{ (-1, -29) (-31, 2) (26, -17) } trig:598.50
{ (-15, 8) (-14, -18) (31, 28) } trig:608.00
{ (17, -28) (21, -7) (-31, 26) } trig:612.00
{ (-19, 26) (24, 23) (-12, -3) } trig:613.00
{ (-7, 25) (23, 30) (-31, -20) } trig:615.00
{ (-22, -2) (23, -21) (31, 3) } trig:616.00
{ (-30, -19) (-2, 11) (15, -15) } trig:619.00
{ (25, -27) (-25, -31) (-22, -6) } trig:619.00
{ (-16, -12) (20, 13) (18, -23) } trig:623.00
{ (-3, -31) (-8, 26) (-26, -18) } trig:623.00
{ (-3, -15) (29, -22) (7, 22) } trig:627.00
{ (-27, -8) (28, 2) (22, -22) } trig:630.00
{ (21, -22) (-24, 19) (8, 18) } trig:633.50
{ (-29, 30) (-21, -17) (0, 22) } trig:649.50
{ (27, 22) (-7, 30) (-27, -4) } trig:658.00
{ (-17, -11) (27, -19) (27, 11) } trig:660.00
{ (-12, -16) (10, 30) (28, 7) } trig:667.00
{ (16, -14) (-18, -3) (27, 22) } trig:672.50
{ (22, 20) (26, -23) (-5, -28) } trig:676.50
{ (-5, -23) (31, -25) (-12, 15) } trig:677.00
{ (21, -6) (30, 19) (-21, 28) } trig:678.00
{ (30, -1) (-17, -1) (8, -30) } trig:681.50
{ (-18, 30) (8, 11) (-15, -25) } trig:686.50
{ (25, 27) (21, -4) (-19, 30) } trig:688.00
{ (30, -25) (14, 7) (-12, -27) } trig:688.00
{ (5, 17) (-7, -22) (27, -27) } trig:693.00
{ (18, 16) (-2, -22) (-23, 8) } trig:699.00
{ (-11, 10) (30, -25) (19, 19) } trig:709.50
{ (-20, -25) (11, 11) (-20, 21) } trig:713.00
{ (-24, -22) (20, 26) (25, -1) } trig:714.00
{ (2, 30) (-11, -23) (19, -11) } trig:717.00
{ (-24, -24) (4, -25) (-14, 27) } trig:719.00
{ (10, -20) (-25, 27) (-20, -21) } trig:722.50
{ (31, 11) (-12, -29) (-1, 15) } trig:726.00
{ (13, 18) (-26, -28) (10, -23) } trig:730.50
{ (12, 20) (-31, -7) (1, -21) } trig:733.00
{ (29, 0) (1, -15) (-15, 29) } trig:736.00
{ (-7, -31) (16, -20) (-13, 31) } trig:746.00
{ (-10, -27) (31, -8) (-11, 9) } trig:747.50
{ (9, -24) (-31, 19) (-23, -27) } trig:748.00
{ (-23, -20) (-23, 24) (11, -12) } trig:748.00
{ (4, 31) (23, 9) (-14, -27) } trig:749.00
{ (31, 7) (-23, -26) (-21, 3) } trig:750.00
{ (-22, -28) (-22, 28) (5, -16) } trig:756.00
{ (-31, -13) (-16, 20) (26, 11) } trig:760.50
{ (4, -13) (27, 5) (-30, 27) } trig:766.00
{ (21, -29) (-28, 4) (13, 8) } trig:774.50
{ (-26, -15) (6, -20) (5, 29) } trig:781.50
{ (-11, -19) (-23, 13) (24, 18) } trig:782.00
{ (-22, 1) (20, -16) (29, 18) } trig:790.50
{ (-30, 31) (-17, -12) (10, 22) } trig:801.50
{ (-16, 26) (15, -17) (-24, -15) } trig:807.50
{ (-28, -27) (14, -18) (2, 18) } trig:810.00
{ (22, 28) (-27, 13) (19, -6) } trig:810.50
{ (-25, 7) (28, -19) (-12, -30) } trig:811.50
{ (-11, -23) (24, -17) (-19, 22) } trig:811.50
{ (1, -21) (12, 29) (-22, 22) } trig:811.50
{ (-13, 31) (13, -19) (24, 23) } trig:821.00
{ (-17, 3) (15, -20) (26, 24) } trig:830.50
{ (-13, -26) (-1, 29) (25, 8) } trig:841.00
{ (23, 7) (-2, -21) (-26, 20) } trig:848.50
{ (-31, -30) (31, 30) (31, 2) } trig:868.00
{ (30, -9) (-19, 24) (-5, -21) } trig:871.50
{ (24, -12) (20, 29) (-22, 23) } trig:873.00
{ (-24, -8) (11, -24) (0, 31) } trig:874.50
{ (24, -31) (-31, -26) (29, 1) } trig:892.50
{ (21, 23) (-26, -14) (-20, 29) } trig:899.50
{ (23, 9) (5, -22) (-29, 22) } trig:923.00
{ (-28, -5) (28, -7) (-27, 28) } trig:925.00
{ (15, 20) (5, -30) (-24, 10) } trig:925.00
{ (26, -21) (-16, -14) (-21, 31) } trig:927.50
{ (-6, 23) (-30, 0) (29, -21) } trig:930.50
{ (-3, 26) (-24, -9) (31, -6) } trig:931.00
{ (6, 0) (-31, 24) (-30, -27) } trig:931.50
{ (22, -21) (23, 16) (-28, 9) } trig:940.00
{ (13, -16) (-22, 15) (30, 23) } trig:946.00
{ (28, -10) (-27, -13) (18, 24) } trig:950.00
{ (-10, 15) (-27, -19) (30, -24) } trig:1011.50
{ (17, -27) (18, 18) (-31, -25) } trig:1081.00
{ (-31, 14) (-19, -28) (21, 22) } trig:1140.00
{ (-26, -22) (-5, 30) (28, 3) } trig:1141.50
{ (-30, -22) (-14, 28) (29, 19) } trig:1147.00
{ (26, -6) (-11, 29) (-16, -29) } trig:1160.50
{ (18, -31) (-28, -7) (-4, 31) } trig:1162.00
{ (-10, 18) (30, -24) (-27, -25) } trig:1217.00
{ (27, 27) (12, -27) (-26, 28) } trig:1438.50
 n: 500 disk_ops: 1

end info:
number of phases: 8
disk operations: 48
teoretical values: 
number of phases: 8
disk operations: 16
