type help for help
{ (21, 10) (6, 12) (2, -9) } trig:161.50
{ (-10, 0) (-2, -4) (14, 24) } trig:144.00
{ (-27, -13) (-1, -20) (1, 8) } trig:371.00
{ (18, -16) (15, 24) (-7, -24) } trig:512.00
{ (-31, 24) (-28, 3) (-21, 5) } trig:76.50
{ (-14, 14) (15, -2) (-21, 12) } trig:85.00
{ (19, -16) (24, -15) (16, 11) } trig:69.00
{ (-18, 26) (-1, -4) (-18, 14) } trig:102.00
{ (-24, 30) (8, -25) (-8, -12) } trig:232.00
{ (-21, 23) (17, 29) (0, -14) } trig:766.00
 n: disk_ops: 1



{ (19, -16) (24, -15) (16, 11) } trig:69.00
{ (-31, 24) (-28, 3) (-21, 5) } trig:76.50
{ (-14, 14) (15, -2) (-21, 12) } trig:85.00
{ (-18, 26) (-1, -4) (-18, 14) } trig:102.00
{ (-10, 0) (-2, -4) (14, 24) } trig:144.00
{ (21, 10) (6, 12) (2, -9) } trig:161.50
{ (-24, 30) (8, -25) (-8, -12) } trig:232.00
{ (-27, -13) (-1, -20) (1, 8) } trig:371.00
{ (18, -16) (15, 24) (-7, -24) } trig:512.00
{ (-21, 23) (17, 29) (0, -14) } trig:766.00
 n: 10 disk_ops: 1

end info:
number of phases: 2
disk operations: 12
teoretical values: 
number of phases: 2
disk operations: 0.08
