type help for help
{ (29, 28) (4, 25) (-28, -30) } trig:639.50
{ (-23, 8) (-17, 9) (-14, -30) } trig:118.50
{ (1, 0) (29, 20) (22, -4) } trig:266.00
{ (3, -2) (-29, -16) (-1, -20) } trig:260.00
{ (12, -1) (22, -29) (-12, 0) } trig:331.00
{ (26, -4) (-28, -28) (-1, -31) } trig:405.00
{ (-15, -1) (20, -27) (11, -24) } trig:64.50
{ (11, 7) (-22, -16) (-12, 14) } trig:380.00
{ (17, 8) (1, 0) (18, -8) } trig:132.00
{ (15, 16) (-16, 15) (3, -9) } trig:381.50
{ (-8, 21) (-9, 22) (-5, 28) } trig:5.00
{ (30, -22) (31, -8) (14, -2) } trig:122.00
{ (9, -15) (-8, -22) (16, -31) } trig:160.50
{ (-22, 20) (-22, -9) (26, 21) } trig:696.00
{ (3, 27) (15, 0) (-26, 30) } trig:373.50
{ (31, -14) (-13, 0) (-10, -6) } trig:111.00
{ (26, 0) (12, 18) (-2, -12) } trig:336.00
{ (2, 9) (-28, 24) (23, 30) } trig:472.50
{ (-14, 1) (-28, 7) (-27, -16) } trig:158.00
{ (-14, 29) (-19, 4) (27, 4) } trig:575.00
{ (-17, -28) (-30, 7) (-17, 3) } trig:201.50
{ (-7, 5) (-12, 9) (-3, -14) } trig:39.50
{ (-25, -1) (-4, -17) (3, 27) } trig:518.00
{ (-20, 31) (21, -5) (-8, 3) } trig:358.00
{ (10, 12) (8, 11) (29, 19) } trig:2.50
{ (-21, 11) (-29, -20) (-23, 3) } trig:1.00
{ (7, -18) (18, 23) (-24, -17) } trig:641.00
{ (-3, 23) (-27, 6) (9, -24) } trig:666.00
{ (4, -25) (-10, 10) (23, 23) } trig:668.50
{ (-13, -31) (-26, 21) (25, -22) } trig:1046.50
{ (-5, 7) (-6, 19) (-12, 31) } trig:30.00
{ (9, -27) (4, -2) (13, -2) } trig:112.50
{ (-12, 28) (4, 27) (23, 21) } trig:38.50
{ (20, -12) (-16, -4) (-7, -26) } trig:360.00
{ (-2, -12) (-26, -4) (26, -4) } trig:208.00
{ (13, 20) (22, -27) (8, -17) } trig:284.00
{ (-1, 20) (24, 28) (-10, -2) } trig:239.00
{ (-5, -28) (6, 27) (-18, -16) } trig:423.50
{ (26, 10) (-13, -10) (-26, 10) } trig:520.00
{ (-3, -23) (24, 19) (-23, -28) } trig:352.50
{ (-23, -7) (20, 29) (-22, -17) } trig:233.00
{ (31, 6) (-6, 20) (-8, 5) } trig:291.50
{ (-19, -6) (30, 4) (20, 24) } trig:540.00
{ (6, -3) (8, 3) (-15, -22) } trig:44.00
{ (0, -16) (-4, -27) (29, -23) } trig:173.50
{ (31, 6) (0, -25) (6, -31) } trig:186.00
{ (24, -24) (31, -24) (-28, 28) } trig:182.00
{ (26, -29) (-29, -8) (9, 17) } trig:1086.50
{ (5, -10) (-1, -9) (-8, 13) } trig:62.50
{ (0, -29) (4, -4) (12, 3) } trig:86.00
{ (23, 5) (0, 22) (-27, -31) } trig:839.00
{ (13, 2) (23, -9) (-16, 24) } trig:49.50
{ (20, 13) (15, -9) (19, 17) } trig:21.00
{ (16, 26) (-25, 20) (22, 0) } trig:551.00
{ (21, 5) (31, 29) (0, -9) } trig:182.00
{ (23, 19) (22, 3) (2, -5) } trig:156.00
{ (23, -18) (-2, -10) (-18, 25) } trig:373.50
{ (25, 28) (-26, -12) (24, 14) } trig:337.00
{ (-5, 29) (-23, -16) (-18, 19) } trig:202.50
{ (28, -13) (-3, 22) (7, -10) } trig:321.00
{ (-6, 0) (16, 14) (-5, 9) } trig:92.00
{ (6, 12) (8, -26) (8, -31) } trig:5.00
{ (12, 15) (-15, 24) (16, -7) } trig:279.00
{ (22, 14) (31, -28) (-24, 16) } trig:957.00
{ (-1, -20) (-9, -13) (-25, 25) } trig:96.00
{ (-8, 18) (10, 31) (17, 15) } trig:189.50
{ (9, -22) (24, -21) (1, 13) } trig:266.50
{ (-9, -18) (-19, -13) (-19, 5) } trig:90.00
{ (3, -30) (19, -8) (6, 0) } trig:207.00
{ (-7, -31) (27, -20) (25, 21) } trig:708.00
{ (18, -24) (-15, 16) (8, -4) } trig:130.00
{ (25, -21) (-4, -5) (-9, -6) } trig:54.50
{ (22, 0) (28, 25) (4, 29) } trig:312.00
{ (-12, -12) (-6, -19) (-12, 13) } trig:75.00
{ (-12, 10) (-4, 30) (-25, -21) } trig:6.00
{ (-18, 31) (23, 8) (-7, -22) } trig:960.00
{ (-21, 27) (13, 8) (29, -7) } trig:103.00
{ (-1, -18) (-10, -8) (-4, -1) } trig:61.50
{ (16, -27) (31, 17) (17, -16) } trig:60.50
{ (27, 0) (3, 23) (15, 17) } trig:66.00
{ (28, 15) (-13, 14) (-10, 0) } trig:288.50
{ (-13, 30) (-8, -7) (-11, -27) } trig:105.50
{ (-27, 25) (-11, -4) (18, -7) } trig:396.50
{ (21, 0) (0, -6) (-5, -31) } trig:247.50
{ (3, 7) (-13, 24) (-8, -30) } trig:389.50
{ (0, -30) (8, 10) (8, -20) } trig:120.00
{ (-9, -26) (-14, -16) (-25, 4) } trig:5.00
{ (-31, 12) (-14, 17) (-22, -7) } trig:184.00
{ (7, -30) (17, -7) (28, -1) } trig:96.50
{ (26, 22) (-18, 7) (11, -8) } trig:547.50
{ (29, -1) (7, 27) (26, -3) } trig:64.00
{ (-1, -7) (0, 20) (-12, 4) } trig:154.00
{ (-14, -19) (18, 21) (1, -20) } trig:316.00
{ (2, 3) (31, -25) (31, -19) } trig:87.00
{ (22, -13) (-14, -24) (-17, -29) } trig:73.50
{ (-1, 15) (-1, 9) (-22, -17) } trig:63.00
{ (24, 25) (22, -17) (-12, 14) } trig:745.00
{ (7, 5) (-11, 13) (-5, -16) } trig:237.00
{ (-4, 23) (-1, -1) (7, 27) } trig:138.00
{ (9, 10) (-3, -17) (8, 1) } trig:40.50
{ (5, 22) (-29, -28) (25, -29) } trig:1367.00
{ (-3, -20) (2, -24) (25, -30) } trig:31.00
{ (-20, -7) (3, -16) (-6, 21) } trig:385.00
{ (-14, 2) (22, -28) (-3, -24) } trig:303.00
{ (-17, -16) (2, -9) (8, -26) } trig:182.50
{ (-16, 12) (-21, -22) (2, -12) } trig:366.00
{ (24, -11) (24, -10) (26, 3) } trig:1.00
{ (19, 4) (14, 3) (15, -11) } trig:35.50
{ (-25, 16) (14, -23) (-7, 20) } trig:429.00
{ (19, 27) (18, 20) (-18, -27) } trig:102.50
{ (-14, 9) (27, 7) (-7, -2) } trig:218.50
{ (-17, -28) (28, -13) (9, -13) } trig:142.50
{ (6, 27) (8, 24) (19, 3) } trig:4.50
{ (25, -14) (-21, 26) (8, 9) } trig:189.00
{ (-2, 23) (22, 15) (27, 26) } trig:152.00
{ (-27, -1) (-6, 14) (-22, 2) } trig:6.00
{ (-24, 28) (11, 16) (5, -27) } trig:788.50
{ (9, 12) (26, -19) (-5, 23) } trig:123.50
{ (17, 0) (11, 0) (12, 28) } trig:84.00
{ (12, -15) (27, -19) (-6, -12) } trig:13.50
{ (25, 8) (-30, 17) (-27, -24) } trig:1114.00
{ (16, -29) (16, 4) (13, -19) } trig:49.50
{ (29, -15) (-8, 28) (-18, 0) } trig:733.00
{ (8, -30) (-12, 27) (-20, 7) } trig:428.00
{ (-30, -3) (-9, -31) (-10, 9) } trig:406.00
{ (-2, -24) (-5, -9) (14, -15) } trig:133.50
{ (5, 10) (-20, 20) (1, 19) } trig:92.50
{ (12, 24) (27, 18) (5, 22) } trig:36.00
{ (30, -7) (5, -25) (21, 7) } trig:256.00
{ (-19, -23) (-10, 19) (2, -6) } trig:364.50
{ (25, 22) (29, -2) (-22, -3) } trig:614.00
{ (-3, -26) (-30, -18) (-28, -18) } trig:8.00
{ (25, -26) (27, 23) (-15, 10) } trig:1016.00
{ (0, -2) (2, -10) (-19, -31) } trig:105.00
{ (-14, 31) (1, 24) (-16, 0) } trig:239.50
{ (20, -12) (13, -11) (29, 22) } trig:123.50
{ (19, -15) (12, -8) (-4, 0) } trig:28.00
{ (27, 1) (-7, 16) (-16, -17) } trig:628.50
{ (-9, 22) (7, -9) (-30, -9) } trig:573.50
{ (-29, 14) (28, -23) (6, 29) } trig:1075.00
{ (18, -30) (22, 20) (-25, 8) } trig:1151.00
{ (21, -7) (-16, 26) (10, 2) } trig:15.00
{ (-16, -31) (20, 29) (0, 8) } trig:222.00
{ (-15, -12) (18, -1) (-18, -21) } trig:132.00
{ (18, -22) (-19, 31) (10, -12) } trig:27.00
{ (31, 14) (10, -16) (-1, -14) } trig:186.00
{ (-3, 15) (-11, -11) (0, 24) } trig:3.00
{ (-29, 23) (30, 3) (19, -30) } trig:1083.50
{ (18, -9) (12, -16) (18, 3) } trig:36.00
{ (29, -21) (13, 23) (-3, -10) } trig:616.00
{ (30, 23) (10, -13) (19, -27) } trig:302.00
{ (31, -3) (-26, -2) (2, 14) } trig:470.00
{ (-18, -29) (-28, 23) (-14, -31) } trig:94.00
{ (-15, 20) (22, -3) (23, -11) } trig:136.50
{ (19, 7) (0, -15) (7, -26) } trig:181.50
{ (22, 25) (4, -2) (-17, -5) } trig:256.50
{ (-8, 13) (-22, 13) (9, -5) } trig:126.00
{ (12, -27) (-22, -6) (7, 25) } trig:831.50
{ (2, -8) (7, 25) (25, -24) } trig:419.50
{ (13, 19) (-9, -12) (-20, -22) } trig:60.50
{ (-2, 25) (-8, -16) (-1, 9) } trig:68.50
{ (31, 0) (8, 30) (28, -30) } trig:390.00
{ (3, 23) (20, -28) (13, 6) } trig:110.50
{ (26, -5) (-29, 10) (-12, 19) } trig:375.00
{ (30, 15) (30, 5) (28, -15) } trig:10.00
{ (-5, -13) (-4, -24) (13, 15) } trig:113.00
{ (-20, -13) (21, -15) (19, 23) } trig:777.00
{ (-7, -10) (11, -7) (25, 24) } trig:258.00
{ (-20, 22) (-10, 15) (22, -11) } trig:18.00
{ (15, -9) (20, -31) (9, -24) } trig:103.50
{ (-23, -30) (-13, -19) (11, 5) } trig:12.00
{ (15, 27) (-14, 27) (-10, 24) } trig:43.50
{ (14, 23) (18, -8) (-12, -28) } trig:505.00
{ (9, -28) (7, 30) (-8, -18) } trig:483.00
{ (-10, -1) (30, -11) (6, -31) } trig:520.00
{ (17, 19) (28, 31) (-1, -19) } trig:101.00
{ (-26, 13) (-23, -5) (-20, -9) } trig:21.00
{ (5, 23) (28, -19) (-1, 9) } trig:287.00
{ (4, -1) (-4, -26) (29, 28) } trig:196.50
{ (-16, 0) (9, 21) (11, -22) } trig:558.50
{ (16, -1) (-24, 18) (-20, 15) } trig:22.00
{ (-27, -4) (16, -6) (18, 19) } trig:539.50
{ (16, 16) (2, 28) (16, 4) } trig:84.00
{ (1, 3) (17, 5) (-18, 25) } trig:195.00
{ (-12, -24) (-12, 9) (-30, -16) } trig:297.00
{ (-26, -10) (-9, 3) (-22, -5) } trig:16.50
{ (-25, -7) (17, 5) (20, 21) } trig:318.00
{ (-31, -19) (-20, 0) (17, 5) } trig:324.00
{ (-12, 0) (-22, 3) (-21, -10) } trig:63.50
{ (-13, 22) (0, -30) (6, 28) } trig:533.00
{ (-7, -9) (27, -22) (-29, 8) } trig:146.00
{ (-14, 23) (25, -9) (-25, -28) } trig:1170.50
{ (20, -11) (-24, 13) (24, 7) } trig:444.00
{ (-3, 30) (-26, -27) (-19, 5) } trig:168.50
{ (3, 13) (11, -22) (2, 19) } trig:6.50
{ (5, 23) (0, 16) (1, -29) } trig:116.00
{ (-2, -10) (-19, 26) (11, 22) } trig:506.00
{ (-6, -2) (-13, -21) (-2, -30) } trig:136.00
{ (8, 2) (-12, -26) (16, -29) } trig:422.00
{ (-24, 13) (-3, -2) (-15, 15) } trig:88.50
{ (-8, -6) (19, 0) (30, 22) } trig:264.00
{ (-9, 22) (-15, 29) (20, -22) } trig:30.50
{ (-10, 7) (-12, 17) (-15, -31) } trig:63.00
{ (-17, -15) (-1, -2) (25, -8) } trig:217.00
{ (31, -7) (-27, -27) (-2, 23) } trig:1200.00
{ (-26, -22) (-25, 21) (5, -12) } trig:661.50
{ (12, -7) (-17, 23) (11, 6) } trig:173.50
{ (-11, -10) (6, 26) (-19, 22) } trig:416.00
{ (-27, 4) (4, -26) (17, 29) } trig:1047.50
{ (-11, -10) (-29, 23) (27, 2) } trig:735.00
{ (-16, 13) (-20, 15) (-26, 13) } trig:10.00
{ (-14, -21) (2, 17) (-25, -12) } trig:281.00
{ (-23, 3) (0, 25) (24, 19) } trig:333.00
{ (-22, 22) (26, 7) (-22, -26) } trig:1152.00
{ (-12, -13) (26, -5) (-25, -9) } trig:128.00
{ (-28, -25) (-17, 27) (13, -21) } trig:1044.00
{ (-30, 20) (30, 18) (-7, 12) } trig:217.00
{ (30, -24) (3, -27) (19, -9) } trig:219.00
{ (6, 30) (25, -18) (28, 12) } trig:357.00
{ (11, -29) (19, 4) (1, -2) } trig:273.00
{ (23, 8) (4, 0) (12, -29) } trig:307.50
{ (9, 18) (-14, 13) (14, 3) } trig:185.00
{ (24, 14) (20, -22) (-22, -22) } trig:756.00
{ (2, 31) (27, -7) (27, 21) } trig:350.00
{ (20, 19) (15, -26) (-25, 23) } trig:1022.50
{ (11, 1) (-23, -15) (-10, -28) } trig:325.00
{ (6, -31) (-7, 17) (-25, 5) } trig:510.00
{ (-16, -6) (-3, 31) (-5, -31) } trig:366.00
{ (-3, -19) (-22, -27) (7, -16) } trig:11.50
{ (1, -16) (9, -29) (30, -4) } trig:236.50
{ (1, 24) (-24, 13) (-26, 22) } trig:123.50
{ (5, -12) (-20, 4) (-11, -10) } trig:103.00
{ (-8, -9) (10, 9) (-21, -25) } trig:27.00
{ (29, 4) (15, -3) (-19, -15) } trig:35.00
{ (-31, 28) (9, 1) (2, -19) } trig:494.50
{ (-26, 12) (28, 14) (-19, 5) } trig:196.00
{ (25, -31) (21, -20) (1, -17) } trig:104.00
{ (-25, -19) (-30, -25) (-29, 24) } trig:119.50
{ (-5, -8) (8, 9) (-14, -8) } trig:76.50
{ (17, 3) (29, -5) (-23, -26) } trig:334.00
{ (11, -14) (10, -4) (-8, 5) } trig:85.50
{ (-16, -18) (-4, -18) (28, -9) } trig:54.00
{ (18, -7) (0, -3) (19, 14) } trig:191.00
{ (-8, 26) (13, 2) (18, -28) } trig:255.00
{ (-18, -9) (-11, 13) (-8, 12) } trig:36.50
{ (-8, 11) (16, 11) (-30, -10) } trig:252.00
{ (9, 12) (-16, -22) (-22, -14) } trig:202.00
{ (25, 3) (13, 15) (0, 16) } trig:72.00
{ (-2, -15) (29, -3) (19, -31) } trig:374.00
{ (-31, 22) (-14, -22) (19, 0) } trig:913.00
{ (7, 15) (8, 25) (25, 8) } trig:93.50
{ (-19, -19) (29, 12) (-4, 26) } trig:847.50
{ (-30, -7) (-30, -16) (-12, -2) } trig:81.00
{ (-18, 13) (-7, -1) (20, 12) } trig:260.50
{ (-4, -28) (-29, 7) (-27, -23) } trig:340.00
{ (19, -9) (26, -20) (-4, 27) } trig:0.50
{ (-17, -20) (-20, 1) (-6, -9) } trig:132.00
{ (1, 24) (-3, -10) (18, -10) } trig:357.00
{ (1, -18) (0, 4) (-24, 15) } trig:258.50
{ (-17, -15) (15, -13) (0, -1) } trig:207.00
{ (23, 19) (15, -27) (-26, -21) } trig:967.00
{ (0, -21) (16, -20) (26, 24) } trig:347.00
{ (-19, -24) (30, -17) (-6, 5) } trig:665.00
{ (-25, -26) (10, -10) (-11, 3) } trig:395.50
{ (-26, 0) (-7, 31) (1, 13) } trig:295.00
{ (-22, -11) (-4, -3) (30, -29) } trig:370.00
{ (-11, -16) (14, 22) (-23, -10) } trig:303.00
{ (-17, 1) (-4, 21) (-6, 12) } trig:38.50
{ (-24, 0) (25, -6) (8, -18) } trig:345.00
{ (-14, 13) (-4, -4) (-28, 0) } trig:184.00
{ (-18, 1) (-6, -10) (-2, 15) } trig:172.00
{ (21, 18) (-20, -1) (25, 16) } trig:79.00
{ (14, -4) (-4, 11) (14, -15) } trig:99.00
{ (-22, 0) (3, 9) (-30, 0) } trig:36.00
{ (25, 12) (-6, -18) (-5, 19) } trig:558.50
{ (27, -12) (-24, -21) (-30, -30) } trig:202.50
{ (-11, -24) (27, 9) (-20, -15) } trig:319.50
{ (-21, -21) (-7, -30) (2, -17) } trig:131.50
{ (12, -19) (27, 10) (-31, 31) } trig:998.50
{ (8, -20) (-22, -16) (-18, -17) } trig:7.00
{ (-2, -24) (-18, 18) (-22, 12) } trig:132.00
{ (0, -13) (-8, -8) (23, -21) } trig:25.50
{ (20, -9) (-23, -9) (22, 26) } trig:752.50
{ (27, -11) (26, -23) (20, 18) } trig:56.50
{ (-21, -26) (22, 0) (31, 2) } trig:74.00
{ (19, -26) (-20, 9) (1, 17) } trig:523.50
{ (23, -26) (4, -21) (10, -11) } trig:110.00
{ (26, 4) (-27, -8) (7, 5) } trig:140.50
{ (-3, 5) (-2, -13) (-3, 1) } trig:2.00
{ (-12, 27) (23, 0) (21, -17) } trig:324.50
{ (-6, -25) (3, 18) (-12, 20) } trig:331.50
{ (28, 8) (4, -28) (-13, 31) } trig:1014.00
{ (29, 17) (-8, -23) (-15, -5) } trig:473.00
{ (23, -30) (8, 26) (-12, 7) } trig:702.50
{ (-28, 9) (0, -24) (-21, -21) } trig:304.50
{ (11, -13) (-3, -30) (4, -20) } trig:10.50
{ (-31, 28) (16, -27) (22, 4) } trig:893.50
{ (6, -15) (16, -29) (-10, -14) } trig:107.00
{ (-12, 30) (11, 18) (-30, -10) } trig:568.00
{ (29, -5) (16, -31) (19, -17) } trig:52.00
{ (-22, 2) (20, -27) (-3, -30) } trig:396.50
{ (-25, 19) (-19, 9) (29, 7) } trig:234.00
{ (9, 3) (16, 0) (-26, 13) } trig:17.50
{ (28, -31) (0, -30) (1, 3) } trig:462.50
{ (23, 22) (26, -16) (1, -30) } trig:496.00
{ (-15, 2) (-5, 19) (24, 29) } trig:196.50
{ (6, -6) (-8, -1) (1, -6) } trig:12.50
{ (-17, 21) (16, -25) (15, -18) } trig:92.50
{ (-27, 24) (21, -9) (-7, 8) } trig:54.00
{ (30, 0) (1, 16) (29, -13) } trig:196.50
{ (-28, -7) (-5, -30) (26, 24) } trig:977.50
{ (-22, 14) (2, -23) (-28, -19) } trig:507.00
{ (-18, 27) (2, -1) (24, 7) } trig:388.00
{ (9, 23) (-8, 21) (30, 6) } trig:165.50
{ (-30, 26) (10, 25) (-1, 8) } trig:345.50
{ (21, 30) (28, -20) (-7, -19) } trig:871.50
{ (0, 14) (-27, 9) (-21, -28) } trig:514.50
{ (-15, 1) (16, 13) (-19, 8) } trig:132.50
{ (-25, -17) (14, -12) (22, 22) } trig:643.00
{ (-17, 5) (28, 25) (-14, 8) } trig:37.50
{ (10, -30) (-22, 11) (-30, -4) } trig:404.00
{ (27, 0) (3, -29) (11, -15) } trig:52.00
{ (3, 31) (-31, -23) (19, 4) } trig:891.00
{ (-2, 10) (7, 22) (-16, 4) } trig:57.00
{ (0, 17) (0, 10) (23, 10) } trig:80.50
{ (3, -25) (-8, 5) (-12, -4) } trig:109.50
{ (-24, -15) (-8, 24) (-21, 30) } trig:301.50
{ (1, 7) (-23, 29) (10, 25) } trig:315.00
{ (-7, 30) (-22, -28) (-8, 9) } trig:128.50
{ (-21, -24) (-15, 22) (-10, 9) } trig:154.00
{ (0, -4) (13, 25) (-3, -1) } trig:63.00
{ (25, 3) (11, -29) (-1, 4) } trig:423.00
{ (4, -4) (-15, 19) (-25, 10) } trig:200.50
{ (-30, 4) (17, -5) (-23, -13) } trig:368.00
{ (0, 18) (-20, -25) (-15, 20) } trig:342.50
{ (-11, -25) (10, 1) (-12, -31) } trig:50.00
{ (14, 29) (-23, -2) (6, 21) } trig:24.00
{ (10, 13) (-10, -19) (-7, 22) } trig:362.00
{ (31, -28) (-16, 23) (-8, 26) } trig:274.50
{ (1, -24) (-1, 27) (-28, -28) } trig:743.50
{ (-8, -13) (12, -9) (20, 0) } trig:74.00
{ (8, 27) (5, 6) (6, 14) } trig:1.50
{ (-3, 13) (28, -23) (11, -22) } trig:290.50
{ (12, 4) (-26, -19) (-27, 19) } trig:733.50
{ (-13, -14) (28, -4) (24, -7) } trig:41.50
{ (-4, 5) (2, -7) (-9, 31) } trig:48.00
{ (21, 5) (-11, 19) (0, -11) } trig:403.00
{ (30, -19) (26, -6) (-15, -27) } trig:308.50
{ (-19, 0) (-29, 17) (-16, 28) } trig:165.50
{ (31, 27) (-14, -31) (0, 5) } trig:404.00
{ (-22, 17) (10, -23) (27, -11) } trig:532.00
{ (-18, -20) (-25, 26) (5, -29) } trig:497.50
{ (2, -16) (-23, 0) (-8, -22) } trig:155.00
{ (-17, 20) (-1, 4) (-28, -2) } trig:264.00
{ (14, -18) (-12, 15) (31, 11) } trig:657.50
{ (27, -10) (24, 16) (-2, 14) } trig:341.00
{ (31, -19) (-9, -23) (31, 16) } trig:700.00
{ (-26, -27) (0, 2) (16, 19) } trig:11.00
{ (14, 15) (-20, 4) (24, 17) } trig:21.00
{ (16, -21) (15, -21) (-6, 0) } trig:10.50
{ (-28, -6) (14, 13) (-8, 28) } trig:524.00
{ (9, 1) (8, -8) (31, 1) } trig:99.00
{ (18, 25) (-31, -16) (-9, 21) } trig:455.50
{ (-15, -1) (-18, 1) (-19, -2) } trig:5.50
{ (-5, -11) (4, -2) (30, -7) } trig:139.50
{ (10, 18) (-25, -25) (24, 20) } trig:266.00
{ (18, -5) (30, 29) (4, 1) } trig:274.00
{ (-6, 20) (4, 3) (-19, 10) } trig:160.50
{ (-20, 1) (-23, -25) (-15, 0) } trig:66.50
{ (16, 14) (29, -15) (23, -18) } trig:106.50
{ (0, -1) (-10, -24) (29, 4) } trig:308.50
{ (-28, -18) (6, -26) (-3, 12) } trig:610.00
{ (-24, 18) (28, 0) (-18, 5) } trig:284.00
{ (-28, -5) (-7, 29) (-6, 17) } trig:143.00
{ (-20, -27) (4, -21) (-12, 1) } trig:312.00
{ (-2, 6) (-28, -31) (31, 20) } trig:428.50
{ (10, 10) (29, -9) (-6, -4) } trig:285.00
{ (23, 0) (9, 31) (-28, -31) } trig:1007.50
{ (10, 0) (29, -4) (15, 9) } trig:95.50
{ (-16, -31) (10, 22) (-9, 26) } trig:555.50
{ (-10, -1) (-31, 27) (31, 26) } trig:857.50
{ (-30, -29) (23, -10) (30, 21) } trig:755.00
{ (-11, -26) (-12, -15) (23, 16) } trig:208.00
{ (13, 30) (-10, 21) (3, -12) } trig:438.00
{ (13, 14) (15, -30) (-19, -22) } trig:740.00
{ (22, -22) (9, -26) (21, 28) } trig:327.00
{ (30, 30) (-2, -21) (-14, -29) } trig:178.00
{ (-14, 19) (3, -2) (22, 19) } trig:378.00
{ (-23, -22) (-29, 9) (-5, -12) } trig:309.00
{ (-19, 18) (-17, -28) (22, 24) } trig:949.00
{ (6, -25) (6, -1) (11, 0) } trig:60.00
{ (-15, 15) (0, -14) (-30, -26) } trig:525.00
{ (-27, 20) (-8, 21) (-15, 10) } trig:101.00
{ (-15, -11) (-15, -16) (15, 17) } trig:75.00
{ (-14, 21) (-8, -19) (-9, -19) } trig:20.00
{ (13, -17) (-1, -21) (-20, -18) } trig:59.00
{ (13, 27) (11, -30) (10, 18) } trig:76.50
{ (-19, 27) (-31, -15) (-11, 0) } trig:330.00
{ (12, -25) (25, -14) (-15, 9) } trig:369.50
{ (-8, -8) (14, 3) (5, 31) } trig:357.50
{ (-6, -24) (-5, -28) (10, 22) } trig:55.00
{ (-17, -12) (0, 9) (-8, 28) } trig:245.50
{ (-23, 29) (-17, -14) (3, 19) } trig:529.00
{ (19, 16) (3, 19) (-31, -9) } trig:275.00
{ (9, 18) (27, 31) (-10, 27) } trig:204.50
{ (19, 20) (9, -8) (1, 15) } trig:227.00
{ (12, -18) (-12, 23) (-23, 22) } trig:237.50
{ (16, 0) (-29, 12) (-22, -22) } trig:723.00
{ (-30, -19) (0, 28) (23, 31) } trig:495.50
{ (30, -12) (18, -23) (-18, 21) } trig:462.00
{ (-3, 6) (-23, 12) (24, 20) } trig:221.00
{ (-6, 12) (-22, -16) (25, 14) } trig:418.00
{ (-2, 11) (18, 4) (-20, 13) } trig:43.00
{ (2, 14) (6, -18) (2, 16) } trig:4.00
{ (-5, -10) (-13, 22) (-5, -25) } trig:60.00
{ (25, 25) (1, 17) (3, -19) } trig:440.00
{ (-30, 0) (-6, -4) (22, 0) } trig:104.00
{ (10, 18) (1, -5) (21, 2) } trig:198.50
{ (-3, 5) (4, 10) (0, 2) } trig:18.00
{ (-27, -7) (-16, 31) (-22, -15) } trig:139.00
{ (22, 30) (-11, -30) (22, 12) } trig:297.00
{ (-10, -16) (27, 20) (3, 3) } trig:117.50
{ (31, -24) (-19, 21) (-28, 6) } trig:577.50
{ (-26, -20) (-13, 1) (3, -7) } trig:220.00
{ (-6, -5) (14, -12) (-31, -22) } trig:257.50
{ (-8, 18) (11, 0) (11, 17) } trig:161.50
{ (-4, 29) (-11, 10) (0, 14) } trig:90.50
{ (-3, -30) (-2, -9) (-27, -14) } trig:260.00
{ (-4, -16) (3, -3) (-7, 9) } trig:107.00
{ (-21, 1) (-17, -19) (-28, -5) } trig:82.00
{ (0, 4) (-30, 6) (-19, -11) } trig:244.00
{ (10, 23) (2, 10) (12, -14) } trig:161.00
{ (-31, 10) (-3, -12) (21, 31) } trig:866.00
{ (3, -19) (28, 3) (0, -13) } trig:108.00
{ (-12, 21) (10, -17) (-31, 29) } trig:273.00
{ (-4, 19) (3, -20) (-25, -26) } trig:567.00
{ (-11, 29) (-6, -21) (-3, -18) } trig:82.50
{ (-31, 31) (30, 10) (17, -12) } trig:807.50
{ (-16, 10) (19, 21) (9, -27) } trig:785.00
{ (-26, -20) (16, -11) (-9, -16) } trig:7.50
{ (-31, 15) (17, -30) (-16, 26) } trig:601.50
{ (-10, -18) (-5, 15) (3, 6) } trig:154.50
{ (27, 6) (-29, 23) (-28, -8) } trig:859.50
{ (0, 18) (-2, 18) (-4, -2) } trig:20.00
{ (-16, 9) (-4, -26) (15, -26) } trig:332.50
{ (31, 15) (-26, 16) (1, -10) } trig:727.50
{ (-31, -31) (11, -26) (-5, -2) } trig:544.00
{ (14, 20) (3, -19) (0, -6) } trig:130.00
{ (-18, -19) (-26, -27) (-27, -31) } trig:12.00
{ (-6, 7) (-28, -19) (-3, -24) } trig:380.00
{ (-17, 28) (8, 0) (9, -5) } trig:48.50
{ (-4, -9) (-17, -7) (-15, 2) } trig:60.50
{ (-24, 27) (-3, 1) (16, -9) } trig:142.00
{ (8, 1) (-26, -28) (-30, -14) } trig:296.00
{ (-27, 3) (29, 18) (27, 8) } trig:265.00
{ (-17, 14) (-4, -12) (5, -19) } trig:71.50
{ (7, 21) (-23, 30) (-18, -19) } trig:712.50
{ (-16, -25) (0, -9) (9, 25) } trig:200.00
{ (-26, 29) (29, 10) (8, -21) } trig:1052.00
{ (-5, -8) (13, 25) (-7, 30) } trig:375.00
{ (-23, -5) (12, -5) (18, -8) } trig:52.50
{ (-2, -10) (-16, 23) (-10, 12) } trig:22.00
{ (10, -7) (-21, -3) (17, -3) } trig:76.00
{ (19, 31) (10, 12) (1, 1) } trig:36.00
{ (-28, 18) (-11, 11) (-19, -8) } trig:189.50
{ (3, 14) (23, 31) (29, 29) } trig:71.00
{ (-19, -18) (-27, -21) (-26, -27) } trig:25.50
{ (27, -19) (-10, -22) (3, -1) } trig:369.00
{ (-8, -25) (31, 31) (7, -16) } trig:244.50
{ (8, -29) (5, -31) (20, -27) } trig:9.00
{ (-29, -3) (4, 13) (-13, 24) } trig:317.50
{ (-8, -17) (16, 12) (3, -11) } trig:87.50
{ (2, 19) (-27, -20) (16, -28) } trig:954.50
{ (25, -9) (1, -28) (-4, -19) } trig:155.50
{ (-24, 0) (-8, 3) (-22, -8) } trig:67.00
{ (10, 20) (-28, -19) (9, -26) } trig:854.50
{ (0, 29) (0, 12) (-19, -19) } trig:161.50
{ (12, -14) (-18, 16) (-6, -21) } trig:375.00
{ (-1, 5) (7, 13) (5, 18) } trig:28.00
{ (10, -10) (18, 13) (4, -11) } trig:65.00
{ (30, -24) (13, 29) (-11, -30) } trig:1137.50
{ (8, -25) (7, 5) (-9, 14) } trig:235.50
{ (8, 4) (-9, 26) (-29, 13) } trig:330.50
{ (-14, 13) (8, -24) (4, -30) } trig:140.00
{ (17, -4) (26, 9) (9, 20) } trig:160.00
{ (-22, -8) (10, -29) (26, 21) } trig:968.00
{ (-12, 31) (-21, 20) (-27, 16) } trig:15.00
{ (14, -22) (25, -3) (-24, 8) } trig:526.00
{ (-24, 28) (24, -24) (-14, -16) } trig:796.00
{ (21, 16) (23, 29) (-27, -26) } trig:270.00
{ (-24, 10) (-25, 3) (0, 11) } trig:83.50
{ (-15, -16) (-10, -6) (6, 28) } trig:5.00
{ (-19, -8) (3, 15) (-26, 25) } trig:443.50
{ (3, 31) (-21, -27) (26, -18) } trig:1255.00
{ (18, 10) (-7, -25) (-18, -12) } trig:355.00
{ (-3, -1) (3, 25) (-18, -18) } trig:144.00
{ (29, 12) (30, 2) (23, -31) } trig:51.50
{ (-22, 20) (-8, -26) (8, 31) } trig:767.00
{ (22, 9) (-13, 5) (7, 27) } trig:345.00
{ (7, -8) (18, -17) (8, -11) } trig:12.00
{ (13, -9) (13, -4) (-21, -19) } trig:85.00
{ (-7, -13) (31, 4) (26, -2) } trig:71.50
{ (24, -15) (-24, -17) (-7, 28) } trig:1063.00
{ (8, 20) (-14, 3) (31, -3) } trig:448.50
{ (-4, -29) (-3, -5) (-12, 9) } trig:115.00
{ (25, -26) (-12, -29) (19, -1) } trig:471.50
{ (19, 27) (-2, -9) (23, -23) } trig:597.00
{ (11, -3) (23, 12) (15, 27) } trig:150.00
{ (24, 9) (-11, -16) (-12, -23) } trig:110.00
{ (13, 0) (-3, -14) (-1, 27) } trig:314.00
{ (-1, -30) (14, 18) (30, 22) } trig:354.00
{ (18, 21) (-16, 26) (-23, -4) } trig:527.50
{ (-10, -14) (-12, -5) (14, -4) } trig:118.00
{ (29, 14) (-3, -9) (1, -4) } trig:34.00
{ (-1, -1) (25, 28) (0, 3) } trig:37.50
{ (17, -4) (-2, 27) (14, -29) } trig:284.00
{ (-12, -30) (11, -14) (-13, -21) } trig:111.50
{ (-3, 27) (16, 0) (-7, -28) } trig:576.50
{ (-18, 16) (1, -10) (30, -17) } trig:310.50
{ (-12, 8) (-15, 1) (-29, -3) } trig:43.00
{ (23, -8) (-31, 7) (-29, 10) } trig:96.00
{ (-20, 28) (-16, 30) (4, -24) } trig:128.00
{ (-12, -15) (27, 12) (-1, -3) } trig:85.50
{ (6, -5) (-30, 5) (-6, -3) } trig:24.00
{ (28, 16) (6, 6) (2, 31) } trig:295.00
{ (-30, 29) (-10, -8) (-1, 1) } trig:256.50
{ (5, -25) (-28, 16) (-30, -30) } trig:800.00
{ (-9, -2) (-3, -3) (-27, -9) } trig:30.00
{ (-23, -24) (-24, -30) (-3, 29) } trig:33.50
{ (-22, 8) (-28, -13) (24, -26) } trig:585.00
{ (-7, -16) (19, -1) (-1, 1) } trig:176.00
{ (-5, -28) (-31, -5) (-6, -12) } trig:196.50
{ (-4, 5) (-28, 23) (8, -11) } trig:84.00
{ (-11, -2) (-16, -4) (27, 21) } trig:19.50
{ (19, 25) (-10, -16) (13, 0) } trig:239.50
{ (-23, 3) (5, -29) (-18, -17) } trig:200.00
{ (-21, 27) (-8, 11) (-29, -28) } trig:421.50
{ (0, -21) (-3, 15) (31, -15) } trig:567.00
{ (-30, 16) (16, 19) (8, 24) } trig:127.00
{ (-6, -26) (14, 16) (-13, -11) } trig:297.00
{ (-15, 31) (23, -9) (-27, 3) } trig:772.00
{ (-3, 6) (21, 5) (-21, 25) } trig:219.00
{ (-28, -28) (-27, 9) (6, -19) } trig:624.50
{ (4, 14) (-16, -2) (-31, 22) } trig:360.00
{ (-18, 11) (9, -16) (3, -19) } trig:121.50
{ (1, -13) (28, -31) (10, 1) } trig:270.00
{ (-10, 3) (9, 27) (12, 13) } trig:169.00
{ (17, 26) (-1, -12) (27, -22) } trig:622.00
{ (-17, -28) (-10, -1) (-26, -18) } trig:156.50
{ (-17, -14) (1, 19) (2, -20) } trig:367.50
{ (23, 26) (-27, -12) (7, -23) } trig:921.00
{ (13, -9) (-29, 0) (-21, 6) } trig:162.00
{ (10, 31) (2, -16) (6, -3) } trig:42.00
{ (-24, 21) (-5, 3) (-10, -17) } trig:235.00
{ (-1, 30) (-21, 31) (23, 28) } trig:8.00
{ (3, 18) (-14, -12) (-21, 0) } trig:207.00
{ (29, -25) (7, -27) (13, 16) } trig:467.00
{ (-22, -14) (7, -18) (-19, -9) } trig:78.50
{ (0, 23) (0, -6) (9, 0) } trig:130.50
{ (-13, -11) (-1, 26) (0, -9) } trig:228.50
{ (31, 4) (-26, 21) (-31, 24) } trig:43.00
{ (8, -27) (-11, -27) (29, 7) } trig:323.00
{ (-3, -12) (-26, 3) (-29, -29) } trig:390.50
{ (8, 4) (17, 27) (24, 0) } trig:202.00
{ (20, 21) (28, -28) (1, 3) } trig:537.50
{ (8, 27) (-16, -10) (8, -5) } trig:384.00
{ (-17, -18) (8, 15) (-16, 10) } trig:333.50
{ (8, -31) (-30, -14) (-7, -10) } trig:271.50
{ (-2, -24) (8, -29) (2, -21) } trig:25.00
{ (-16, -31) (-28, -7) (6, -15) } trig:360.00
{ (6, -5) (12, -13) (-28, 17) } trig:70.00
{ (23, -8) (14, 10) (-29, 8) } trig:396.00
{ (-9, 22) (26, 9) (30, 19) } trig:201.00
{ (0, -23) (14, 30) (2, -12) } trig:24.00
{ (20, 14) (-6, -20) (16, 26) } trig:224.00
{ (-1, -6) (25, 7) (6, 1) } trig:45.50
{ (16, -10) (-21, 21) (-18, -28) } trig:860.00
{ (1, -5) (-12, 5) (20, 15) } trig:225.00
{ (-20, -13) (-4, 24) (10, 2) } trig:435.00
{ (-17, -11) (1, -8) (-10, 14) } trig:214.50
{ (-21, -11) (-24, -18) (-26, 11) } trig:50.50
{ (-20, 30) (-26, 0) (-26, -31) } trig:93.00
{ (-26, 7) (5, 3) (-10, 17) } trig:187.00
{ (8, 4) (12, -21) (7, 31) } trig:41.50
{ (6, 18) (16, 2) (-21, 5) } trig:281.00
{ (25, -25) (-22, -12) (-17, 16) } trig:690.50
{ (9, -5) (-1, -16) (-19, -9) } trig:134.00
{ (15, 1) (25, -29) (-30, 16) } trig:600.00
{ (-9, 13) (-27, -20) (-26, 1) } trig:172.50
{ (13, 17) (10, -7) (-31, 23) } trig:537.00
{ (15, -23) (-14, -31) (9, -22) } trig:38.50
{ (15, 29) (18, 24) (-31, -24) } trig:194.50
{ (-17, 31) (-30, -11) (23, 25) } trig:879.00
{ (16, 5) (-16, -16) (8, -1) } trig:12.00
{ (-11, -22) (-23, 13) (0, 30) } trig:504.50
{ (16, -29) (-1, 12) (8, -8) } trig:14.50
{ (12, 19) (21, -12) (6, 19) } trig:93.00
{ (2, 19) (30, 24) (-7, -5) } trig:313.50
{ (18, -5) (-7, -29) (-1, -29) } trig:72.00
{ (-19, 22) (10, 17) (-11, 15) } trig:81.50
{ (11, 29) (0, -13) (18, 15) } trig:224.00
{ (-2, -9) (2, -6) (-1, 2) } trig:20.50
{ (-4, -1) (9, 20) (21, -9) } trig:314.50
{ (-8, 22) (-18, 11) (-21, 20) } trig:61.50
{ (27, -28) (28, 0) (30, 29) } trig:13.50
{ (15, 1) (2, -20) (7, 7) } trig:123.00
{ (17, 4) (6, -29) (12, -28) } trig:93.50
{ (-10, 2) (31, -8) (11, 0) } trig:64.00
{ (31, 5) (21, 0) (20, 8) } trig:42.50
{ (-3, 13) (22, 15) (-15, 21) } trig:112.00
{ (18, -26) (-18, -16) (-5, -25) } trig:97.00
{ (26, -11) (3, -1) (-24, -1) } trig:135.00
{ (14, -20) (-25, -9) (4, -24) } trig:133.00
{ (26, -4) (-3, 3) (17, -31) } trig:423.00
{ (21, 3) (0, 16) (-13, 18) } trig:63.50
{ (-7, 0) (7, -15) (19, 3) } trig:216.00
{ (-10, 23) (9, -16) (2, 0) } trig:15.50
{ (16, 29) (27, -1) (-31, -26) } trig:1007.50
{ (-19, -26) (23, 22) (-21, 8) } trig:762.00
{ (27, -24) (-2, 18) (-4, -24) } trig:651.00
{ (30, 8) (-27, 31) (28, 31) } trig:632.50
{ (-9, -6) (10, -1) (-16, 12) } trig:188.50
{ (-12, -4) (-19, -7) (19, -4) } trig:46.50
{ (1, -12) (28, -26) (17, 16) } trig:490.00
{ (6, 28) (-1, -10) (13, 21) } trig:157.50
{ (-24, 6) (16, 0) (23, 16) } trig:341.00
{ (19, -6) (1, 24) (-3, -20) } trig:456.00
{ (4, -15) (18, -9) (-6, -30) } trig:75.00
{ (-16, -14) (14, 25) (15, -31) } trig:859.50
{ (25, -1) (1, -1) (-1, 7) } trig:96.00
{ (17, -16) (17, -8) (13, 21) } trig:16.00
{ (21, -16) (21, -15) (-28, -30) } trig:24.50
{ (23, 19) (4, -18) (19, -9) } trig:192.00
{ (14, -29) (16, 0) (-19, -10) } trig:497.50
{ (-23, 31) (3, 14) (11, -20) } trig:374.00
{ (31, -6) (-10, -31) (25, -10) } trig:7.00
{ (1, -11) (18, -8) (-10, -8) } trig:42.00
{ (-28, -3) (-28, 27) (14, 29) } trig:630.00
{ (24, -19) (-4, 26) (12, 19) } trig:262.00
{ (16, -23) (15, 10) (-22, 4) } trig:613.50
{ (-5, -18) (-2, -9) (10, -30) } trig:85.50
{ (-25, 5) (-4, -31) (22, 6) } trig:856.50
{ (30, -13) (-16, 18) (27, 8) } trig:436.50
{ (-13, -12) (-31, -19) (-30, -29) } trig:93.50
{ (-12, 0) (-1, 0) (20, -5) } trig:27.50
{ (-6, 1) (-13, 24) (-17, -19) } trig:196.50
{ (21, -13) (18, -3) (31, 17) } trig:95.00
{ (2, 27) (30, 0) (5, -28) } trig:729.50
{ (27, 4) (-24, 8) (17, -27) } trig:810.50
{ (-10, 20) (10, 6) (-31, 4) } trig:307.00
{ (9, -3) (-4, 24) (30, 23) } trig:452.50
{ (17, 23) (30, -12) (1, 31) } trig:228.00
{ (-7, 13) (29, 23) (19, -16) } trig:652.00
{ (29, -15) (28, -2) (2, 26) } trig:155.00
{ (-25, 28) (4, -3) (-20, -27) } trig:720.00
{ (-22, 15) (21, 22) (-1, 26) } trig:163.00
{ (-22, 8) (-27, 6) (4, 1) } trig:43.50
{ (-4, 28) (-4, -10) (-19, -27) } trig:285.00
{ (-24, 26) (13, 16) (11, 7) } trig:176.50
{ (-13, -2) (28, -27) (25, 15) } trig:823.50
{ (-31, -12) (-9, -21) (-23, -6) } trig:102.00
{ (0, 25) (15, -16) (-8, 3) } trig:329.00
{ (-17, 2) (-16, 26) (10, 12) } trig:319.00
{ (-24, -16) (-4, 10) (-10, 25) } trig:228.00
{ (-25, -18) (12, -25) (0, 1) } trig:439.00
{ (8, -16) (7, -14) (-23, -14) } trig:30.00
{ (5, 6) (-25, -12) (-7, 4) } trig:78.00
{ (-26, -28) (1, -28) (1, 11) } trig:526.50
{ (-18, 30) (7, 1) (-11, 29) } trig:89.00
{ (-20, -19) (-22, 15) (-19, -9) } trig:27.00
{ (12, -1) (-2, -30) (9, -7) } trig:1.50
{ (-1, 21) (-8, -31) (22, 18) } trig:608.50
{ (28, 23) (25, -31) (-4, -13) } trig:810.00
{ (-8, -27) (9, -26) (-30, 4) } trig:274.50
{ (13, -9) (13, -5) (-29, 7) } trig:84.00
{ (-24, 15) (-6, 15) (-3, -24) } trig:351.00
{ (11, -17) (8, -25) (17, 14) } trig:22.50
{ (-26, -21) (20, 30) (-30, 6) } trig:723.00
{ (29, 0) (-8, 12) (-4, 8) } trig:50.00
{ (-31, 5) (28, 12) (19, -22) } trig:971.50
{ (-17, 10) (-5, -28) (18, -30) } trig:425.00
{ (-4, 18) (-1, -17) (30, -28) } trig:526.00
{ (-28, 19) (-23, 24) (-5, 11) } trig:77.50
{ (-26, -4) (-11, -25) (-9, 9) } trig:276.00
{ (-28, -6) (11, -13) (1, -24) } trig:249.50
{ (3, 31) (-8, -6) (-14, 4) } trig:166.00
{ (-21, -7) (-4, 5) (-16, -9) } trig:47.00
{ (-23, 25) (-20, 7) (-5, -18) } trig:97.50
{ (-31, 25) (22, -14) (6, 25) } trig:721.50
{ (-7, 15) (17, -21) (-6, -2) } trig:186.00
{ (-29, 14) (12, -11) (-2, 21) } trig:481.00
{ (20, 27) (2, -9) (13, 3) } trig:90.00
{ (13, -4) (-8, 5) (15, -24) } trig:201.00
{ (12, -14) (23, -27) (5, 0) } trig:31.50
{ (-9, 17) (-8, 0) (-9, 20) } trig:1.50
{ (-18, 21) (19, -18) (-3, 17) } trig:218.50
{ (-11, 19) (7, 12) (-30, -25) } trig:462.50
{ (-25, 4) (22, -24) (18, -4) } trig:414.00
{ (10, 19) (-14, -23) (-25, 0) } trig:507.00
{ (-10, -4) (-9, 8) (24, 31) } trig:186.50
{ (27, -7) (-30, 14) (-6, -13) } trig:517.50
{ (-30, 23) (-5, -8) (13, -10) } trig:254.00
{ (28, -22) (-21, 2) (-17, 19) } trig:464.50
{ (9, 27) (6, -9) (-30, 14) } trig:682.50
{ (13, 31) (20, -7) (9, 3) } trig:174.00
{ (-25, -22) (-31, 31) (-21, 21) } trig:235.00
{ (-23, -31) (12, -17) (11, -5) } trig:217.00
{ (25, -5) (0, -6) (25, 9) } trig:175.00
{ (17, 19) (-3, 31) (22, 15) } trig:10.00
{ (7, -14) (-6, 16) (11, 24) } trig:307.00
{ (28, -7) (-21, 8) (-5, -21) } trig:590.50
{ (0, 28) (22, 26) (7, 11) } trig:180.00
{ (7, -7) (-28, 15) (-2, -19) } trig:309.00
{ (-13, 20) (-13, 23) (13, 29) } trig:39.00
{ (20, 10) (-7, 7) (-4, -16) } trig:315.00
{ (18, -17) (-20, -2) (-11, -4) } trig:29.50
{ (20, -21) (5, -26) (-31, -5) } trig:247.50
{ (30, 16) (-29, 12) (9, 23) } trig:248.50
{ (-21, -5) (28, 2) (-29, -2) } trig:101.50
{ (-16, 17) (23, 29) (-6, -18) } trig:742.50
{ (-13, -4) (17, -25) (-1, 29) } trig:621.00
{ (-16, 25) (-15, -9) (30, 11) } trig:775.00
{ (31, 12) (2, -3) (28, -27) } trig:543.00
{ (7, -8) (20, -11) (29, 25) } trig:247.50
{ (-9, -29) (-3, 7) (16, -7) } trig:384.00
{ (-4, -21) (10, 16) (15, 5) } trig:169.50
{ (-8, -16) (-10, -12) (-10, -19) } trig:7.00
{ (26, -31) (9, -9) (30, 12) } trig:409.50
{ (17, 5) (4, -19) (-3, -20) } trig:77.50
{ (-5, -4) (-21, 13) (6, -29) } trig:106.50
{ (4, -4) (27, 17) (-9, -7) } trig:102.00
{ (-4, -23) (16, 1) (21, -21) } trig:280.00
{ (0, -21) (14, 25) (-7, -27) } trig:119.00
{ (-12, -16) (18, -10) (30, -12) } trig:66.00
{ (-31, -31) (19, -13) (-18, -17) } trig:233.00
{ (-1, 9) (-26, 20) (-9, -14) } trig:331.50
{ (27, -8) (25, 13) (-17, 3) } trig:451.00
{ (-23, -7) (-22, 10) (-23, 18) } trig:12.50
{ (0, -6) (4, 29) (18, -2) } trig:307.00
{ (10, 19) (-25, -1) (5, 15) } trig:20.00
{ (-9, -27) (8, 17) (-11, 25) } trig:486.00
{ (20, 24) (-14, -8) (0, -22) } trig:462.00
{ (27, -2) (20, 5) (-24, -9) } trig:203.00
{ (17, -16) (27, 13) (0, -13) } trig:261.50
{ (-25, -31) (25, 6) (8, 30) } trig:914.50
{ (-24, -21) (31, 5) (6, -21) } trig:390.00
{ (21, 11) (3, 10) (-6, -12) } trig:193.50
{ (5, 10) (7, -23) (22, -29) } trig:241.50
{ (16, -20) (16, 17) (-24, -28) } trig:740.00
{ (28, 4) (28, -5) (-25, 8) } trig:238.50
{ (3, -27) (9, 28) (-13, 13) } trig:560.00
{ (9, -26) (17, 0) (13, 27) } trig:160.00
{ (0, 13) (10, -20) (-5, 18) } trig:57.50
{ (-27, -4) (27, -21) (-21, -16) } trig:273.00
{ (26, 23) (-30, -17) (-13, -24) } trig:536.00
{ (-2, 8) (24, 1) (-21, -19) } trig:417.50
{ (12, -7) (-22, 27) (-24, 2) } trig:459.00
{ (2, -10) (-1, -19) (26, -6) } trig:102.00
{ (21, -31) (-12, 17) (-3, 24) } trig:331.50
{ (29, 28) (-4, 2) (19, -22) } trig:695.00
{ (-1, -31) (19, 1) (12, -12) } trig:18.00
{ (-24, 28) (-9, -25) (18, 25) } trig:1090.50
{ (15, -2) (-11, 27) (24, 31) } trig:559.50
{ (-7, -27) (-22, 2) (8, 4) } trig:450.00
{ (21, -10) (27, 22) (14, 3) } trig:151.00
{ (-31, -24) (-31, 4) (0, 10) } trig:434.00
{ (13, -1) (-13, 0) (-10, -27) } trig:349.50
{ (23, -4) (28, -27) (3, 12) } trig:190.00
{ (16, 7) (26, -3) (-21, 3) } trig:205.00
{ (-6, 0) (-12, 24) (28, 18) } trig:462.00
{ (2, -30) (-7, -3) (23, 19) } trig:504.00
{ (6, 20) (6, 14) (-25, -7) } trig:93.00
{ (-25, 6) (-9, 16) (-19, 15) } trig:42.00
{ (29, -18) (-16, -26) (6, -13) } trig:204.50
{ (10, 0) (13, -6) (3, 4) } trig:15.00
{ (25, 31) (-13, 4) (8, -4) } trig:435.50
{ (-12, 31) (29, -29) (-1, -21) } trig:736.00
{ (14, -24) (-11, -17) (17, -3) } trig:273.00
{ (-25, 21) (-12, -25) (1, -13) } trig:377.00
{ (23, -16) (24, -13) (-4, 21) } trig:59.00
{ (30, 25) (-2, -10) (20, -4) } trig:289.00
{ (31, -27) (5, -20) (-30, -16) } trig:70.50
{ (-24, -5) (0, 13) (-21, 14) } trig:201.00
{ (31, -12) (-5, 3) (27, 25) } trig:636.00
{ (-2, -15) (17, -3) (-2, 13) } trig:266.00
{ (-6, 30) (14, 16) (7, -1) } trig:219.00
{ (-17, -25) (20, 21) (-4, -16) } trig:132.50
{ (-27, 27) (14, 1) (16, -23) } trig:466.00
{ (21, 10) (1, 24) (14, 31) } trig:161.00
{ (-16, 0) (-20, 27) (-31, -19) } trig:240.50
{ (-9, 29) (0, -11) (-26, 7) } trig:439.00
{ (-26, 24) (26, -21) (11, -25) } trig:441.50
{ (12, 25) (20, 1) (-10, -28) } trig:476.00
{ (29, 30) (-25, -30) (29, 31) } trig:27.00
{ (19, 28) (12, 0) (6, 24) } trig:168.00
{ (14, -29) (4, -9) (2, 13) } trig:90.00
{ (27, 7) (-1, 20) (18, 26) } trig:207.50
{ (-31, 26) (-9, 14) (-28, -11) } trig:389.00
{ (27, 18) (13, 29) (-14, -25) } trig:526.50
{ (17, 12) (-3, -6) (-7, 2) } trig:116.00
{ (4, 30) (-15, 15) (12, -3) } trig:373.50
{ (24, 9) (9, -28) (4, 3) } trig:325.00
{ (-30, 29) (-3, -29) (10, 31) } trig:1187.00
{ (1, 27) (16, 30) (8, 24) } trig:33.00
{ (2, -26) (-7, 7) (-2, 30) } trig:186.00
{ (-8, -9) (-2, 15) (-19, -12) } trig:123.00
{ (8, 11) (18, -1) (-8, -17) } trig:236.00
{ (11, -10) (-10, -30) (10, -22) } trig:116.00
{ (14, -5) (-18, -27) (20, 12) } trig:206.00
{ (17, 8) (-14, -28) (26, -18) } trig:565.00
{ (14, -11) (-20, -17) (0, 23) } trig:620.00
{ (-18, -8) (-14, 25) (-29, -14) } trig:169.50
{ (-25, 19) (12, 11) (-14, 16) } trig:11.50
{ (7, -17) (9, -5) (-24, -2) } trig:201.00
{ (3, 20) (15, -17) (1, -24) } trig:301.00
{ (5, 1) (-23, 25) (-31, -19) } trig:712.00
{ (-6, -23) (-18, -6) (-18, -25) } trig:114.00
{ (-17, -8) (12, -4) (-7, 21) } trig:400.50
{ (0, -3) (-22, -4) (-21, -16) } trig:132.50
{ (-21, 1) (23, 16) (-9, 6) } trig:20.00
{ (-28, -27) (13, 28) (29, -6) } trig:1137.00
{ (18, 23) (26, -28) (4, 13) } trig:397.00
{ (25, -24) (-8, 24) (16, -13) } trig:34.50
{ (-13, 28) (31, -5) (-22, -31) } trig:1446.50
{ (-29, -11) (-15, -21) (2, -3) } trig:211.00
{ (15, 23) (7, -7) (27, 5) } trig:252.00
{ (-1, 13) (-25, 0) (13, -1) } trig:259.00
{ (1, -6) (29, -13) (24, -25) } trig:185.50
{ (-9, -12) (-27, -28) (29, 0) } trig:196.00
{ (15, 30) (11, 19) (30, 3) } trig:136.50
{ (23, 20) (29, 22) (25, -9) } trig:89.00
{ (30, -20) (27, -12) (-3, -14) } trig:123.00
{ (24, -15) (16, -20) (-11, -21) } trig:63.50
{ (10, 21) (28, 19) (15, -13) } trig:301.00
{ (-13, 27) (2, -16) (-24, -1) } trig:446.50
{ (26, -23) (26, 15) (9, 0) } trig:323.00
{ (-28, -2) (20, 24) (17, -12) } trig:825.00
{ (3, -1) (11, 0) (18, -19) } trig:79.50
{ (28, 13) (0, 17) (23, 3) } trig:150.00
{ (-4, -22) (17, 23) (-19, -24) } trig:316.50
{ (-8, 18) (-7, -2) (-1, -2) } trig:60.00
{ (19, 0) (31, -30) (-18, -5) } trig:585.00
{ (7, 28) (-29, -6) (17, 13) } trig:440.00
{ (-12, -10) (-21, 5) (-28, 0) } trig:75.00
{ (9, -26) (-11, 19) (-30, -28) } trig:897.50
{ (-19, -11) (-29, 29) (21, 31) } trig:1010.00
{ (17, 16) (-21, -8) (27, 26) } trig:70.00
{ (-22, -17) (30, 4) (-5, 2) } trig:315.50
{ (-17, -29) (14, -27) (-17, -10) } trig:294.50
{ (0, -29) (-24, -25) (27, 13) } trig:558.00
{ (6, 30) (-27, -16) (4, -14) } trig:680.00
{ (8, 2) (2, 7) (0, 12) } trig:10.00
{ (-10, 0) (10, 7) (-31, 16) } trig:233.50
{ (4, 17) (-29, 8) (-19, 28) } trig:285.00
{ (19, 29) (-12, 12) (22, -22) } trig:816.00
{ (-3, 17) (-19, -13) (15, -21) } trig:574.00
{ (20, 28) (5, -26) (22, -4) } trig:294.00
{ (-17, -9) (16, 16) (-23, 22) } trig:586.50
{ (24, -18) (21, -31) (11, -26) } trig:72.50
{ (-15, 8) (2, 9) (-1, 24) } trig:129.00
{ (30, 22) (30, 26) (-9, -31) } trig:78.00
{ (-22, 2) (18, -19) (-12, -31) } trig:555.00
{ (0, -8) (-14, 8) (10, 27) } trig:325.00
{ (25, 26) (-1, 25) (-22, -15) } trig:509.50
{ (-19, 25) (12, -15) (-4, -5) } trig:165.00
{ (1, -1) (-10, -31) (-19, -6) } trig:272.50
{ (19, 15) (22, -30) (3, 27) } trig:342.00
{ (-17, -17) (-4, 17) (15, 11) } trig:362.00
{ (11, -20) (2, 18) (-21, -24) } trig:626.00
{ (7, 23) (-8, 16) (-11, -5) } trig:147.00
{ (31, -7) (-12, -27) (6, 24) } trig:916.50
{ (-26, -15) (-26, 14) (27, -7) } trig:768.50
{ (-31, 22) (0, -9) (22, 0) } trig:480.50
{ (19, 8) (-18, 25) (-21, -16) } trig:784.00
{ (13, 3) (22, -16) (10, 2) } trig:33.00
{ (27, 5) (-30, -17) (-21, 30) } trig:1240.50
{ (5, 17) (4, 21) (24, 31) } trig:45.00
{ (20, 0) (17, 0) (-13, 13) } trig:19.50
{ (14, -15) (17, -3) (14, 6) } trig:31.50
{ (15, 28) (-17, -15) (24, -13) } trig:849.50
{ (-8, 6) (-3, -27) (-18, 31) } trig:102.50
{ (23, -9) (-25, -28) (23, 0) } trig:216.00
{ (-10, -27) (-9, 30) (-29, -4) } trig:553.00
{ (-19, -22) (5, -18) (-6, 0) } trig:238.00
{ (22, 1) (22, 0) (31, 10) } trig:4.50
{ (-25, -14) (-3, 17) (-7, -30) } trig:455.00
{ (16, 0) (13, -6) (2, 7) } trig:52.50
{ (-2, -26) (9, -22) (-31, -29) } trig:41.50
{ (22, 25) (-13, 30) (-7, 2) } trig:475.00
{ (3, -26) (-30, 12) (-26, 26) } trig:307.00
{ (-7, -25) (16, 11) (1, 0) } trig:143.50
{ (24, 1) (28, 2) (31, 20) } trig:34.50
{ (5, -29) (-1, 17) (-21, 12) } trig:475.00
{ (-22, -24) (3, 20) (-23, -5) } trig:259.50
{ (-5, 15) (-18, -19) (-31, 5) } trig:377.00
{ (4, 3) (2, -24) (-16, 14) } trig:281.00
{ (19, 14) (-9, -21) (26, 19) } trig:52.50
{ (5, 1) (-15, -5) (29, -13) } trig:212.00
{ (31, -7) (5, -4) (-13, 23) } trig:324.00
{ (-21, 15) (22, -27) (5, -29) } trig:400.00
{ (16, 26) (9, -2) (2, -14) } trig:56.00
{ (29, 12) (-21, -12) (4, -9) } trig:225.00
{ (1, -3) (-17, -14) (17, 0) } trig:61.00
{ (-26, -14) (22, 18) (-1, -26) } trig:688.00
{ (14, -24) (-17, 6) (-6, 28) } trig:506.00
{ (29, -4) (27, -31) (22, 12) } trig:110.50
{ (3, 27) (8, -13) (-5, -2) } trig:232.50
{ (-10, -25) (-18, 27) (-1, 24) } trig:430.00
{ (16, 23) (-20, 10) (11, 14) } trig:129.50
{ (19, -5) (16, 23) (23, 30) } trig:108.50
{ (10, -13) (-18, 23) (-15, -10) } trig:408.00
{ (4, 27) (26, -20) (11, 6) } trig:66.50
{ (31, -29) (26, 27) (16, -31) } trig:425.00
{ (29, 4) (24, 3) (-19, 0) } trig:14.00
{ (0, 0) (-10, 0) (-3, -8) } trig:40.00
{ (-19, -21) (-23, 20) (-30, -26) } trig:235.50
{ (-9, -30) (17, -22) (18, -29) } trig:95.00
{ (-5, -9) (12, 26) (5, 23) } trig:97.00
{ (30, -15) (9, 6) (-14, -31) } trig:630.00
{ (16, 2) (-12, -29) (11, 27) } trig:427.50
{ (-2, 14) (19, 9) (-1, -22) } trig:375.50
{ (16, -13) (19, -19) (15, 20) } trig:46.50
{ (0, 4) (-2, -2) (-30, 29) } trig:115.00
{ (19, 3) (6, -4) (-2, -26) } trig:115.00
{ (-8, -21) (20, -24) (8, -19) } trig:52.00
{ (-20, 11) (17, 0) (10, -26) } trig:519.50
{ (15, 7) (15, 29) (-1, 27) } trig:176.00
{ (15, 18) (5, 15) (-18, -11) } trig:95.50
{ (-20, -19) (-18, -11) (-16, 20) } trig:23.00
{ (20, -10) (8, 16) (-20, 14) } trig:376.00
{ (30, 7) (-19, -23) (24, 10) } trig:163.50
{ (-11, -14) (-20, 14) (26, 31) } trig:720.50
{ (16, -24) (-17, -12) (-28, -6) } trig:33.00
{ (-19, -13) (-9, -2) (4, -12) } trig:121.50
{ (0, 17) (16, -24) (19, 25) } trig:453.50
{ (-31, -16) (21, 6) (-24, -6) } trig:183.00
{ (-13, -12) (-12, -24) (-30, 17) } trig:87.50
{ (-11, -18) (-29, -29) (19, 0) } trig:3.00
{ (-22, 29) (-29, -27) (4, 22) } trig:752.50
{ (20, 16) (22, 4) (16, -6) } trig:46.00
{ (14, 28) (-17, 11) (-4, -29) } trig:730.50
{ (8, 13) (0, 0) (-30, 6) } trig:219.00
{ (-31, -3) (9, -7) (0, 15) } trig:422.00
{ (0, 21) (-11, -2) (20, 3) } trig:329.00
{ (27, -9) (4, -4) (-14, 31) } trig:357.50
{ (-17, 24) (-8, 30) (-28, 4) } trig:57.00
{ (28, 3) (-30, -14) (-22, 0) } trig:338.00
{ (1, -28) (-15, -11) (-11, -11) } trig:34.00
{ (1, 0) (-24, -6) (21, -16) } trig:260.00
{ (8, 16) (-7, 0) (6, 19) } trig:38.50
{ (27, 22) (19, -12) (-28, 24) } trig:943.00
{ (3, -27) (3, 8) (1, 7) } trig:35.00
{ (17, 5) (28, 25) (7, 30) } trig:237.50
{ (6, 8) (17, -16) (-15, -17) } trig:389.50
{ (-26, 3) (-23, -22) (-14, 8) } trig:157.50
{ (-1, 20) (-2, 12) (-12, 11) } trig:39.50
{ (-16, -31) (-7, -14) (0, 0) } trig:3.50
{ (19, 13) (-11, -24) (2, -22) } trig:210.50
{ (-27, 16) (19, 22) (-6, 29) } trig:236.00
{ (-16, 16) (-25, -17) (19, -4) } trig:667.50
{ (-2, 30) (23, -29) (13, 23) } trig:355.00
{ (-4, -25) (19, -2) (30, 3) } trig:69.00
{ (-18, 26) (20, 20) (-2, -6) } trig:560.00
{ (-7, 4) (11, 8) (-20, -3) } trig:37.00
{ (-16, 25) (-10, 9) (-11, 13) } trig:4.00
{ (-21, -19) (7, -28) (25, 17) } trig:711.00
{ (21, -8) (26, -17) (16, -5) } trig:15.00
{ (14, -1) (-25, -23) (31, 21) } trig:242.00
{ (-19, -22) (-7, 2) (-22, -15) } trig:78.00
{ (0, 19) (-2, -11) (7, -26) } trig:150.00
{ (23, 27) (-12, -13) (5, 0) } trig:112.50
{ (3, -6) (7, -23) (-17, 10) } trig:138.00
{ (-14, 4) (28, 27) (-8, -23) } trig:636.00
{ (-21, 31) (17, -12) (-28, 27) } trig:226.50
{ (-28, 26) (31, 28) (31, 24) } trig:118.00
{ (2, -29) (-1, -14) (-20, 3) } trig:117.00
{ (2, 14) (-4, 25) (23, 19) } trig:130.50
{ (25, 19) (21, -8) (-30, -14) } trig:676.50
{ (-2, 21) (-27, -6) (-10, 24) } trig:145.50
{ (-21, 25) (-6, -1) (5, -12) } trig:60.50
{ (-16, -15) (11, -5) (-1, -30) } trig:277.50
{ (-25, 22) (-20, 30) (17, 0) } trig:223.00
{ (1, 6) (23, 15) (22, -27) } trig:457.50
{ (-30, 8) (-29, -23) (-30, 13) } trig:2.50
{ (31, 11) (-21, 12) (9, -31) } trig:1103.00
{ (19, -5) (7, -28) (13, -3) } trig:81.00
{ (7, 14) (8, -26) (-22, -24) } trig:599.00
{ (-10, 10) (5, -24) (20, -12) } trig:345.00
{ (19, -2) (20, 9) (21, 8) } trig:6.00
{ (1, 28) (-27, -15) (20, -1) } trig:814.50
{ (30, -10) (5, 2) (-7, -16) } trig:297.00
{ (3, 21) (-19, -12) (-29, -17) } trig:110.00
{ (13, 4) (-7, -6) (-14, 10) } trig:195.00
{ (29, -13) (-9, 29) (-18, 24) } trig:284.00
{ (10, 30) (-21, 3) (-21, 24) } trig:325.50
{ (31, 19) (2, -6) (-6, 31) } trig:636.50
{ (-6, 6) (22, 22) (-20, 0) } trig:28.00
{ (-3, -5) (-9, -9) (-21, -19) } trig:6.00
{ (-16, -14) (-22, -7) (9, 9) } trig:156.50
{ (-29, 8) (-15, -11) (-11, 4) } trig:143.00
 n: disk_ops: 1



{ (19, -9) (26, -20) (-4, 27) } trig:0.50
{ (-21, 11) (-29, -20) (-23, 3) } trig:1.00
{ (24, -11) (24, -10) (26, 3) } trig:1.00
{ (12, -1) (-2, -30) (9, -7) } trig:1.50
{ (-9, 17) (-8, 0) (-9, 20) } trig:1.50
{ (8, 27) (5, 6) (6, 14) } trig:1.50
{ (-3, 5) (-2, -13) (-3, 1) } trig:2.00
{ (10, 12) (8, 11) (29, 19) } trig:2.50
{ (-30, 8) (-29, -23) (-30, 13) } trig:2.50
{ (-11, -18) (-29, -29) (19, 0) } trig:3.00
{ (-3, 15) (-11, -11) (0, 24) } trig:3.00
{ (-16, -31) (-7, -14) (0, 0) } trig:3.50
{ (2, 14) (6, -18) (2, 16) } trig:4.00
{ (-16, 25) (-10, 9) (-11, 13) } trig:4.00
{ (6, 27) (8, 24) (19, 3) } trig:4.50
{ (22, 1) (22, 0) (31, 10) } trig:4.50
{ (-9, -26) (-14, -16) (-25, 4) } trig:5.00
{ (6, 12) (8, -26) (8, -31) } trig:5.00
{ (-8, 21) (-9, 22) (-5, 28) } trig:5.00
{ (-15, -16) (-10, -6) (6, 28) } trig:5.00
{ (-15, -1) (-18, 1) (-19, -2) } trig:5.50
{ (-12, 10) (-4, 30) (-25, -21) } trig:6.00
{ (-27, -1) (-6, 14) (-22, 2) } trig:6.00
{ (19, -2) (20, 9) (21, 8) } trig:6.00
{ (-3, -5) (-9, -9) (-21, -19) } trig:6.00
{ (3, 13) (11, -22) (2, 19) } trig:6.50
{ (8, -20) (-22, -16) (-18, -17) } trig:7.00
{ (31, -6) (-10, -31) (25, -10) } trig:7.00
{ (-8, -16) (-10, -12) (-10, -19) } trig:7.00
{ (-26, -20) (16, -11) (-9, -16) } trig:7.50
{ (-3, -26) (-30, -18) (-28, -18) } trig:8.00
{ (-1, 30) (-21, 31) (23, 28) } trig:8.00
{ (8, -29) (5, -31) (20, -27) } trig:9.00
{ (8, 2) (2, 7) (0, 12) } trig:10.00
{ (-16, 13) (-20, 15) (-26, 13) } trig:10.00
{ (17, 19) (-3, 31) (22, 15) } trig:10.00
{ (30, 15) (30, 5) (28, -15) } trig:10.00
{ (16, -21) (15, -21) (-6, 0) } trig:10.50
{ (11, -13) (-3, -30) (4, -20) } trig:10.50
{ (-26, -27) (0, 2) (16, 19) } trig:11.00
{ (-25, 19) (12, 11) (-14, 16) } trig:11.50
{ (-3, -19) (-22, -27) (7, -16) } trig:11.50
{ (-23, -30) (-13, -19) (11, 5) } trig:12.00
{ (16, 5) (-16, -16) (8, -1) } trig:12.00
{ (7, -8) (18, -17) (8, -11) } trig:12.00
{ (-18, -19) (-26, -27) (-27, -31) } trig:12.00
{ (-23, -7) (-22, 10) (-23, 18) } trig:12.50
{ (6, -6) (-8, -1) (1, -6) } trig:12.50
{ (27, -28) (28, 0) (30, 29) } trig:13.50
{ (12, -15) (27, -19) (-6, -12) } trig:13.50
{ (29, 4) (24, 3) (-19, 0) } trig:14.00
{ (16, -29) (-1, 12) (8, -8) } trig:14.50
{ (21, -7) (-16, 26) (10, 2) } trig:15.00
{ (-12, 31) (-21, 20) (-27, 16) } trig:15.00
{ (10, 0) (13, -6) (3, 4) } trig:15.00
{ (21, -8) (26, -17) (16, -5) } trig:15.00
{ (-10, 23) (9, -16) (2, 0) } trig:15.50
{ (17, -16) (17, -8) (13, 21) } trig:16.00
{ (-26, -10) (-9, 3) (-22, -5) } trig:16.50
{ (9, 3) (16, 0) (-26, 13) } trig:17.50
{ (-20, 22) (-10, 15) (22, -11) } trig:18.00
{ (-3, 5) (4, 10) (0, 2) } trig:18.00
{ (-1, -31) (19, 1) (12, -12) } trig:18.00
{ (20, 0) (17, 0) (-13, 13) } trig:19.50
{ (-11, -2) (-16, -4) (27, 21) } trig:19.50
{ (-14, 21) (-8, -19) (-9, -19) } trig:20.00
{ (0, 18) (-2, 18) (-4, -2) } trig:20.00
{ (10, 19) (-25, -1) (5, 15) } trig:20.00
{ (-21, 1) (23, 16) (-9, 6) } trig:20.00
{ (-2, -9) (2, -6) (-1, 2) } trig:20.50
{ (20, 13) (15, -9) (19, 17) } trig:21.00
{ (-26, 13) (-23, -5) (-20, -9) } trig:21.00
{ (14, 15) (-20, 4) (24, 17) } trig:21.00
{ (16, -1) (-24, 18) (-20, 15) } trig:22.00
{ (-2, -10) (-16, 23) (-10, 12) } trig:22.00
{ (11, -17) (8, -25) (17, 14) } trig:22.50
{ (-20, -19) (-18, -11) (-16, 20) } trig:23.00
{ (14, 29) (-23, -2) (6, 21) } trig:24.00
{ (6, -5) (-30, 5) (-6, -3) } trig:24.00
{ (0, -23) (14, 30) (2, -12) } trig:24.00
{ (21, -16) (21, -15) (-28, -30) } trig:24.50
{ (-2, -24) (8, -29) (2, -21) } trig:25.00
{ (-19, -18) (-27, -21) (-26, -27) } trig:25.50
{ (0, -13) (-8, -8) (23, -21) } trig:25.50
{ (29, 30) (-25, -30) (29, 31) } trig:27.00
{ (-20, -19) (-22, 15) (-19, -9) } trig:27.00
{ (-8, -9) (10, 9) (-21, -25) } trig:27.00
{ (18, -22) (-19, 31) (10, -12) } trig:27.00
{ (-12, 0) (-1, 0) (20, -5) } trig:27.50
{ (-6, 6) (22, 22) (-20, 0) } trig:28.00
{ (-1, 5) (7, 13) (5, 18) } trig:28.00
{ (19, -15) (12, -8) (-4, 0) } trig:28.00
{ (18, -17) (-20, -2) (-11, -4) } trig:29.50
{ (-5, 7) (-6, 19) (-12, 31) } trig:30.00
{ (8, -16) (7, -14) (-23, -14) } trig:30.00
{ (-9, -2) (-3, -3) (-27, -9) } trig:30.00
{ (-9, 22) (-15, 29) (20, -22) } trig:30.50
{ (-3, -20) (2, -24) (25, -30) } trig:31.00
{ (14, -15) (17, -3) (14, 6) } trig:31.50
{ (12, -14) (23, -27) (5, 0) } trig:31.50
{ (1, 27) (16, 30) (8, 24) } trig:33.00
{ (13, 3) (22, -16) (10, 2) } trig:33.00
{ (16, -24) (-17, -12) (-28, -6) } trig:33.00
{ (-23, -24) (-24, -30) (-3, 29) } trig:33.50
{ (1, -28) (-15, -11) (-11, -11) } trig:34.00
{ (29, 14) (-3, -9) (1, -4) } trig:34.00
{ (24, 1) (28, 2) (31, 20) } trig:34.50
{ (25, -24) (-8, 24) (16, -13) } trig:34.50
{ (3, -27) (3, 8) (1, 7) } trig:35.00
{ (29, 4) (15, -3) (-19, -15) } trig:35.00
{ (19, 4) (14, 3) (15, -11) } trig:35.50
{ (12, 24) (27, 18) (5, 22) } trig:36.00
{ (18, -9) (12, -16) (18, 3) } trig:36.00
{ (19, 31) (10, 12) (1, 1) } trig:36.00
{ (-22, 0) (3, 9) (-30, 0) } trig:36.00
{ (-18, -9) (-11, 13) (-8, 12) } trig:36.50
{ (-7, 4) (11, 8) (-20, -3) } trig:37.00
{ (-1, -1) (25, 28) (0, 3) } trig:37.50
{ (-17, 5) (28, 25) (-14, 8) } trig:37.50
{ (-12, 28) (4, 27) (23, 21) } trig:38.50
{ (15, -23) (-14, -31) (9, -22) } trig:38.50
{ (-17, 1) (-4, 21) (-6, 12) } trig:38.50
{ (8, 16) (-7, 0) (6, 19) } trig:38.50
{ (-13, 20) (-13, 23) (13, 29) } trig:39.00
{ (-1, 20) (-2, 12) (-12, 11) } trig:39.50
{ (-7, 5) (-12, 9) (-3, -14) } trig:39.50
{ (0, 0) (-10, 0) (-3, -8) } trig:40.00
{ (9, 10) (-3, -17) (8, 1) } trig:40.50
{ (-2, -26) (9, -22) (-31, -29) } trig:41.50
{ (-13, -14) (28, -4) (24, -7) } trig:41.50
{ (8, 4) (12, -21) (7, 31) } trig:41.50
{ (-25, 6) (-9, 16) (-19, 15) } trig:42.00
{ (1, -11) (18, -8) (-10, -8) } trig:42.00
{ (10, 31) (2, -16) (6, -3) } trig:42.00
{ (31, 5) (21, 0) (20, 8) } trig:42.50
{ (-12, 8) (-15, 1) (-29, -3) } trig:43.00
{ (-2, 11) (18, 4) (-20, 13) } trig:43.00
{ (31, 4) (-26, 21) (-31, 24) } trig:43.00
{ (-22, 8) (-27, 6) (4, 1) } trig:43.50
{ (15, 27) (-14, 27) (-10, 24) } trig:43.50
{ (6, -3) (8, 3) (-15, -22) } trig:44.00
{ (5, 17) (4, 21) (24, 31) } trig:45.00
{ (-1, -6) (25, 7) (6, 1) } trig:45.50
{ (20, 16) (22, 4) (16, -6) } trig:46.00
{ (-12, -4) (-19, -7) (19, -4) } trig:46.50
{ (16, -13) (19, -19) (15, 20) } trig:46.50
{ (-21, -7) (-4, 5) (-16, -9) } trig:47.00
{ (-4, 5) (2, -7) (-9, 31) } trig:48.00
{ (-17, 28) (8, 0) (9, -5) } trig:48.50
{ (13, 2) (23, -9) (-16, 24) } trig:49.50
{ (16, -29) (16, 4) (13, -19) } trig:49.50
{ (29, 0) (-8, 12) (-4, 8) } trig:50.00
{ (-11, -25) (10, 1) (-12, -31) } trig:50.00
{ (-21, -11) (-24, -18) (-26, 11) } trig:50.50
{ (29, 12) (30, 2) (23, -31) } trig:51.50
{ (-8, -21) (20, -24) (8, -19) } trig:52.00
{ (29, -5) (16, -31) (19, -17) } trig:52.00
{ (27, 0) (3, -29) (11, -15) } trig:52.00
{ (16, 0) (13, -6) (2, 7) } trig:52.50
{ (-23, -5) (12, -5) (18, -8) } trig:52.50
{ (19, 14) (-9, -21) (26, 19) } trig:52.50
{ (-16, -18) (-4, -18) (28, -9) } trig:54.00
{ (-27, 24) (21, -9) (-7, 8) } trig:54.00
{ (25, -21) (-4, -5) (-9, -6) } trig:54.50
{ (-6, -24) (-5, -28) (10, 22) } trig:55.00
{ (16, 26) (9, -2) (2, -14) } trig:56.00
{ (27, -11) (26, -23) (20, 18) } trig:56.50
{ (-2, 10) (7, 22) (-16, 4) } trig:57.00
{ (-17, 24) (-8, 30) (-28, 4) } trig:57.00
{ (0, 13) (10, -20) (-5, 18) } trig:57.50
{ (23, -16) (24, -13) (-4, 21) } trig:59.00
{ (13, -17) (-1, -21) (-20, -18) } trig:59.00
{ (-5, -10) (-13, 22) (-5, -25) } trig:60.00
{ (-8, 18) (-7, -2) (-1, -2) } trig:60.00
{ (6, -25) (6, -1) (11, 0) } trig:60.00
{ (-21, 25) (-6, -1) (5, -12) } trig:60.50
{ (-4, -9) (-17, -7) (-15, 2) } trig:60.50
{ (13, 19) (-9, -12) (-20, -22) } trig:60.50
{ (16, -27) (31, 17) (17, -16) } trig:60.50
{ (1, -3) (-17, -14) (17, 0) } trig:61.00
{ (-8, 22) (-18, 11) (-21, 20) } trig:61.50
{ (-1, -18) (-10, -8) (-4, -1) } trig:61.50
{ (5, -10) (-1, -9) (-8, 13) } trig:62.50
{ (-1, 15) (-1, 9) (-22, -17) } trig:63.00
{ (-10, 7) (-12, 17) (-15, -31) } trig:63.00
{ (0, -4) (13, 25) (-3, -1) } trig:63.00
{ (21, 3) (0, 16) (-13, 18) } trig:63.50
{ (-12, 0) (-22, 3) (-21, -10) } trig:63.50
{ (24, -15) (16, -20) (-11, -21) } trig:63.50
{ (29, -1) (7, 27) (26, -3) } trig:64.00
{ (-10, 2) (31, -8) (11, 0) } trig:64.00
{ (-15, -1) (20, -27) (11, -24) } trig:64.50
{ (10, -10) (18, 13) (4, -11) } trig:65.00
{ (-12, -16) (18, -10) (30, -12) } trig:66.00
{ (27, 0) (3, 23) (15, 17) } trig:66.00
{ (-20, 1) (-23, -25) (-15, 0) } trig:66.50
{ (4, 27) (26, -20) (11, 6) } trig:66.50
{ (-24, 0) (-8, 3) (-22, -8) } trig:67.00
{ (-2, 25) (-8, -16) (-1, 9) } trig:68.50
{ (-4, -25) (19, -2) (30, 3) } trig:69.00
{ (6, -5) (12, -13) (-28, 17) } trig:70.00
{ (17, 16) (-21, -8) (27, 26) } trig:70.00
{ (31, -27) (5, -20) (-30, -16) } trig:70.50
{ (3, 14) (23, 31) (29, 29) } trig:71.00
{ (-7, -13) (31, 4) (26, -2) } trig:71.50
{ (-17, 14) (-4, -12) (5, -19) } trig:71.50
{ (25, 3) (13, 15) (0, 16) } trig:72.00
{ (18, -5) (-7, -29) (-1, -29) } trig:72.00
{ (24, -18) (21, -31) (11, -26) } trig:72.50
{ (22, -13) (-14, -24) (-17, -29) } trig:73.50
{ (-21, -26) (22, 0) (31, 2) } trig:74.00
{ (-8, -13) (12, -9) (20, 0) } trig:74.00
{ (4, -15) (18, -9) (-6, -30) } trig:75.00
{ (-12, -12) (-6, -19) (-12, 13) } trig:75.00
{ (-12, -10) (-21, 5) (-28, 0) } trig:75.00
{ (-15, -11) (-15, -16) (15, 17) } trig:75.00
{ (10, -7) (-21, -3) (17, -3) } trig:76.00
{ (-5, -8) (8, 9) (-14, -8) } trig:76.50
{ (13, 27) (11, -30) (10, 18) } trig:76.50
{ (-28, 19) (-23, 24) (-5, 11) } trig:77.50
{ (17, 5) (4, -19) (-3, -20) } trig:77.50
{ (30, 22) (30, 26) (-9, -31) } trig:78.00
{ (-19, -22) (-7, 2) (-22, -15) } trig:78.00
{ (5, 6) (-25, -12) (-7, 4) } trig:78.00
{ (-22, -14) (7, -18) (-19, -9) } trig:78.50
{ (21, 18) (-20, -1) (25, 16) } trig:79.00
{ (3, -1) (11, 0) (18, -19) } trig:79.50
{ (0, 17) (0, 10) (23, 10) } trig:80.50
{ (19, -5) (7, -28) (13, -3) } trig:81.00
{ (-30, -7) (-30, -16) (-12, -2) } trig:81.00
{ (-19, 22) (10, 17) (-11, 15) } trig:81.50
{ (-21, 1) (-17, -19) (-28, -5) } trig:82.00
{ (-11, 29) (-6, -21) (-3, -18) } trig:82.50
{ (-24, 10) (-25, 3) (0, 11) } trig:83.50
{ (-4, 5) (-28, 23) (8, -11) } trig:84.00
{ (17, 0) (11, 0) (12, 28) } trig:84.00
{ (13, -9) (13, -5) (-29, 7) } trig:84.00
{ (16, 16) (2, 28) (16, 4) } trig:84.00
{ (13, -9) (13, -4) (-21, -19) } trig:85.00
{ (-12, -15) (27, 12) (-1, -3) } trig:85.50
{ (11, -14) (10, -4) (-8, 5) } trig:85.50
{ (-5, -18) (-2, -9) (10, -30) } trig:85.50
{ (0, -29) (4, -4) (12, 3) } trig:86.00
{ (2, 3) (31, -25) (31, -19) } trig:87.00
{ (-13, -12) (-12, -24) (-30, 17) } trig:87.50
{ (-8, -17) (16, 12) (3, -11) } trig:87.50
{ (-24, 13) (-3, -2) (-15, 15) } trig:88.50
{ (23, 20) (29, 22) (25, -9) } trig:89.00
{ (-18, 30) (7, 1) (-11, 29) } trig:89.00
{ (20, 27) (2, -9) (13, 3) } trig:90.00
{ (-9, -18) (-19, -13) (-19, 5) } trig:90.00
{ (14, -29) (4, -9) (2, 13) } trig:90.00
{ (-4, 29) (-11, 10) (0, 14) } trig:90.50
{ (-6, 0) (16, 14) (-5, 9) } trig:92.00
{ (-17, 21) (16, -25) (15, -18) } trig:92.50
{ (5, 10) (-20, 20) (1, 19) } trig:92.50
{ (-20, 30) (-26, 0) (-26, -31) } trig:93.00
{ (6, 20) (6, 14) (-25, -7) } trig:93.00
{ (12, 19) (21, -12) (6, 19) } trig:93.00
{ (17, 4) (6, -29) (12, -28) } trig:93.50
{ (7, 15) (8, 25) (25, 8) } trig:93.50
{ (-13, -12) (-31, -19) (-30, -29) } trig:93.50
{ (-18, -29) (-28, 23) (-14, -31) } trig:94.00
{ (-9, -30) (17, -22) (18, -29) } trig:95.00
{ (21, -13) (18, -3) (31, 17) } trig:95.00
{ (10, 0) (29, -4) (15, 9) } trig:95.50
{ (15, 18) (5, 15) (-18, -11) } trig:95.50
{ (23, -8) (-31, 7) (-29, 10) } trig:96.00
{ (-1, -20) (-9, -13) (-25, 25) } trig:96.00
{ (25, -1) (1, -1) (-1, 7) } trig:96.00
{ (7, -30) (17, -7) (28, -1) } trig:96.50
{ (18, -26) (-18, -16) (-5, -25) } trig:97.00
{ (-5, -9) (12, 26) (5, 23) } trig:97.00
{ (-23, 25) (-20, 7) (-5, -18) } trig:97.50
{ (14, -4) (-4, 11) (14, -15) } trig:99.00
{ (9, 1) (8, -8) (31, 1) } trig:99.00
{ (-27, 20) (-8, 21) (-15, 10) } trig:101.00
{ (17, 19) (28, 31) (-1, -19) } trig:101.00
{ (-21, -5) (28, 2) (-29, -2) } trig:101.50
{ (4, -4) (27, 17) (-9, -7) } trig:102.00
{ (-31, -12) (-9, -21) (-23, -6) } trig:102.00
{ (2, -10) (-1, -19) (26, -6) } trig:102.00
{ (19, 27) (18, 20) (-18, -27) } trig:102.50
{ (-8, 6) (-3, -27) (-18, 31) } trig:102.50
{ (-21, 27) (13, 8) (29, -7) } trig:103.00
{ (5, -12) (-20, 4) (-11, -10) } trig:103.00
{ (15, -9) (20, -31) (9, -24) } trig:103.50
{ (-30, 0) (-6, -4) (22, 0) } trig:104.00
{ (25, -31) (21, -20) (1, -17) } trig:104.00
{ (0, -2) (2, -10) (-19, -31) } trig:105.00
{ (-13, 30) (-8, -7) (-11, -27) } trig:105.50
{ (-5, -4) (-21, 13) (6, -29) } trig:106.50
{ (16, 14) (29, -15) (23, -18) } trig:106.50
{ (-4, -16) (3, -3) (-7, 9) } trig:107.00
{ (6, -15) (16, -29) (-10, -14) } trig:107.00
{ (3, -19) (28, 3) (0, -13) } trig:108.00
{ (19, -5) (16, 23) (23, 30) } trig:108.50
{ (3, -25) (-8, 5) (-12, -4) } trig:109.50
{ (3, 21) (-19, -12) (-29, -17) } trig:110.00
{ (23, -26) (4, -21) (10, -11) } trig:110.00
{ (24, 9) (-11, -16) (-12, -23) } trig:110.00
{ (29, -4) (27, -31) (22, 12) } trig:110.50
{ (3, 23) (20, -28) (13, 6) } trig:110.50
{ (31, -14) (-13, 0) (-10, -6) } trig:111.00
{ (-12, -30) (11, -14) (-13, -21) } trig:111.50
{ (-3, 13) (22, 15) (-15, 21) } trig:112.00
{ (23, 27) (-12, -13) (5, 0) } trig:112.50
{ (9, -27) (4, -2) (13, -2) } trig:112.50
{ (-5, -13) (-4, -24) (13, 15) } trig:113.00
{ (-6, -23) (-18, -6) (-18, -25) } trig:114.00
{ (19, 3) (6, -4) (-2, -26) } trig:115.00
{ (0, 4) (-2, -2) (-30, 29) } trig:115.00
{ (-4, -29) (-3, -5) (-12, 9) } trig:115.00
{ (5, 23) (0, 16) (1, -29) } trig:116.00
{ (17, 12) (-3, -6) (-7, 2) } trig:116.00
{ (11, -10) (-10, -30) (10, -22) } trig:116.00
{ (2, -29) (-1, -14) (-20, 3) } trig:117.00
{ (-10, -16) (27, 20) (3, 3) } trig:117.50
{ (-10, -14) (-12, -5) (14, -4) } trig:118.00
{ (-28, 26) (31, 28) (31, 24) } trig:118.00
{ (-23, 8) (-17, 9) (-14, -30) } trig:118.50
{ (0, -21) (14, 25) (-7, -27) } trig:119.00
{ (-25, -19) (-30, -25) (-29, 24) } trig:119.50
{ (0, -30) (8, 10) (8, -20) } trig:120.00
{ (-18, 11) (9, -16) (3, -19) } trig:121.50
{ (-19, -13) (-9, -2) (4, -12) } trig:121.50
{ (30, -22) (31, -8) (14, -2) } trig:122.00
{ (-8, -9) (-2, 15) (-19, -12) } trig:123.00
{ (30, -20) (27, -12) (-3, -14) } trig:123.00
{ (15, 1) (2, -20) (7, 7) } trig:123.00
{ (1, 24) (-24, 13) (-26, 22) } trig:123.50
{ (20, -12) (13, -11) (29, 22) } trig:123.50
{ (9, 12) (26, -19) (-5, 23) } trig:123.50
{ (-8, 13) (-22, 13) (9, -5) } trig:126.00
{ (-30, 16) (16, 19) (8, 24) } trig:127.00
{ (-12, -13) (26, -5) (-25, -9) } trig:128.00
{ (-20, 28) (-16, 30) (4, -24) } trig:128.00
{ (-7, 30) (-22, -28) (-8, 9) } trig:128.50
{ (-15, 8) (2, 9) (-1, 24) } trig:129.00
{ (16, 23) (-20, 10) (11, 14) } trig:129.50
{ (14, 20) (3, -19) (0, -6) } trig:130.00
{ (18, -24) (-15, 16) (8, -4) } trig:130.00
{ (2, 14) (-4, 25) (23, 19) } trig:130.50
{ (0, 23) (0, -6) (9, 0) } trig:130.50
{ (-21, -21) (-7, -30) (2, -17) } trig:131.50
{ (-15, -12) (18, -1) (-18, -21) } trig:132.00
{ (-17, -20) (-20, 1) (-6, -9) } trig:132.00
{ (17, 8) (1, 0) (18, -8) } trig:132.00
{ (-2, -24) (-18, 18) (-22, 12) } trig:132.00
{ (-17, -25) (20, 21) (-4, -16) } trig:132.50
{ (0, -3) (-22, -4) (-21, -16) } trig:132.50
{ (-15, 1) (16, 13) (-19, 8) } trig:132.50
{ (14, -20) (-25, -9) (4, -24) } trig:133.00
{ (-2, -24) (-5, -9) (14, -15) } trig:133.50
{ (9, -5) (-1, -16) (-19, -9) } trig:134.00
{ (26, -11) (3, -1) (-24, -1) } trig:135.00
{ (-6, -2) (-13, -21) (-2, -30) } trig:136.00
{ (-15, 20) (22, -3) (23, -11) } trig:136.50
{ (15, 30) (11, 19) (30, 3) } trig:136.50
{ (-4, 23) (-1, -1) (7, 27) } trig:138.00
{ (3, -6) (7, -23) (-17, 10) } trig:138.00
{ (-27, -7) (-16, 31) (-22, -15) } trig:139.00
{ (-5, -11) (4, -2) (30, -7) } trig:139.50
{ (-14, 13) (8, -24) (4, -30) } trig:140.00
{ (26, 4) (-27, -8) (7, 5) } trig:140.50
{ (-24, 27) (-3, 1) (16, -9) } trig:142.00
{ (-17, -28) (28, -13) (9, -13) } trig:142.50
{ (-28, -5) (-7, 29) (-6, 17) } trig:143.00
{ (-29, 8) (-15, -11) (-11, 4) } trig:143.00
{ (-7, -25) (16, 11) (1, 0) } trig:143.50
{ (-3, -1) (3, 25) (-18, -18) } trig:144.00
{ (-2, 21) (-27, -6) (-10, 24) } trig:145.50
{ (-7, -9) (27, -22) (-29, 8) } trig:146.00
{ (7, 23) (-8, 16) (-11, -5) } trig:147.00
{ (0, 19) (-2, -11) (7, -26) } trig:150.00
{ (28, 13) (0, 17) (23, 3) } trig:150.00
{ (11, -3) (23, 12) (15, 27) } trig:150.00
{ (21, -10) (27, 22) (14, 3) } trig:151.00
{ (-2, 23) (22, 15) (27, 26) } trig:152.00
{ (-1, -7) (0, 20) (-12, 4) } trig:154.00
{ (-21, -24) (-15, 22) (-10, 9) } trig:154.00
{ (-10, -18) (-5, 15) (3, 6) } trig:154.50
{ (29, -15) (28, -2) (2, 26) } trig:155.00
{ (2, -16) (-23, 0) (-8, -22) } trig:155.00
{ (25, -9) (1, -28) (-4, -19) } trig:155.50
{ (23, 19) (22, 3) (2, -5) } trig:156.00
{ (-16, -14) (-22, -7) (9, 9) } trig:156.50
{ (-17, -28) (-10, -1) (-26, -18) } trig:156.50
{ (-26, 3) (-23, -22) (-14, 8) } trig:157.50
{ (6, 28) (-1, -10) (13, 21) } trig:157.50
{ (-14, 1) (-28, 7) (-27, -16) } trig:158.00
{ (17, -4) (26, 9) (9, 20) } trig:160.00
{ (9, -26) (17, 0) (13, 27) } trig:160.00
{ (9, -15) (-8, -22) (16, -31) } trig:160.50
{ (-6, 20) (4, 3) (-19, 10) } trig:160.50
{ (10, 23) (2, 10) (12, -14) } trig:161.00
{ (21, 10) (1, 24) (14, 31) } trig:161.00
{ (0, 29) (0, 12) (-19, -19) } trig:161.50
{ (-8, 18) (11, 0) (11, 17) } trig:161.50
{ (13, -9) (-29, 0) (-21, 6) } trig:162.00
{ (-22, 15) (21, 22) (-1, 26) } trig:163.00
{ (30, 7) (-19, -23) (24, 10) } trig:163.50
{ (-19, 25) (12, -15) (-4, -5) } trig:165.00
{ (-19, 0) (-29, 17) (-16, 28) } trig:165.50
{ (9, 23) (-8, 21) (30, 6) } trig:165.50
{ (3, 31) (-8, -6) (-14, 4) } trig:166.00
{ (19, 28) (12, 0) (6, 24) } trig:168.00
{ (-3, 30) (-26, -27) (-19, 5) } trig:168.50
{ (-10, 3) (9, 27) (12, 13) } trig:169.00
{ (-18, -8) (-14, 25) (-29, -14) } trig:169.50
{ (-4, -21) (10, 16) (15, 5) } trig:169.50
{ (-18, 1) (-6, -10) (-2, 15) } trig:172.00
{ (-9, 13) (-27, -20) (-26, 1) } trig:172.50
{ (0, -16) (-4, -27) (29, -23) } trig:173.50
{ (12, -7) (-17, 23) (11, 6) } trig:173.50
{ (13, 31) (20, -7) (9, 3) } trig:174.00
{ (25, -5) (0, -6) (25, 9) } trig:175.00
{ (-7, -16) (19, -1) (-1, 1) } trig:176.00
{ (15, 7) (15, 29) (-1, 27) } trig:176.00
{ (-24, 26) (13, 16) (11, 7) } trig:176.50
{ (30, 30) (-2, -21) (-14, -29) } trig:178.00
{ (0, 28) (22, 26) (7, 11) } trig:180.00
{ (19, 7) (0, -15) (7, -26) } trig:181.50
{ (21, 5) (31, 29) (0, -9) } trig:182.00
{ (24, -24) (31, -24) (-28, 28) } trig:182.00
{ (-17, -16) (2, -9) (8, -26) } trig:182.50
{ (-31, -16) (21, 6) (-24, -6) } trig:183.00
{ (-14, 13) (-4, -4) (-28, 0) } trig:184.00
{ (-31, 12) (-14, 17) (-22, -7) } trig:184.00
{ (9, 18) (-14, 13) (14, 3) } trig:185.00
{ (1, -6) (29, -13) (24, -25) } trig:185.50
{ (-7, 15) (17, -21) (-6, -2) } trig:186.00
{ (31, 14) (10, -16) (-1, -14) } trig:186.00
{ (31, 6) (0, -25) (6, -31) } trig:186.00
{ (2, -26) (-7, 7) (-2, 30) } trig:186.00
{ (-10, -4) (-9, 8) (24, 31) } trig:186.50
{ (-26, 7) (5, 3) (-10, 17) } trig:187.00
{ (-9, -6) (10, -1) (-16, 12) } trig:188.50
{ (25, -14) (-21, 26) (8, 9) } trig:189.00
{ (-28, 18) (-11, 11) (-19, -8) } trig:189.50
{ (-8, 18) (10, 31) (17, 15) } trig:189.50
{ (23, -4) (28, -27) (3, 12) } trig:190.00
{ (18, -7) (0, -3) (19, 14) } trig:191.00
{ (23, 19) (4, -18) (19, -9) } trig:192.00
{ (21, 11) (3, 10) (-6, -12) } trig:193.50
{ (15, 29) (18, 24) (-31, -24) } trig:194.50
{ (13, 4) (-7, -6) (-14, 10) } trig:195.00
{ (1, 3) (17, 5) (-18, 25) } trig:195.00
{ (-9, -12) (-27, -28) (29, 0) } trig:196.00
{ (-26, 12) (28, 14) (-19, 5) } trig:196.00
{ (4, -1) (-4, -26) (29, 28) } trig:196.50
{ (-15, 2) (-5, 19) (24, 29) } trig:196.50
{ (-5, -28) (-31, -5) (-6, -12) } trig:196.50
{ (-6, 1) (-13, 24) (-17, -19) } trig:196.50
{ (30, 0) (1, 16) (29, -13) } trig:196.50
{ (10, 18) (1, -5) (21, 2) } trig:198.50
{ (-23, 3) (5, -29) (-18, -17) } trig:200.00
{ (-16, -25) (0, -9) (9, 25) } trig:200.00
{ (4, -4) (-15, 19) (-25, 10) } trig:200.50
{ (7, -17) (9, -5) (-24, -2) } trig:201.00
{ (-24, -5) (0, 13) (-21, 14) } trig:201.00
{ (13, -4) (-8, 5) (15, -24) } trig:201.00
{ (-9, 22) (26, 9) (30, 19) } trig:201.00
{ (-17, -28) (-30, 7) (-17, 3) } trig:201.50
{ (8, 4) (17, 27) (24, 0) } trig:202.00
{ (9, 12) (-16, -22) (-22, -14) } trig:202.00
{ (-5, 29) (-23, -16) (-18, 19) } trig:202.50
{ (27, -12) (-24, -21) (-30, -30) } trig:202.50
{ (27, -2) (20, 5) (-24, -9) } trig:203.00
{ (9, 18) (27, 31) (-10, 27) } trig:204.50
{ (29, -18) (-16, -26) (6, -13) } trig:204.50
{ (16, 7) (26, -3) (-21, 3) } trig:205.00
{ (14, -5) (-18, -27) (20, 12) } trig:206.00
{ (3, 18) (-14, -12) (-21, 0) } trig:207.00
{ (3, -30) (19, -8) (6, 0) } trig:207.00
{ (-17, -15) (15, -13) (0, -1) } trig:207.00
{ (27, 7) (-1, 20) (18, 26) } trig:207.50
{ (-2, -12) (-26, -4) (26, -4) } trig:208.00
{ (-11, -26) (-12, -15) (23, 16) } trig:208.00
{ (19, 13) (-11, -24) (2, -22) } trig:210.50
{ (-29, -11) (-15, -21) (2, -3) } trig:211.00
{ (5, 1) (-15, -5) (29, -13) } trig:212.00
{ (-17, -11) (1, -8) (-10, 14) } trig:214.50
{ (23, -9) (-25, -28) (23, 0) } trig:216.00
{ (-7, 0) (7, -15) (19, 3) } trig:216.00
{ (-17, -15) (-1, -2) (25, -8) } trig:217.00
{ (-23, -31) (12, -17) (11, -5) } trig:217.00
{ (-30, 20) (30, 18) (-7, 12) } trig:217.00
{ (-18, 21) (19, -18) (-3, 17) } trig:218.50
{ (-14, 9) (27, 7) (-7, -2) } trig:218.50
{ (-3, 6) (21, 5) (-21, 25) } trig:219.00
{ (8, 13) (0, 0) (-30, 6) } trig:219.00
{ (-6, 30) (14, 16) (7, -1) } trig:219.00
{ (30, -24) (3, -27) (19, -9) } trig:219.00
{ (-26, -20) (-13, 1) (3, -7) } trig:220.00
{ (-3, 6) (-23, 12) (24, 20) } trig:221.00
{ (-16, -31) (20, 29) (0, 8) } trig:222.00
{ (-25, 22) (-20, 30) (17, 0) } trig:223.00
{ (20, 14) (-6, -20) (16, 26) } trig:224.00
{ (11, 29) (0, -13) (18, 15) } trig:224.00
{ (29, 12) (-21, -12) (4, -9) } trig:225.00
{ (1, -5) (-12, 5) (20, 15) } trig:225.00
{ (-21, 31) (17, -12) (-28, 27) } trig:226.50
{ (19, 20) (9, -8) (1, 15) } trig:227.00
{ (-24, -16) (-4, 10) (-10, 25) } trig:228.00
{ (17, 23) (30, -12) (1, 31) } trig:228.00
{ (-13, -11) (-1, 26) (0, -9) } trig:228.50
{ (3, 27) (8, -13) (-5, -2) } trig:232.50
{ (-31, -31) (19, -13) (-18, -17) } trig:233.00
{ (-23, -7) (20, 29) (-22, -17) } trig:233.00
{ (-10, 0) (10, 7) (-31, 16) } trig:233.50
{ (-25, 19) (-19, 9) (29, 7) } trig:234.00
{ (-25, -22) (-31, 31) (-21, 21) } trig:235.00
{ (-24, 21) (-5, 3) (-10, -17) } trig:235.00
{ (-19, -21) (-23, 20) (-30, -26) } trig:235.50
{ (8, -25) (7, 5) (-9, 14) } trig:235.50
{ (-27, 16) (19, 22) (-6, 29) } trig:236.00
{ (8, 11) (18, -1) (-8, -17) } trig:236.00
{ (1, -16) (9, -29) (30, -4) } trig:236.50
{ (7, 5) (-11, 13) (-5, -16) } trig:237.00
{ (17, 5) (28, 25) (7, 30) } trig:237.50
{ (12, -18) (-12, 23) (-23, 22) } trig:237.50
{ (-19, -22) (5, -18) (-6, 0) } trig:238.00
{ (28, 4) (28, -5) (-25, 8) } trig:238.50
{ (-1, 20) (24, 28) (-10, -2) } trig:239.00
{ (19, 25) (-10, -16) (13, 0) } trig:239.50
{ (-14, 31) (1, 24) (-16, 0) } trig:239.50
{ (-16, 0) (-20, 27) (-31, -19) } trig:240.50
{ (5, 10) (7, -23) (22, -29) } trig:241.50
{ (14, -1) (-25, -23) (31, 21) } trig:242.00
{ (0, 4) (-30, 6) (-19, -11) } trig:244.00
{ (-8, -25) (31, 31) (7, -16) } trig:244.50
{ (-17, -12) (0, 9) (-8, 28) } trig:245.50
{ (20, -21) (5, -26) (-31, -5) } trig:247.50
{ (7, -8) (20, -11) (29, 25) } trig:247.50
{ (21, 0) (0, -6) (-5, -31) } trig:247.50
{ (30, 16) (-29, 12) (9, 23) } trig:248.50
{ (-28, -6) (11, -13) (1, -24) } trig:249.50
{ (15, 23) (7, -7) (27, 5) } trig:252.00
{ (-8, 11) (16, 11) (-30, -10) } trig:252.00
{ (-30, 23) (-5, -8) (13, -10) } trig:254.00
{ (-8, 26) (13, 2) (18, -28) } trig:255.00
{ (30, -7) (5, -25) (21, 7) } trig:256.00
{ (-30, 29) (-10, -8) (-1, 1) } trig:256.50
{ (22, 25) (4, -2) (-17, -5) } trig:256.50
{ (-6, -5) (14, -12) (-31, -22) } trig:257.50
{ (-7, -10) (11, -7) (25, 24) } trig:258.00
{ (1, -18) (0, 4) (-24, 15) } trig:258.50
{ (-1, 13) (-25, 0) (13, -1) } trig:259.00
{ (-22, -24) (3, 20) (-23, -5) } trig:259.50
{ (1, 0) (-24, -6) (21, -16) } trig:260.00
{ (3, -2) (-29, -16) (-1, -20) } trig:260.00
{ (-3, -30) (-2, -9) (-27, -14) } trig:260.00
{ (-18, 13) (-7, -1) (20, 12) } trig:260.50
{ (17, -16) (27, 13) (0, -13) } trig:261.50
{ (24, -19) (-4, 26) (12, 19) } trig:262.00
{ (-8, -6) (19, 0) (30, 22) } trig:264.00
{ (-17, 20) (-1, 4) (-28, -2) } trig:264.00
{ (-27, 3) (29, 18) (27, 8) } trig:265.00
{ (10, 18) (-25, -25) (24, 20) } trig:266.00
{ (-2, -15) (17, -3) (-2, 13) } trig:266.00
{ (1, 0) (29, 20) (22, -4) } trig:266.00
{ (9, -22) (24, -21) (1, 13) } trig:266.50
{ (1, -13) (28, -31) (10, 1) } trig:270.00
{ (21, 16) (23, 29) (-27, -26) } trig:270.00
{ (8, -31) (-30, -14) (-7, -10) } trig:271.50
{ (1, -1) (-10, -31) (-19, -6) } trig:272.50
{ (-27, -4) (27, -21) (-21, -16) } trig:273.00
{ (11, -29) (19, 4) (1, -2) } trig:273.00
{ (-12, 21) (10, -17) (-31, 29) } trig:273.00
{ (14, -24) (-11, -17) (17, -3) } trig:273.00
{ (18, -5) (30, 29) (4, 1) } trig:274.00
{ (31, -28) (-16, 23) (-8, 26) } trig:274.50
{ (-8, -27) (9, -26) (-30, 4) } trig:274.50
{ (19, 16) (3, 19) (-31, -9) } trig:275.00
{ (-26, -4) (-11, -25) (-9, 9) } trig:276.00
{ (-16, -15) (11, -5) (-1, -30) } trig:277.50
{ (12, 15) (-15, 24) (16, -7) } trig:279.00
{ (-4, -23) (16, 1) (21, -21) } trig:280.00
{ (4, 3) (2, -24) (-16, 14) } trig:281.00
{ (6, 18) (16, 2) (-21, 5) } trig:281.00
{ (-14, -21) (2, 17) (-25, -12) } trig:281.00
{ (29, -13) (-9, 29) (-18, 24) } trig:284.00
{ (17, -4) (-2, 27) (14, -29) } trig:284.00
{ (-24, 18) (28, 0) (-18, 5) } trig:284.00
{ (13, 20) (22, -27) (8, -17) } trig:284.00
{ (-4, 28) (-4, -10) (-19, -27) } trig:285.00
{ (10, 10) (29, -9) (-6, -4) } trig:285.00
{ (4, 17) (-29, 8) (-19, 28) } trig:285.00
{ (5, 23) (28, -19) (-1, 9) } trig:287.00
{ (28, 15) (-13, 14) (-10, 0) } trig:288.50
{ (30, 25) (-2, -10) (20, -4) } trig:289.00
{ (-3, 13) (28, -23) (11, -22) } trig:290.50
{ (31, 6) (-6, 20) (-8, 5) } trig:291.50
{ (20, 28) (5, -26) (22, -4) } trig:294.00
{ (-17, -29) (14, -27) (-17, -10) } trig:294.50
{ (28, 16) (6, 6) (2, 31) } trig:295.00
{ (-26, 0) (-7, 31) (1, 13) } trig:295.00
{ (8, 1) (-26, -28) (-30, -14) } trig:296.00
{ (-6, -26) (14, 16) (-13, -11) } trig:297.00
{ (22, 30) (-11, -30) (22, 12) } trig:297.00
{ (-12, -24) (-12, 9) (-30, -16) } trig:297.00
{ (30, -10) (5, 2) (-7, -16) } trig:297.00
{ (3, 20) (15, -17) (1, -24) } trig:301.00
{ (10, 21) (28, 19) (15, -13) } trig:301.00
{ (-24, -15) (-8, 24) (-21, 30) } trig:301.50
{ (30, 23) (10, -13) (19, -27) } trig:302.00
{ (-14, 2) (22, -28) (-3, -24) } trig:303.00
{ (-11, -16) (14, 22) (-23, -10) } trig:303.00
{ (-28, 9) (0, -24) (-21, -21) } trig:304.50
{ (0, -6) (4, 29) (18, -2) } trig:307.00
{ (3, -26) (-30, 12) (-26, 26) } trig:307.00
{ (-10, 20) (10, 6) (-31, 4) } trig:307.00
{ (7, -14) (-6, 16) (11, 24) } trig:307.00
{ (23, 8) (4, 0) (12, -29) } trig:307.50
{ (0, -1) (-10, -24) (29, 4) } trig:308.50
{ (30, -19) (26, -6) (-15, -27) } trig:308.50
{ (7, -7) (-28, 15) (-2, -19) } trig:309.00
{ (-23, -22) (-29, 9) (-5, -12) } trig:309.00
{ (-18, 16) (1, -10) (30, -17) } trig:310.50
{ (-20, -27) (4, -21) (-12, 1) } trig:312.00
{ (22, 0) (28, 25) (4, 29) } trig:312.00
{ (2, 19) (30, 24) (-7, -5) } trig:313.50
{ (13, 0) (-3, -14) (-1, 27) } trig:314.00
{ (-4, -1) (9, 20) (21, -9) } trig:314.50
{ (20, 10) (-7, 7) (-4, -16) } trig:315.00
{ (1, 7) (-23, 29) (10, 25) } trig:315.00
{ (-22, -17) (30, 4) (-5, 2) } trig:315.50
{ (-14, -19) (18, 21) (1, -20) } trig:316.00
{ (-4, -22) (17, 23) (-19, -24) } trig:316.50
{ (-29, -3) (4, 13) (-13, 24) } trig:317.50
{ (-25, -7) (17, 5) (20, 21) } trig:318.00
{ (-17, 2) (-16, 26) (10, 12) } trig:319.00
{ (-11, -24) (27, 9) (-20, -15) } trig:319.50
{ (28, -13) (-3, 22) (7, -10) } trig:321.00
{ (26, -23) (26, 15) (9, 0) } trig:323.00
{ (8, -27) (-11, -27) (29, 7) } trig:323.00
{ (31, -7) (5, -4) (-13, 23) } trig:324.00
{ (-31, -19) (-20, 0) (17, 5) } trig:324.00
{ (-12, 27) (23, 0) (21, -17) } trig:324.50
{ (11, 1) (-23, -15) (-10, -28) } trig:325.00
{ (0, -8) (-14, 8) (10, 27) } trig:325.00
{ (24, 9) (9, -28) (4, 3) } trig:325.00
{ (10, 30) (-21, 3) (-21, 24) } trig:325.50
{ (22, -22) (9, -26) (21, 28) } trig:327.00
{ (0, 21) (-11, -2) (20, 3) } trig:329.00
{ (0, 25) (15, -16) (-8, 3) } trig:329.00
{ (-19, 27) (-31, -15) (-11, 0) } trig:330.00
{ (8, 4) (-9, 26) (-29, 13) } trig:330.50
{ (12, -1) (22, -29) (-12, 0) } trig:331.00
{ (21, -31) (-12, 17) (-3, 24) } trig:331.50
{ (-1, 9) (-26, 20) (-9, -14) } trig:331.50
{ (-6, -25) (3, 18) (-12, 20) } trig:331.50
{ (-16, 9) (-4, -26) (15, -26) } trig:332.50
{ (-23, 3) (0, 25) (24, 19) } trig:333.00
{ (-17, -18) (8, 15) (-16, 10) } trig:333.50
{ (17, 3) (29, -5) (-23, -26) } trig:334.00
{ (26, 0) (12, 18) (-2, -12) } trig:336.00
{ (25, 28) (-26, -12) (24, 14) } trig:337.00
{ (28, 3) (-30, -14) (-22, 0) } trig:338.00
{ (-4, -28) (-29, 7) (-27, -23) } trig:340.00
{ (-24, 6) (16, 0) (23, 16) } trig:341.00
{ (27, -10) (24, 16) (-2, 14) } trig:341.00
{ (19, 15) (22, -30) (3, 27) } trig:342.00
{ (0, 18) (-20, -25) (-15, 20) } trig:342.50
{ (-10, 10) (5, -24) (20, -12) } trig:345.00
{ (22, 9) (-13, 5) (7, 27) } trig:345.00
{ (-24, 0) (25, -6) (8, -18) } trig:345.00
{ (-30, 26) (10, 25) (-1, 8) } trig:345.50
{ (0, -21) (16, -20) (26, 24) } trig:347.00
{ (13, -1) (-13, 0) (-10, -27) } trig:349.50
{ (2, 31) (27, -7) (27, 21) } trig:350.00
{ (-24, 15) (-6, 15) (-3, -24) } trig:351.00
{ (-3, -23) (24, 19) (-23, -28) } trig:352.50
{ (-1, -30) (14, 18) (30, 22) } trig:354.00
{ (-2, 30) (23, -29) (13, 23) } trig:355.00
{ (18, 10) (-7, -25) (-18, -12) } trig:355.00
{ (1, 24) (-3, -10) (18, -10) } trig:357.00
{ (6, 30) (25, -18) (28, 12) } trig:357.00
{ (-8, -8) (14, 3) (5, 31) } trig:357.50
{ (27, -9) (4, -4) (-14, 31) } trig:357.50
{ (-20, 31) (21, -5) (-8, 3) } trig:358.00
{ (-16, -31) (-28, -7) (6, -15) } trig:360.00
{ (4, 14) (-16, -2) (-31, 22) } trig:360.00
{ (20, -12) (-16, -4) (-7, -26) } trig:360.00
{ (10, 13) (-10, -19) (-7, 22) } trig:362.00
{ (-17, -17) (-4, 17) (15, 11) } trig:362.00
{ (-19, -23) (-10, 19) (2, -6) } trig:364.50
{ (-16, 12) (-21, -22) (2, -12) } trig:366.00
{ (-16, -6) (-3, 31) (-5, -31) } trig:366.00
{ (-17, -14) (1, 19) (2, -20) } trig:367.50
{ (-30, 4) (17, -5) (-23, -13) } trig:368.00
{ (27, -19) (-10, -22) (3, -1) } trig:369.00
{ (12, -25) (25, -14) (-15, 9) } trig:369.50
{ (-22, -11) (-4, -3) (30, -29) } trig:370.00
{ (4, 30) (-15, 15) (12, -3) } trig:373.50
{ (23, -18) (-2, -10) (-18, 25) } trig:373.50
{ (3, 27) (15, 0) (-26, 30) } trig:373.50
{ (-2, -15) (29, -3) (19, -31) } trig:374.00
{ (-23, 31) (3, 14) (11, -20) } trig:374.00
{ (12, -14) (-18, 16) (-6, -21) } trig:375.00
{ (26, -5) (-29, 10) (-12, 19) } trig:375.00
{ (-5, -8) (13, 25) (-7, 30) } trig:375.00
{ (-2, 14) (19, 9) (-1, -22) } trig:375.50
{ (20, -10) (8, 16) (-20, 14) } trig:376.00
{ (-5, 15) (-18, -19) (-31, 5) } trig:377.00
{ (-25, 21) (-12, -25) (1, -13) } trig:377.00
{ (-14, 19) (3, -2) (22, 19) } trig:378.00
{ (11, 7) (-22, -16) (-12, 14) } trig:380.00
{ (-6, 7) (-28, -19) (-3, -24) } trig:380.00
{ (15, 16) (-16, 15) (3, -9) } trig:381.50
{ (8, 27) (-16, -10) (8, -5) } trig:384.00
{ (-9, -29) (-3, 7) (16, -7) } trig:384.00
{ (-20, -7) (3, -16) (-6, 21) } trig:385.00
{ (-18, 27) (2, -1) (24, 7) } trig:388.00
{ (-31, 26) (-9, 14) (-28, -11) } trig:389.00
{ (6, 8) (17, -16) (-15, -17) } trig:389.50
{ (3, 7) (-13, 24) (-8, -30) } trig:389.50
{ (31, 0) (8, 30) (28, -30) } trig:390.00
{ (-24, -21) (31, 5) (6, -21) } trig:390.00
{ (-3, -12) (-26, 3) (-29, -29) } trig:390.50
{ (-25, -26) (10, -10) (-11, 3) } trig:395.50
{ (23, -8) (14, 10) (-29, 8) } trig:396.00
{ (-22, 2) (20, -27) (-3, -30) } trig:396.50
{ (-27, 25) (-11, -4) (18, -7) } trig:396.50
{ (18, 23) (26, -28) (4, 13) } trig:397.00
{ (-21, 15) (22, -27) (5, -29) } trig:400.00
{ (-17, -8) (12, -4) (-7, 21) } trig:400.50
{ (21, 5) (-11, 19) (0, -11) } trig:403.00
{ (10, -30) (-22, 11) (-30, -4) } trig:404.00
{ (31, 27) (-14, -31) (0, 5) } trig:404.00
{ (26, -4) (-28, -28) (-1, -31) } trig:405.00
{ (-30, -3) (-9, -31) (-10, 9) } trig:406.00
{ (10, -13) (-18, 23) (-15, -10) } trig:408.00
{ (26, -31) (9, -9) (30, 12) } trig:409.50
{ (-25, 4) (22, -24) (18, -4) } trig:414.00
{ (-11, -10) (6, 26) (-19, 22) } trig:416.00
{ (-2, 8) (24, 1) (-21, -19) } trig:417.50
{ (-6, 12) (-22, -16) (25, 14) } trig:418.00
{ (2, -8) (7, 25) (25, -24) } trig:419.50
{ (-21, 27) (-8, 11) (-29, -28) } trig:421.50
{ (8, 2) (-12, -26) (16, -29) } trig:422.00
{ (-31, -3) (9, -7) (0, 15) } trig:422.00
{ (25, 3) (11, -29) (-1, 4) } trig:423.00
{ (26, -4) (-3, 3) (17, -31) } trig:423.00
{ (-5, -28) (6, 27) (-18, -16) } trig:423.50
{ (-17, 10) (-5, -28) (18, -30) } trig:425.00
{ (31, -29) (26, 27) (16, -31) } trig:425.00
{ (16, 2) (-12, -29) (11, 27) } trig:427.50
{ (8, -30) (-12, 27) (-20, 7) } trig:428.00
{ (-2, 6) (-28, -31) (31, 20) } trig:428.50
{ (-25, 16) (14, -23) (-7, 20) } trig:429.00
{ (-10, -25) (-18, 27) (-1, 24) } trig:430.00
{ (-31, -24) (-31, 4) (0, 10) } trig:434.00
{ (-20, -13) (-4, 24) (10, 2) } trig:435.00
{ (25, 31) (-13, 4) (8, -4) } trig:435.50
{ (30, -13) (-16, 18) (27, 8) } trig:436.50
{ (13, 30) (-10, 21) (3, -12) } trig:438.00
{ (-9, 29) (0, -11) (-26, 7) } trig:439.00
{ (-25, -18) (12, -25) (0, 1) } trig:439.00
{ (7, 28) (-29, -6) (17, 13) } trig:440.00
{ (25, 25) (1, 17) (3, -19) } trig:440.00
{ (-26, 24) (26, -21) (11, -25) } trig:441.50
{ (-19, -8) (3, 15) (-26, 25) } trig:443.50
{ (20, -11) (-24, 13) (24, 7) } trig:444.00
{ (-13, 27) (2, -16) (-24, -1) } trig:446.50
{ (8, 20) (-14, 3) (31, -3) } trig:448.50
{ (-7, -27) (-22, 2) (8, 4) } trig:450.00
{ (27, -8) (25, 13) (-17, 3) } trig:451.00
{ (9, -3) (-4, 24) (30, 23) } trig:452.50
{ (0, 17) (16, -24) (19, 25) } trig:453.50
{ (-25, -14) (-3, 17) (-7, -30) } trig:455.00
{ (18, 25) (-31, -16) (-9, 21) } trig:455.50
{ (19, -6) (1, 24) (-3, -20) } trig:456.00
{ (1, 6) (23, 15) (22, -27) } trig:457.50
{ (12, -7) (-22, 27) (-24, 2) } trig:459.00
{ (20, 24) (-14, -8) (0, -22) } trig:462.00
{ (-6, 0) (-12, 24) (28, 18) } trig:462.00
{ (30, -12) (18, -23) (-18, 21) } trig:462.00
{ (28, -31) (0, -30) (1, 3) } trig:462.50
{ (-11, 19) (7, 12) (-30, -25) } trig:462.50
{ (28, -22) (-21, 2) (-17, 19) } trig:464.50
{ (-27, 27) (14, 1) (16, -23) } trig:466.00
{ (29, -25) (7, -27) (13, 16) } trig:467.00
{ (31, -3) (-26, -2) (2, 14) } trig:470.00
{ (25, -26) (-12, -29) (19, -1) } trig:471.50
{ (2, 9) (-28, 24) (23, 30) } trig:472.50
{ (29, 17) (-8, -23) (-15, -5) } trig:473.00
{ (5, -29) (-1, 17) (-21, 12) } trig:475.00
{ (22, 25) (-13, 30) (-7, 2) } trig:475.00
{ (12, 25) (20, 1) (-10, -28) } trig:476.00
{ (-31, 22) (0, -9) (22, 0) } trig:480.50
{ (-29, 14) (12, -11) (-2, 21) } trig:481.00
{ (9, -28) (7, 30) (-8, -18) } trig:483.00
{ (-9, -27) (8, 17) (-11, 25) } trig:486.00
{ (1, -12) (28, -26) (17, 16) } trig:490.00
{ (-31, 28) (9, 1) (2, -19) } trig:494.50
{ (-30, -19) (0, 28) (23, 31) } trig:495.50
{ (23, 22) (26, -16) (1, -30) } trig:496.00
{ (14, -29) (16, 0) (-19, -10) } trig:497.50
{ (-18, -20) (-25, 26) (5, -29) } trig:497.50
{ (2, -30) (-7, -3) (23, 19) } trig:504.00
{ (-11, -22) (-23, 13) (0, 30) } trig:504.50
{ (14, 23) (18, -8) (-12, -28) } trig:505.00
{ (14, -24) (-17, 6) (-6, 28) } trig:506.00
{ (-2, -10) (-19, 26) (11, 22) } trig:506.00
{ (-22, 14) (2, -23) (-28, -19) } trig:507.00
{ (10, 19) (-14, -23) (-25, 0) } trig:507.00
{ (25, 26) (-1, 25) (-22, -15) } trig:509.50
{ (6, -31) (-7, 17) (-25, 5) } trig:510.00
{ (0, 14) (-27, 9) (-21, -28) } trig:514.50
{ (27, -7) (-30, 14) (-6, -13) } trig:517.50
{ (-25, -1) (-4, -17) (3, 27) } trig:518.00
{ (-20, 11) (17, 0) (10, -26) } trig:519.50
{ (-10, -1) (30, -11) (6, -31) } trig:520.00
{ (26, 10) (-13, -10) (-26, 10) } trig:520.00
{ (19, -26) (-20, 9) (1, 17) } trig:523.50
{ (-28, -6) (14, 13) (-8, 28) } trig:524.00
{ (-15, 15) (0, -14) (-30, -26) } trig:525.00
{ (-4, 18) (-1, -17) (30, -28) } trig:526.00
{ (14, -22) (25, -3) (-24, 8) } trig:526.00
{ (-26, -28) (1, -28) (1, 11) } trig:526.50
{ (27, 18) (13, 29) (-14, -25) } trig:526.50
{ (18, 21) (-16, 26) (-23, -4) } trig:527.50
{ (-23, 29) (-17, -14) (3, 19) } trig:529.00
{ (-22, 17) (10, -23) (27, -11) } trig:532.00
{ (-13, 22) (0, -30) (6, 28) } trig:533.00
{ (26, 23) (-30, -17) (-13, -24) } trig:536.00
{ (13, 17) (10, -7) (-31, 23) } trig:537.00
{ (20, 21) (28, -28) (1, 3) } trig:537.50
{ (-27, -4) (16, -6) (18, 19) } trig:539.50
{ (-19, -6) (30, 4) (20, 24) } trig:540.00
{ (31, 12) (2, -3) (28, -27) } trig:543.00
{ (-31, -31) (11, -26) (-5, -2) } trig:544.00
{ (26, 22) (-18, 7) (11, -8) } trig:547.50
{ (16, 26) (-25, 20) (22, 0) } trig:551.00
{ (-10, -27) (-9, 30) (-29, -4) } trig:553.00
{ (-22, 2) (18, -19) (-12, -31) } trig:555.00
{ (-16, -31) (10, 22) (-9, 26) } trig:555.50
{ (0, -29) (-24, -25) (27, 13) } trig:558.00
{ (25, 12) (-6, -18) (-5, 19) } trig:558.50
{ (-16, 0) (9, 21) (11, -22) } trig:558.50
{ (15, -2) (-11, 27) (24, 31) } trig:559.50
{ (-18, 26) (20, 20) (-2, -6) } trig:560.00
{ (3, -27) (9, 28) (-13, 13) } trig:560.00
{ (17, 8) (-14, -28) (26, -18) } trig:565.00
{ (0, -21) (-3, 15) (31, -15) } trig:567.00
{ (-4, 19) (3, -20) (-25, -26) } trig:567.00
{ (-12, 30) (11, 18) (-30, -10) } trig:568.00
{ (-9, 22) (7, -9) (-30, -9) } trig:573.50
{ (-3, 17) (-19, -13) (15, -21) } trig:574.00
{ (-14, 29) (-19, 4) (27, 4) } trig:575.00
{ (-3, 27) (16, 0) (-7, -28) } trig:576.50
{ (31, -24) (-19, 21) (-28, 6) } trig:577.50
{ (-22, 8) (-28, -13) (24, -26) } trig:585.00
{ (19, 0) (31, -30) (-18, -5) } trig:585.00
{ (-17, -9) (16, 16) (-23, 22) } trig:586.50
{ (28, -7) (-21, 8) (-5, -21) } trig:590.50
{ (19, 27) (-2, -9) (23, -23) } trig:597.00
{ (7, 14) (8, -26) (-22, -24) } trig:599.00
{ (15, 1) (25, -29) (-30, 16) } trig:600.00
{ (-31, 15) (17, -30) (-16, 26) } trig:601.50
{ (-1, 21) (-8, -31) (22, 18) } trig:608.50
{ (-28, -18) (6, -26) (-3, 12) } trig:610.00
{ (16, -23) (15, 10) (-22, 4) } trig:613.50
{ (25, 22) (29, -2) (-22, -3) } trig:614.00
{ (29, -21) (13, 23) (-3, -10) } trig:616.00
{ (14, -11) (-20, -17) (0, 23) } trig:620.00
{ (-13, -4) (17, -25) (-1, 29) } trig:621.00
{ (17, 26) (-1, -12) (27, -22) } trig:622.00
{ (-28, -28) (-27, 9) (6, -19) } trig:624.50
{ (11, -20) (2, 18) (-21, -24) } trig:626.00
{ (27, 1) (-7, 16) (-16, -17) } trig:628.50
{ (-28, -3) (-28, 27) (14, 29) } trig:630.00
{ (30, -15) (9, 6) (-14, -31) } trig:630.00
{ (30, 8) (-27, 31) (28, 31) } trig:632.50
{ (31, -12) (-5, 3) (27, 25) } trig:636.00
{ (-14, 4) (28, 27) (-8, -23) } trig:636.00
{ (31, 19) (2, -6) (-6, 31) } trig:636.50
{ (29, 28) (4, 25) (-28, -30) } trig:639.50
{ (7, -18) (18, 23) (-24, -17) } trig:641.00
{ (-25, -17) (14, -12) (22, 22) } trig:643.00
{ (27, -24) (-2, 18) (-4, -24) } trig:651.00
{ (-7, 13) (29, 23) (19, -16) } trig:652.00
{ (14, -18) (-12, 15) (31, 11) } trig:657.50
{ (-26, -22) (-25, 21) (5, -12) } trig:661.50
{ (-19, -24) (30, -17) (-6, 5) } trig:665.00
{ (-3, 23) (-27, 6) (9, -24) } trig:666.00
{ (-16, 16) (-25, -17) (19, -4) } trig:667.50
{ (4, -25) (-10, 10) (23, 23) } trig:668.50
{ (25, 19) (21, -8) (-30, -14) } trig:676.50
{ (6, 30) (-27, -16) (4, -14) } trig:680.00
{ (9, 27) (6, -9) (-30, 14) } trig:682.50
{ (-26, -14) (22, 18) (-1, -26) } trig:688.00
{ (25, -25) (-22, -12) (-17, 16) } trig:690.50
{ (29, 28) (-4, 2) (19, -22) } trig:695.00
{ (-22, 20) (-22, -9) (26, 21) } trig:696.00
{ (31, -19) (-9, -23) (31, 16) } trig:700.00
{ (23, -30) (8, 26) (-12, 7) } trig:702.50
{ (-7, -31) (27, -20) (25, 21) } trig:708.00
{ (-21, -19) (7, -28) (25, 17) } trig:711.00
{ (5, 1) (-23, 25) (-31, -19) } trig:712.00
{ (7, 21) (-23, 30) (-18, -19) } trig:712.50
{ (-25, 28) (4, -3) (-20, -27) } trig:720.00
{ (-11, -14) (-20, 14) (26, 31) } trig:720.50
{ (-31, 25) (22, -14) (6, 25) } trig:721.50
{ (-26, -21) (20, 30) (-30, 6) } trig:723.00
{ (16, 0) (-29, 12) (-22, -22) } trig:723.00
{ (31, 15) (-26, 16) (1, -10) } trig:727.50
{ (2, 27) (30, 0) (5, -28) } trig:729.50
{ (14, 28) (-17, 11) (-4, -29) } trig:730.50
{ (29, -15) (-8, 28) (-18, 0) } trig:733.00
{ (12, 4) (-26, -19) (-27, 19) } trig:733.50
{ (-11, -10) (-29, 23) (27, 2) } trig:735.00
{ (-12, 31) (29, -29) (-1, -21) } trig:736.00
{ (13, 14) (15, -30) (-19, -22) } trig:740.00
{ (16, -20) (16, 17) (-24, -28) } trig:740.00
{ (-16, 17) (23, 29) (-6, -18) } trig:742.50
{ (1, -24) (-1, 27) (-28, -28) } trig:743.50
{ (24, 25) (22, -17) (-12, 14) } trig:745.00
{ (-22, 29) (-29, -27) (4, 22) } trig:752.50
{ (20, -9) (-23, -9) (22, 26) } trig:752.50
{ (-30, -29) (23, -10) (30, 21) } trig:755.00
{ (24, 14) (20, -22) (-22, -22) } trig:756.00
{ (-19, -26) (23, 22) (-21, 8) } trig:762.00
{ (-22, 20) (-8, -26) (8, 31) } trig:767.00
{ (-26, -15) (-26, 14) (27, -7) } trig:768.50
{ (-15, 31) (23, -9) (-27, 3) } trig:772.00
{ (-16, 25) (-15, -9) (30, 11) } trig:775.00
{ (-20, -13) (21, -15) (19, 23) } trig:777.00
{ (19, 8) (-18, 25) (-21, -16) } trig:784.00
{ (-16, 10) (19, 21) (9, -27) } trig:785.00
{ (-24, 28) (11, 16) (5, -27) } trig:788.50
{ (-24, 28) (24, -24) (-14, -16) } trig:796.00
{ (5, -25) (-28, 16) (-30, -30) } trig:800.00
{ (-31, 31) (30, 10) (17, -12) } trig:807.50
{ (28, 23) (25, -31) (-4, -13) } trig:810.00
{ (27, 4) (-24, 8) (17, -27) } trig:810.50
{ (1, 28) (-27, -15) (20, -1) } trig:814.50
{ (19, 29) (-12, 12) (22, -22) } trig:816.00
{ (-13, -2) (28, -27) (25, 15) } trig:823.50
{ (-28, -2) (20, 24) (17, -12) } trig:825.00
{ (12, -27) (-22, -6) (7, 25) } trig:831.50
{ (23, 5) (0, 22) (-27, -31) } trig:839.00
{ (-19, -19) (29, 12) (-4, 26) } trig:847.50
{ (15, 28) (-17, -15) (24, -13) } trig:849.50
{ (10, 20) (-28, -19) (9, -26) } trig:854.50
{ (-25, 5) (-4, -31) (22, 6) } trig:856.50
{ (-10, -1) (-31, 27) (31, 26) } trig:857.50
{ (27, 6) (-29, 23) (-28, -8) } trig:859.50
{ (-16, -14) (14, 25) (15, -31) } trig:859.50
{ (16, -10) (-21, 21) (-18, -28) } trig:860.00
{ (-31, 10) (-3, -12) (21, 31) } trig:866.00
{ (21, 30) (28, -20) (-7, -19) } trig:871.50
{ (-17, 31) (-30, -11) (23, 25) } trig:879.00
{ (3, 31) (-31, -23) (19, 4) } trig:891.00
{ (-31, 28) (16, -27) (22, 4) } trig:893.50
{ (9, -26) (-11, 19) (-30, -28) } trig:897.50
{ (-31, 22) (-14, -22) (19, 0) } trig:913.00
{ (-25, -31) (25, 6) (8, 30) } trig:914.50
{ (31, -7) (-12, -27) (6, 24) } trig:916.50
{ (23, 26) (-27, -12) (7, -23) } trig:921.00
{ (27, 22) (19, -12) (-28, 24) } trig:943.00
{ (-19, 18) (-17, -28) (22, 24) } trig:949.00
{ (2, 19) (-27, -20) (16, -28) } trig:954.50
{ (22, 14) (31, -28) (-24, 16) } trig:957.00
{ (-18, 31) (23, 8) (-7, -22) } trig:960.00
{ (23, 19) (15, -27) (-26, -21) } trig:967.00
{ (-22, -8) (10, -29) (26, 21) } trig:968.00
{ (-31, 5) (28, 12) (19, -22) } trig:971.50
{ (-28, -7) (-5, -30) (26, 24) } trig:977.50
{ (12, -19) (27, 10) (-31, 31) } trig:998.50
{ (16, 29) (27, -1) (-31, -26) } trig:1007.50
{ (23, 0) (9, 31) (-28, -31) } trig:1007.50
{ (-19, -11) (-29, 29) (21, 31) } trig:1010.00
{ (28, 8) (4, -28) (-13, 31) } trig:1014.00
{ (25, -26) (27, 23) (-15, 10) } trig:1016.00
{ (20, 19) (15, -26) (-25, 23) } trig:1022.50
{ (-28, -25) (-17, 27) (13, -21) } trig:1044.00
{ (-13, -31) (-26, 21) (25, -22) } trig:1046.50
{ (-27, 4) (4, -26) (17, 29) } trig:1047.50
{ (-26, 29) (29, 10) (8, -21) } trig:1052.00
{ (24, -15) (-24, -17) (-7, 28) } trig:1063.00
{ (-29, 14) (28, -23) (6, 29) } trig:1075.00
{ (-29, 23) (30, 3) (19, -30) } trig:1083.50
{ (26, -29) (-29, -8) (9, 17) } trig:1086.50
{ (-24, 28) (-9, -25) (18, 25) } trig:1090.50
{ (31, 11) (-21, 12) (9, -31) } trig:1103.00
{ (25, 8) (-30, 17) (-27, -24) } trig:1114.00
{ (-28, -27) (13, 28) (29, -6) } trig:1137.00
{ (30, -24) (13, 29) (-11, -30) } trig:1137.50
{ (18, -30) (22, 20) (-25, 8) } trig:1151.00
{ (-22, 22) (26, 7) (-22, -26) } trig:1152.00
{ (-14, 23) (25, -9) (-25, -28) } trig:1170.50
{ (-30, 29) (-3, -29) (10, 31) } trig:1187.00
{ (31, -7) (-27, -27) (-2, 23) } trig:1200.00
{ (27, 5) (-30, -17) (-21, 30) } trig:1240.50
{ (3, 31) (-21, -27) (26, -18) } trig:1255.00
{ (5, 22) (-29, -28) (25, -29) } trig:1367.00
{ (-13, 28) (31, -5) (-22, -31) } trig:1446.50
 n: 1000 disk_ops: 1

end info:
number of phases: 9
disk operations: 63
teoretical values: 
number of phases: 9
disk operations: 36
